{"/app/backend/controllers/AdminController.js": {"path":"/app/backend/controllers/AdminController.js","statementMap":{"0":{"start":{"line":10,"column":19},"end":{"line":62,"column":1}},"1":{"start":{"line":11,"column":2},"end":{"line":61,"column":3}},"2":{"start":{"line":12,"column":32},"end":{"line":12,"column":40}},"3":{"start":{"line":14,"column":4},"end":{"line":16,"column":5}},"4":{"start":{"line":15,"column":6},"end":{"line":15,"column":82}},"5":{"start":{"line":18,"column":18},"end":{"line":18,"column":69}},"6":{"start":{"line":20,"column":4},"end":{"line":22,"column":5}},"7":{"start":{"line":21,"column":6},"end":{"line":21,"column":74}},"8":{"start":{"line":24,"column":28},"end":{"line":24,"column":74}},"9":{"start":{"line":26,"column":4},"end":{"line":29,"column":5}},"10":{"start":{"line":27,"column":6},"end":{"line":27,"column":75}},"11":{"start":{"line":28,"column":6},"end":{"line":28,"column":74}},"12":{"start":{"line":32,"column":4},"end":{"line":32,"column":33}},"13":{"start":{"line":35,"column":18},"end":{"line":43,"column":5}},"14":{"start":{"line":45,"column":4},"end":{"line":45,"column":60}},"15":{"start":{"line":47,"column":4},"end":{"line":57,"column":7}},"16":{"start":{"line":59,"column":4},"end":{"line":59,"column":48}},"17":{"start":{"line":60,"column":4},"end":{"line":60,"column":57}},"18":{"start":{"line":67,"column":21},"end":{"line":88,"column":1}},"19":{"start":{"line":68,"column":2},"end":{"line":87,"column":3}},"20":{"start":{"line":69,"column":19},"end":{"line":69,"column":44}},"21":{"start":{"line":71,"column":4},"end":{"line":83,"column":7}},"22":{"start":{"line":73,"column":35},"end":{"line":82,"column":7}},"23":{"start":{"line":85,"column":4},"end":{"line":85,"column":51}},"24":{"start":{"line":86,"column":4},"end":{"line":86,"column":57}},"25":{"start":{"line":93,"column":20},"end":{"line":139,"column":1}},"26":{"start":{"line":94,"column":2},"end":{"line":138,"column":3}},"27":{"start":{"line":95,"column":57},"end":{"line":95,"column":65}},"28":{"start":{"line":97,"column":4},"end":{"line":99,"column":5}},"29":{"start":{"line":98,"column":6},"end":{"line":98,"column":88}},"30":{"start":{"line":102,"column":26},"end":{"line":102,"column":61}},"31":{"start":{"line":103,"column":4},"end":{"line":105,"column":5}},"32":{"start":{"line":104,"column":6},"end":{"line":104,"column":91}},"33":{"start":{"line":108,"column":27},"end":{"line":108,"column":58}},"34":{"start":{"line":110,"column":22},"end":{"line":117,"column":5}},"35":{"start":{"line":119,"column":18},"end":{"line":119,"column":43}},"36":{"start":{"line":120,"column":4},"end":{"line":120,"column":23}},"37":{"start":{"line":122,"column":4},"end":{"line":122,"column":78}},"38":{"start":{"line":124,"column":4},"end":{"line":134,"column":7}},"39":{"start":{"line":136,"column":4},"end":{"line":136,"column":49}},"40":{"start":{"line":137,"column":4},"end":{"line":137,"column":57}},"41":{"start":{"line":144,"column":20},"end":{"line":186,"column":1}},"42":{"start":{"line":145,"column":2},"end":{"line":185,"column":3}},"43":{"start":{"line":146,"column":24},"end":{"line":146,"column":34}},"44":{"start":{"line":147,"column":57},"end":{"line":147,"column":65}},"45":{"start":{"line":150,"column":4},"end":{"line":152,"column":5}},"46":{"start":{"line":151,"column":6},"end":{"line":151,"column":72}},"47":{"start":{"line":154,"column":23},"end":{"line":154,"column":25}},"48":{"start":{"line":155,"column":4},"end":{"line":155,"column":37}},"49":{"start":{"line":155,"column":14},"end":{"line":155,"column":37}},"50":{"start":{"line":156,"column":4},"end":{"line":156,"column":40}},"51":{"start":{"line":156,"column":15},"end":{"line":156,"column":40}},"52":{"start":{"line":157,"column":4},"end":{"line":157,"column":73}},"53":{"start":{"line":157,"column":50},"end":{"line":157,"column":73}},"54":{"start":{"line":158,"column":4},"end":{"line":158,"column":58}},"55":{"start":{"line":158,"column":21},"end":{"line":158,"column":58}},"56":{"start":{"line":159,"column":4},"end":{"line":159,"column":99}},"57":{"start":{"line":159,"column":68},"end":{"line":159,"column":99}},"58":{"start":{"line":160,"column":4},"end":{"line":160,"column":38}},"59":{"start":{"line":162,"column":18},"end":{"line":162,"column":88}},"60":{"start":{"line":164,"column":4},"end":{"line":166,"column":5}},"61":{"start":{"line":165,"column":6},"end":{"line":165,"column":70}},"62":{"start":{"line":168,"column":4},"end":{"line":168,"column":70}},"63":{"start":{"line":170,"column":4},"end":{"line":181,"column":7}},"64":{"start":{"line":183,"column":4},"end":{"line":183,"column":49}},"65":{"start":{"line":184,"column":4},"end":{"line":184,"column":57}},"66":{"start":{"line":191,"column":20},"end":{"line":213,"column":1}},"67":{"start":{"line":192,"column":2},"end":{"line":212,"column":3}},"68":{"start":{"line":193,"column":24},"end":{"line":193,"column":34}},"69":{"start":{"line":196,"column":4},"end":{"line":198,"column":5}},"70":{"start":{"line":197,"column":6},"end":{"line":197,"column":77}},"71":{"start":{"line":200,"column":18},"end":{"line":200,"column":61}},"72":{"start":{"line":202,"column":4},"end":{"line":204,"column":5}},"73":{"start":{"line":203,"column":6},"end":{"line":203,"column":70}},"74":{"start":{"line":206,"column":4},"end":{"line":206,"column":70}},"75":{"start":{"line":208,"column":4},"end":{"line":208,"column":71}},"76":{"start":{"line":210,"column":4},"end":{"line":210,"column":49}},"77":{"start":{"line":211,"column":4},"end":{"line":211,"column":57}},"78":{"start":{"line":218,"column":19},"end":{"line":237,"column":1}},"79":{"start":{"line":219,"column":2},"end":{"line":236,"column":3}},"80":{"start":{"line":220,"column":18},"end":{"line":220,"column":58}},"81":{"start":{"line":222,"column":4},"end":{"line":232,"column":7}},"82":{"start":{"line":234,"column":4},"end":{"line":234,"column":48}},"83":{"start":{"line":235,"column":4},"end":{"line":235,"column":57}}},"fnMap":{"0":{"name":"(anonymous_0)","decl":{"start":{"line":10,"column":19},"end":{"line":10,"column":20}},"loc":{"start":{"line":10,"column":39},"end":{"line":62,"column":1}},"line":10},"1":{"name":"(anonymous_1)","decl":{"start":{"line":67,"column":21},"end":{"line":67,"column":22}},"loc":{"start":{"line":67,"column":41},"end":{"line":88,"column":1}},"line":67},"2":{"name":"(anonymous_2)","decl":{"start":{"line":73,"column":25},"end":{"line":73,"column":26}},"loc":{"start":{"line":73,"column":35},"end":{"line":82,"column":7}},"line":73},"3":{"name":"(anonymous_3)","decl":{"start":{"line":93,"column":20},"end":{"line":93,"column":21}},"loc":{"start":{"line":93,"column":40},"end":{"line":139,"column":1}},"line":93},"4":{"name":"(anonymous_4)","decl":{"start":{"line":144,"column":20},"end":{"line":144,"column":21}},"loc":{"start":{"line":144,"column":40},"end":{"line":186,"column":1}},"line":144},"5":{"name":"(anonymous_5)","decl":{"start":{"line":191,"column":20},"end":{"line":191,"column":21}},"loc":{"start":{"line":191,"column":40},"end":{"line":213,"column":1}},"line":191},"6":{"name":"(anonymous_6)","decl":{"start":{"line":218,"column":19},"end":{"line":218,"column":20}},"loc":{"start":{"line":218,"column":39},"end":{"line":237,"column":1}},"line":218}},"branchMap":{"0":{"loc":{"start":{"line":14,"column":4},"end":{"line":16,"column":5}},"type":"if","locations":[{"start":{"line":14,"column":4},"end":{"line":16,"column":5}},{"start":{},"end":{}}],"line":14},"1":{"loc":{"start":{"line":14,"column":8},"end":{"line":14,"column":27}},"type":"binary-expr","locations":[{"start":{"line":14,"column":8},"end":{"line":14,"column":14}},{"start":{"line":14,"column":18},"end":{"line":14,"column":27}}],"line":14},"2":{"loc":{"start":{"line":20,"column":4},"end":{"line":22,"column":5}},"type":"if","locations":[{"start":{"line":20,"column":4},"end":{"line":22,"column":5}},{"start":{},"end":{}}],"line":20},"3":{"loc":{"start":{"line":26,"column":4},"end":{"line":29,"column":5}},"type":"if","locations":[{"start":{"line":26,"column":4},"end":{"line":29,"column":5}},{"start":{},"end":{}}],"line":26},"4":{"loc":{"start":{"line":97,"column":4},"end":{"line":99,"column":5}},"type":"if","locations":[{"start":{"line":97,"column":4},"end":{"line":99,"column":5}},{"start":{},"end":{}}],"line":97},"5":{"loc":{"start":{"line":97,"column":8},"end":{"line":97,"column":36}},"type":"binary-expr","locations":[{"start":{"line":97,"column":8},"end":{"line":97,"column":13}},{"start":{"line":97,"column":17},"end":{"line":97,"column":23}},{"start":{"line":97,"column":27},"end":{"line":97,"column":36}}],"line":97},"6":{"loc":{"start":{"line":103,"column":4},"end":{"line":105,"column":5}},"type":"if","locations":[{"start":{"line":103,"column":4},"end":{"line":105,"column":5}},{"start":{},"end":{}}],"line":103},"7":{"loc":{"start":{"line":114,"column":12},"end":{"line":114,"column":27}},"type":"binary-expr","locations":[{"start":{"line":114,"column":12},"end":{"line":114,"column":16}},{"start":{"line":114,"column":20},"end":{"line":114,"column":27}}],"line":114},"8":{"loc":{"start":{"line":115,"column":19},"end":{"line":115,"column":36}},"type":"binary-expr","locations":[{"start":{"line":115,"column":19},"end":{"line":115,"column":30}},{"start":{"line":115,"column":34},"end":{"line":115,"column":36}}],"line":115},"9":{"loc":{"start":{"line":150,"column":4},"end":{"line":152,"column":5}},"type":"if","locations":[{"start":{"line":150,"column":4},"end":{"line":152,"column":5}},{"start":{},"end":{}}],"line":150},"10":{"loc":{"start":{"line":150,"column":8},"end":{"line":150,"column":80}},"type":"binary-expr","locations":[{"start":{"line":150,"column":8},"end":{"line":150,"column":40}},{"start":{"line":150,"column":44},"end":{"line":150,"column":80}}],"line":150},"11":{"loc":{"start":{"line":155,"column":4},"end":{"line":155,"column":37}},"type":"if","locations":[{"start":{"line":155,"column":4},"end":{"line":155,"column":37}},{"start":{},"end":{}}],"line":155},"12":{"loc":{"start":{"line":156,"column":4},"end":{"line":156,"column":40}},"type":"if","locations":[{"start":{"line":156,"column":4},"end":{"line":156,"column":40}},{"start":{},"end":{}}],"line":156},"13":{"loc":{"start":{"line":157,"column":4},"end":{"line":157,"column":73}},"type":"if","locations":[{"start":{"line":157,"column":4},"end":{"line":157,"column":73}},{"start":{},"end":{}}],"line":157},"14":{"loc":{"start":{"line":157,"column":8},"end":{"line":157,"column":48}},"type":"binary-expr","locations":[{"start":{"line":157,"column":8},"end":{"line":157,"column":12}},{"start":{"line":157,"column":16},"end":{"line":157,"column":48}}],"line":157},"15":{"loc":{"start":{"line":158,"column":4},"end":{"line":158,"column":58}},"type":"if","locations":[{"start":{"line":158,"column":4},"end":{"line":158,"column":58}},{"start":{},"end":{}}],"line":158},"16":{"loc":{"start":{"line":159,"column":4},"end":{"line":159,"column":99}},"type":"if","locations":[{"start":{"line":159,"column":4},"end":{"line":159,"column":99}},{"start":{},"end":{}}],"line":159},"17":{"loc":{"start":{"line":159,"column":8},"end":{"line":159,"column":66}},"type":"binary-expr","locations":[{"start":{"line":159,"column":8},"end":{"line":159,"column":30}},{"start":{"line":159,"column":34},"end":{"line":159,"column":66}}],"line":159},"18":{"loc":{"start":{"line":164,"column":4},"end":{"line":166,"column":5}},"type":"if","locations":[{"start":{"line":164,"column":4},"end":{"line":166,"column":5}},{"start":{},"end":{}}],"line":164},"19":{"loc":{"start":{"line":196,"column":4},"end":{"line":198,"column":5}},"type":"if","locations":[{"start":{"line":196,"column":4},"end":{"line":198,"column":5}},{"start":{},"end":{}}],"line":196},"20":{"loc":{"start":{"line":202,"column":4},"end":{"line":204,"column":5}},"type":"if","locations":[{"start":{"line":202,"column":4},"end":{"line":204,"column":5}},{"start":{},"end":{}}],"line":202}},"s":{"0":0,"1":0,"2":0,"3":0,"4":0,"5":0,"6":0,"7":0,"8":0,"9":0,"10":0,"11":0,"12":0,"13":0,"14":0,"15":0,"16":0,"17":0,"18":0,"19":0,"20":0,"21":0,"22":0,"23":0,"24":0,"25":0,"26":0,"27":0,"28":0,"29":0,"30":0,"31":0,"32":0,"33":0,"34":0,"35":0,"36":0,"37":0,"38":0,"39":0,"40":0,"41":0,"42":0,"43":0,"44":0,"45":0,"46":0,"47":0,"48":0,"49":0,"50":0,"51":0,"52":0,"53":0,"54":0,"55":0,"56":0,"57":0,"58":0,"59":0,"60":0,"61":0,"62":0,"63":0,"64":0,"65":0,"66":0,"67":0,"68":0,"69":0,"70":0,"71":0,"72":0,"73":0,"74":0,"75":0,"76":0,"77":0,"78":0,"79":0,"80":0,"81":0,"82":0,"83":0},"f":{"0":0,"1":0,"2":0,"3":0,"4":0,"5":0,"6":0},"b":{"0":[0,0],"1":[0,0],"2":[0,0],"3":[0,0],"4":[0,0],"5":[0,0,0],"6":[0,0],"7":[0,0],"8":[0,0],"9":[0,0],"10":[0,0],"11":[0,0],"12":[0,0],"13":[0,0],"14":[0,0],"15":[0,0],"16":[0,0],"17":[0,0],"18":[0,0],"19":[0,0],"20":[0,0]},"inputSourceMap":null}
,"/app/backend/controllers/BranchController.js": {"path":"/app/backend/controllers/BranchController.js","statementMap":{"0":{"start":{"line":7,"column":21},"end":{"line":79,"column":1}},"1":{"start":{"line":8,"column":4},"end":{"line":78,"column":5}},"2":{"start":{"line":19,"column":12},"end":{"line":19,"column":20}},"3":{"start":{"line":22,"column":8},"end":{"line":27,"column":9}},"4":{"start":{"line":23,"column":12},"end":{"line":26,"column":15}},"5":{"start":{"line":30,"column":31},"end":{"line":30,"column":66}},"6":{"start":{"line":31,"column":8},"end":{"line":36,"column":9}},"7":{"start":{"line":32,"column":12},"end":{"line":35,"column":15}},"8":{"start":{"line":38,"column":26},"end":{"line":66,"column":10}},"9":{"start":{"line":68,"column":8},"end":{"line":68,"column":31}},"10":{"start":{"line":70,"column":8},"end":{"line":74,"column":11}},"11":{"start":{"line":76,"column":8},"end":{"line":76,"column":108}},"12":{"start":{"line":77,"column":8},"end":{"line":77,"column":73}},"13":{"start":{"line":84,"column":23},"end":{"line":104,"column":1}},"14":{"start":{"line":85,"column":4},"end":{"line":103,"column":5}},"15":{"start":{"line":86,"column":27},"end":{"line":86,"column":36}},"16":{"start":{"line":88,"column":20},"end":{"line":88,"column":22}},"17":{"start":{"line":89,"column":8},"end":{"line":91,"column":9}},"18":{"start":{"line":90,"column":12},"end":{"line":90,"column":34}},"19":{"start":{"line":93,"column":25},"end":{"line":93,"column":78}},"20":{"start":{"line":95,"column":8},"end":{"line":99,"column":11}},"21":{"start":{"line":101,"column":8},"end":{"line":101,"column":112}},"22":{"start":{"line":102,"column":8},"end":{"line":102,"column":73}},"23":{"start":{"line":109,"column":22},"end":{"line":124,"column":1}},"24":{"start":{"line":110,"column":4},"end":{"line":123,"column":5}},"25":{"start":{"line":111,"column":23},"end":{"line":111,"column":33}},"26":{"start":{"line":113,"column":23},"end":{"line":113,"column":53}},"27":{"start":{"line":115,"column":8},"end":{"line":117,"column":9}},"28":{"start":{"line":116,"column":12},"end":{"line":116,"column":77}},"29":{"start":{"line":119,"column":8},"end":{"line":119,"column":44}},"30":{"start":{"line":121,"column":8},"end":{"line":121,"column":117}},"31":{"start":{"line":122,"column":8},"end":{"line":122,"column":73}},"32":{"start":{"line":129,"column":21},"end":{"line":158,"column":1}},"33":{"start":{"line":130,"column":4},"end":{"line":157,"column":5}},"34":{"start":{"line":131,"column":23},"end":{"line":131,"column":33}},"35":{"start":{"line":132,"column":27},"end":{"line":132,"column":35}},"36":{"start":{"line":135,"column":8},"end":{"line":137,"column":9}},"37":{"start":{"line":136,"column":12},"end":{"line":136,"column":60}},"38":{"start":{"line":139,"column":23},"end":{"line":143,"column":9}},"39":{"start":{"line":145,"column":8},"end":{"line":147,"column":9}},"40":{"start":{"line":146,"column":12},"end":{"line":146,"column":77}},"41":{"start":{"line":149,"column":8},"end":{"line":153,"column":11}},"42":{"start":{"line":155,"column":8},"end":{"line":155,"column":117}},"43":{"start":{"line":156,"column":8},"end":{"line":156,"column":73}},"44":{"start":{"line":163,"column":21},"end":{"line":181,"column":1}},"45":{"start":{"line":164,"column":4},"end":{"line":180,"column":5}},"46":{"start":{"line":165,"column":23},"end":{"line":165,"column":33}},"47":{"start":{"line":167,"column":23},"end":{"line":167,"column":62}},"48":{"start":{"line":169,"column":8},"end":{"line":171,"column":9}},"49":{"start":{"line":170,"column":12},"end":{"line":170,"column":77}},"50":{"start":{"line":173,"column":8},"end":{"line":176,"column":11}},"51":{"start":{"line":178,"column":8},"end":{"line":178,"column":117}},"52":{"start":{"line":179,"column":8},"end":{"line":179,"column":73}}},"fnMap":{"0":{"name":"(anonymous_0)","decl":{"start":{"line":7,"column":21},"end":{"line":7,"column":22}},"loc":{"start":{"line":7,"column":41},"end":{"line":79,"column":1}},"line":7},"1":{"name":"(anonymous_1)","decl":{"start":{"line":84,"column":23},"end":{"line":84,"column":24}},"loc":{"start":{"line":84,"column":43},"end":{"line":104,"column":1}},"line":84},"2":{"name":"(anonymous_2)","decl":{"start":{"line":109,"column":22},"end":{"line":109,"column":23}},"loc":{"start":{"line":109,"column":42},"end":{"line":124,"column":1}},"line":109},"3":{"name":"(anonymous_3)","decl":{"start":{"line":129,"column":21},"end":{"line":129,"column":22}},"loc":{"start":{"line":129,"column":41},"end":{"line":158,"column":1}},"line":129},"4":{"name":"(anonymous_4)","decl":{"start":{"line":163,"column":21},"end":{"line":163,"column":22}},"loc":{"start":{"line":163,"column":41},"end":{"line":181,"column":1}},"line":163}},"branchMap":{"0":{"loc":{"start":{"line":22,"column":8},"end":{"line":27,"column":9}},"type":"if","locations":[{"start":{"line":22,"column":8},"end":{"line":27,"column":9}},{"start":{},"end":{}}],"line":22},"1":{"loc":{"start":{"line":22,"column":12},"end":{"line":22,"column":46}},"type":"binary-expr","locations":[{"start":{"line":22,"column":12},"end":{"line":22,"column":17}},{"start":{"line":22,"column":21},"end":{"line":22,"column":26}},{"start":{"line":22,"column":30},"end":{"line":22,"column":46}}],"line":22},"2":{"loc":{"start":{"line":31,"column":8},"end":{"line":36,"column":9}},"type":"if","locations":[{"start":{"line":31,"column":8},"end":{"line":36,"column":9}},{"start":{},"end":{}}],"line":31},"3":{"loc":{"start":{"line":43,"column":26},"end":{"line":43,"column":48}},"type":"binary-expr","locations":[{"start":{"line":43,"column":26},"end":{"line":43,"column":42}},{"start":{"line":43,"column":46},"end":{"line":43,"column":48}}],"line":43},"4":{"loc":{"start":{"line":44,"column":22},"end":{"line":44,"column":45}},"type":"binary-expr","locations":[{"start":{"line":44,"column":22},"end":{"line":44,"column":34}},{"start":{"line":44,"column":38},"end":{"line":44,"column":45}}],"line":44},"5":{"loc":{"start":{"line":45,"column":25},"end":{"line":45,"column":46}},"type":"binary-expr","locations":[{"start":{"line":45,"column":25},"end":{"line":45,"column":40}},{"start":{"line":45,"column":44},"end":{"line":45,"column":46}}],"line":45},"6":{"loc":{"start":{"line":46,"column":29},"end":{"line":46,"column":87}},"type":"binary-expr","locations":[{"start":{"line":46,"column":29},"end":{"line":46,"column":48}},{"start":{"line":46,"column":52},"end":{"line":46,"column":87}}],"line":46},"7":{"loc":{"start":{"line":49,"column":23},"end":{"line":49,"column":43}},"type":"binary-expr","locations":[{"start":{"line":49,"column":23},"end":{"line":49,"column":37}},{"start":{"line":49,"column":41},"end":{"line":49,"column":43}}],"line":49},"8":{"loc":{"start":{"line":50,"column":23},"end":{"line":50,"column":43}},"type":"binary-expr","locations":[{"start":{"line":50,"column":23},"end":{"line":50,"column":37}},{"start":{"line":50,"column":41},"end":{"line":50,"column":43}}],"line":50},"9":{"loc":{"start":{"line":51,"column":26},"end":{"line":51,"column":49}},"type":"binary-expr","locations":[{"start":{"line":51,"column":26},"end":{"line":51,"column":43}},{"start":{"line":51,"column":47},"end":{"line":51,"column":49}}],"line":51},"10":{"loc":{"start":{"line":53,"column":26},"end":{"line":56,"column":13}},"type":"binary-expr","locations":[{"start":{"line":53,"column":26},"end":{"line":53,"column":38}},{"start":{"line":53,"column":42},"end":{"line":56,"column":13}}],"line":53},"11":{"loc":{"start":{"line":57,"column":27},"end":{"line":57,"column":46}},"type":"binary-expr","locations":[{"start":{"line":57,"column":27},"end":{"line":57,"column":40}},{"start":{"line":57,"column":44},"end":{"line":57,"column":46}}],"line":57},"12":{"loc":{"start":{"line":58,"column":22},"end":{"line":58,"column":73}},"type":"binary-expr","locations":[{"start":{"line":58,"column":22},"end":{"line":58,"column":30}},{"start":{"line":58,"column":34},"end":{"line":58,"column":73}}],"line":58},"13":{"loc":{"start":{"line":59,"column":22},"end":{"line":63,"column":13}},"type":"binary-expr","locations":[{"start":{"line":59,"column":22},"end":{"line":59,"column":30}},{"start":{"line":59,"column":34},"end":{"line":63,"column":13}}],"line":59},"14":{"loc":{"start":{"line":64,"column":19},"end":{"line":64,"column":30}},"type":"binary-expr","locations":[{"start":{"line":64,"column":19},"end":{"line":64,"column":24}},{"start":{"line":64,"column":28},"end":{"line":64,"column":30}}],"line":64},"15":{"loc":{"start":{"line":89,"column":8},"end":{"line":91,"column":9}},"type":"if","locations":[{"start":{"line":89,"column":8},"end":{"line":91,"column":9}},{"start":{},"end":{}}],"line":89},"16":{"loc":{"start":{"line":115,"column":8},"end":{"line":117,"column":9}},"type":"if","locations":[{"start":{"line":115,"column":8},"end":{"line":117,"column":9}},{"start":{},"end":{}}],"line":115},"17":{"loc":{"start":{"line":135,"column":8},"end":{"line":137,"column":9}},"type":"if","locations":[{"start":{"line":135,"column":8},"end":{"line":137,"column":9}},{"start":{},"end":{}}],"line":135},"18":{"loc":{"start":{"line":145,"column":8},"end":{"line":147,"column":9}},"type":"if","locations":[{"start":{"line":145,"column":8},"end":{"line":147,"column":9}},{"start":{},"end":{}}],"line":145},"19":{"loc":{"start":{"line":169,"column":8},"end":{"line":171,"column":9}},"type":"if","locations":[{"start":{"line":169,"column":8},"end":{"line":171,"column":9}},{"start":{},"end":{}}],"line":169}},"s":{"0":0,"1":0,"2":0,"3":0,"4":0,"5":0,"6":0,"7":0,"8":0,"9":0,"10":0,"11":0,"12":0,"13":0,"14":0,"15":0,"16":0,"17":0,"18":0,"19":0,"20":0,"21":0,"22":0,"23":0,"24":0,"25":0,"26":0,"27":0,"28":0,"29":0,"30":0,"31":0,"32":0,"33":0,"34":0,"35":0,"36":0,"37":0,"38":0,"39":0,"40":0,"41":0,"42":0,"43":0,"44":0,"45":0,"46":0,"47":0,"48":0,"49":0,"50":0,"51":0,"52":0},"f":{"0":0,"1":0,"2":0,"3":0,"4":0},"b":{"0":[0,0],"1":[0,0,0],"2":[0,0],"3":[0,0],"4":[0,0],"5":[0,0],"6":[0,0],"7":[0,0],"8":[0,0],"9":[0,0],"10":[0,0],"11":[0,0],"12":[0,0],"13":[0,0],"14":[0,0],"15":[0,0],"16":[0,0],"17":[0,0],"18":[0,0],"19":[0,0]},"inputSourceMap":null}
,"/app/backend/controllers/CacheManagementController.js": {"path":"/app/backend/controllers/CacheManagementController.js","statementMap":{"0":{"start":{"line":22,"column":32},"end":{"line":81,"column":1}},"1":{"start":{"line":23,"column":4},"end":{"line":80,"column":5}},"2":{"start":{"line":24,"column":21},"end":{"line":24,"column":41}},"3":{"start":{"line":26,"column":8},"end":{"line":32,"column":9}},"4":{"start":{"line":27,"column":12},"end":{"line":31,"column":15}},"5":{"start":{"line":35,"column":24},"end":{"line":35,"column":48}},"6":{"start":{"line":36,"column":27},"end":{"line":36,"column":29}},"7":{"start":{"line":38,"column":8},"end":{"line":41,"column":11}},"8":{"start":{"line":39,"column":30},"end":{"line":39,"column":47}},"9":{"start":{"line":40,"column":12},"end":{"line":40,"column":69}},"10":{"start":{"line":43,"column":25},"end":{"line":63,"column":9}},"11":{"start":{"line":65,"column":8},"end":{"line":68,"column":11}},"12":{"start":{"line":71,"column":8},"end":{"line":74,"column":11}},"13":{"start":{"line":76,"column":8},"end":{"line":79,"column":11}},"14":{"start":{"line":87,"column":28},"end":{"line":131,"column":1}},"15":{"start":{"line":88,"column":4},"end":{"line":130,"column":5}},"16":{"start":{"line":89,"column":8},"end":{"line":94,"column":9}},"17":{"start":{"line":90,"column":12},"end":{"line":93,"column":15}},"18":{"start":{"line":96,"column":47},"end":{"line":96,"column":56}},"19":{"start":{"line":97,"column":21},"end":{"line":97,"column":60}},"20":{"start":{"line":100,"column":32},"end":{"line":109,"column":9}},"21":{"start":{"line":102,"column":16},"end":{"line":107,"column":17}},"22":{"start":{"line":103,"column":33},"end":{"line":103,"column":54}},"23":{"start":{"line":104,"column":20},"end":{"line":104,"column":32}},"24":{"start":{"line":106,"column":20},"end":{"line":106,"column":57}},"25":{"start":{"line":111,"column":8},"end":{"line":118,"column":11}},"26":{"start":{"line":121,"column":8},"end":{"line":124,"column":11}},"27":{"start":{"line":126,"column":8},"end":{"line":129,"column":11}},"28":{"start":{"line":137,"column":29},"end":{"line":172,"column":1}},"29":{"start":{"line":138,"column":4},"end":{"line":171,"column":5}},"30":{"start":{"line":139,"column":8},"end":{"line":144,"column":9}},"31":{"start":{"line":140,"column":12},"end":{"line":143,"column":15}},"32":{"start":{"line":146,"column":24},"end":{"line":146,"column":34}},"33":{"start":{"line":147,"column":24},"end":{"line":147,"column":45}},"34":{"start":{"line":149,"column":8},"end":{"line":154,"column":9}},"35":{"start":{"line":150,"column":12},"end":{"line":153,"column":15}},"36":{"start":{"line":156,"column":8},"end":{"line":159,"column":11}},"37":{"start":{"line":162,"column":8},"end":{"line":165,"column":11}},"38":{"start":{"line":167,"column":8},"end":{"line":170,"column":11}},"39":{"start":{"line":178,"column":29},"end":{"line":217,"column":1}},"40":{"start":{"line":179,"column":4},"end":{"line":216,"column":5}},"41":{"start":{"line":180,"column":8},"end":{"line":185,"column":9}},"42":{"start":{"line":181,"column":12},"end":{"line":184,"column":15}},"43":{"start":{"line":187,"column":23},"end":{"line":187,"column":41}},"44":{"start":{"line":189,"column":8},"end":{"line":194,"column":9}},"45":{"start":{"line":190,"column":12},"end":{"line":193,"column":15}},"46":{"start":{"line":196,"column":8},"end":{"line":199,"column":11}},"47":{"start":{"line":201,"column":8},"end":{"line":204,"column":11}},"48":{"start":{"line":207,"column":8},"end":{"line":210,"column":11}},"49":{"start":{"line":212,"column":8},"end":{"line":215,"column":11}},"50":{"start":{"line":223,"column":35},"end":{"line":265,"column":1}},"51":{"start":{"line":224,"column":4},"end":{"line":264,"column":5}},"52":{"start":{"line":225,"column":8},"end":{"line":230,"column":9}},"53":{"start":{"line":226,"column":12},"end":{"line":229,"column":15}},"54":{"start":{"line":232,"column":30},"end":{"line":232,"column":40}},"55":{"start":{"line":233,"column":23},"end":{"line":233,"column":61}},"56":{"start":{"line":235,"column":8},"end":{"line":240,"column":9}},"57":{"start":{"line":236,"column":12},"end":{"line":239,"column":15}},"58":{"start":{"line":242,"column":8},"end":{"line":246,"column":11}},"59":{"start":{"line":248,"column":8},"end":{"line":252,"column":11}},"60":{"start":{"line":255,"column":8},"end":{"line":258,"column":11}},"61":{"start":{"line":260,"column":8},"end":{"line":263,"column":11}},"62":{"start":{"line":271,"column":25},"end":{"line":311,"column":1}},"63":{"start":{"line":272,"column":4},"end":{"line":310,"column":5}},"64":{"start":{"line":273,"column":8},"end":{"line":278,"column":9}},"65":{"start":{"line":274,"column":12},"end":{"line":277,"column":15}},"66":{"start":{"line":280,"column":24},"end":{"line":280,"column":34}},"67":{"start":{"line":281,"column":23},"end":{"line":281,"column":49}},"68":{"start":{"line":283,"column":8},"end":{"line":288,"column":9}},"69":{"start":{"line":284,"column":12},"end":{"line":287,"column":15}},"70":{"start":{"line":290,"column":8},"end":{"line":293,"column":11}},"71":{"start":{"line":295,"column":8},"end":{"line":298,"column":11}},"72":{"start":{"line":301,"column":8},"end":{"line":304,"column":11}},"73":{"start":{"line":306,"column":8},"end":{"line":309,"column":11}},"74":{"start":{"line":317,"column":34},"end":{"line":343,"column":1}},"75":{"start":{"line":318,"column":4},"end":{"line":342,"column":5}},"76":{"start":{"line":319,"column":8},"end":{"line":324,"column":9}},"77":{"start":{"line":320,"column":12},"end":{"line":323,"column":15}},"78":{"start":{"line":326,"column":22},"end":{"line":326,"column":43}},"79":{"start":{"line":328,"column":8},"end":{"line":331,"column":11}},"80":{"start":{"line":334,"column":8},"end":{"line":336,"column":11}},"81":{"start":{"line":338,"column":8},"end":{"line":341,"column":11}}},"fnMap":{"0":{"name":"(anonymous_0)","decl":{"start":{"line":22,"column":32},"end":{"line":22,"column":33}},"loc":{"start":{"line":22,"column":52},"end":{"line":81,"column":1}},"line":22},"1":{"name":"(anonymous_1)","decl":{"start":{"line":38,"column":24},"end":{"line":38,"column":25}},"loc":{"start":{"line":38,"column":31},"end":{"line":41,"column":9}},"line":38},"2":{"name":"(anonymous_2)","decl":{"start":{"line":87,"column":28},"end":{"line":87,"column":29}},"loc":{"start":{"line":87,"column":48},"end":{"line":131,"column":1}},"line":87},"3":{"name":"(anonymous_3)","decl":{"start":{"line":101,"column":34},"end":{"line":101,"column":35}},"loc":{"start":{"line":101,"column":49},"end":{"line":108,"column":13}},"line":101},"4":{"name":"(anonymous_4)","decl":{"start":{"line":137,"column":29},"end":{"line":137,"column":30}},"loc":{"start":{"line":137,"column":49},"end":{"line":172,"column":1}},"line":137},"5":{"name":"(anonymous_5)","decl":{"start":{"line":178,"column":29},"end":{"line":178,"column":30}},"loc":{"start":{"line":178,"column":49},"end":{"line":217,"column":1}},"line":178},"6":{"name":"(anonymous_6)","decl":{"start":{"line":223,"column":35},"end":{"line":223,"column":36}},"loc":{"start":{"line":223,"column":55},"end":{"line":265,"column":1}},"line":223},"7":{"name":"(anonymous_7)","decl":{"start":{"line":271,"column":25},"end":{"line":271,"column":26}},"loc":{"start":{"line":271,"column":45},"end":{"line":311,"column":1}},"line":271},"8":{"name":"(anonymous_8)","decl":{"start":{"line":317,"column":34},"end":{"line":317,"column":35}},"loc":{"start":{"line":317,"column":54},"end":{"line":343,"column":1}},"line":317}},"branchMap":{"0":{"loc":{"start":{"line":26,"column":8},"end":{"line":32,"column":9}},"type":"if","locations":[{"start":{"line":26,"column":8},"end":{"line":32,"column":9}},{"start":{},"end":{}}],"line":26},"1":{"loc":{"start":{"line":26,"column":12},"end":{"line":26,"column":36}},"type":"binary-expr","locations":[{"start":{"line":26,"column":12},"end":{"line":26,"column":17}},{"start":{"line":26,"column":21},"end":{"line":26,"column":36}}],"line":26},"2":{"loc":{"start":{"line":30,"column":22},"end":{"line":30,"column":66}},"type":"binary-expr","locations":[{"start":{"line":30,"column":22},"end":{"line":30,"column":26}},{"start":{"line":30,"column":30},"end":{"line":30,"column":66}}],"line":30},"3":{"loc":{"start":{"line":40,"column":37},"end":{"line":40,"column":63}},"type":"binary-expr","locations":[{"start":{"line":40,"column":37},"end":{"line":40,"column":58}},{"start":{"line":40,"column":62},"end":{"line":40,"column":63}}],"line":40},"4":{"loc":{"start":{"line":89,"column":8},"end":{"line":94,"column":9}},"type":"if","locations":[{"start":{"line":89,"column":8},"end":{"line":94,"column":9}},{"start":{},"end":{}}],"line":89},"5":{"loc":{"start":{"line":96,"column":16},"end":{"line":96,"column":29}},"type":"default-arg","locations":[{"start":{"line":96,"column":26},"end":{"line":96,"column":29}}],"line":96},"6":{"loc":{"start":{"line":96,"column":31},"end":{"line":96,"column":42}},"type":"default-arg","locations":[{"start":{"line":96,"column":39},"end":{"line":96,"column":42}}],"line":96},"7":{"loc":{"start":{"line":139,"column":8},"end":{"line":144,"column":9}},"type":"if","locations":[{"start":{"line":139,"column":8},"end":{"line":144,"column":9}},{"start":{},"end":{}}],"line":139},"8":{"loc":{"start":{"line":149,"column":8},"end":{"line":154,"column":9}},"type":"if","locations":[{"start":{"line":149,"column":8},"end":{"line":154,"column":9}},{"start":{},"end":{}}],"line":149},"9":{"loc":{"start":{"line":180,"column":8},"end":{"line":185,"column":9}},"type":"if","locations":[{"start":{"line":180,"column":8},"end":{"line":185,"column":9}},{"start":{},"end":{}}],"line":180},"10":{"loc":{"start":{"line":189,"column":8},"end":{"line":194,"column":9}},"type":"if","locations":[{"start":{"line":189,"column":8},"end":{"line":194,"column":9}},{"start":{},"end":{}}],"line":189},"11":{"loc":{"start":{"line":225,"column":8},"end":{"line":230,"column":9}},"type":"if","locations":[{"start":{"line":225,"column":8},"end":{"line":230,"column":9}},{"start":{},"end":{}}],"line":225},"12":{"loc":{"start":{"line":235,"column":8},"end":{"line":240,"column":9}},"type":"if","locations":[{"start":{"line":235,"column":8},"end":{"line":240,"column":9}},{"start":{},"end":{}}],"line":235},"13":{"loc":{"start":{"line":238,"column":23},"end":{"line":238,"column":74}},"type":"binary-expr","locations":[{"start":{"line":238,"column":23},"end":{"line":238,"column":37}},{"start":{"line":238,"column":41},"end":{"line":238,"column":74}}],"line":238},"14":{"loc":{"start":{"line":273,"column":8},"end":{"line":278,"column":9}},"type":"if","locations":[{"start":{"line":273,"column":8},"end":{"line":278,"column":9}},{"start":{},"end":{}}],"line":273},"15":{"loc":{"start":{"line":283,"column":8},"end":{"line":288,"column":9}},"type":"if","locations":[{"start":{"line":283,"column":8},"end":{"line":288,"column":9}},{"start":{},"end":{}}],"line":283},"16":{"loc":{"start":{"line":319,"column":8},"end":{"line":324,"column":9}},"type":"if","locations":[{"start":{"line":319,"column":8},"end":{"line":324,"column":9}},{"start":{},"end":{}}],"line":319}},"s":{"0":0,"1":0,"2":0,"3":0,"4":0,"5":0,"6":0,"7":0,"8":0,"9":0,"10":0,"11":0,"12":0,"13":0,"14":0,"15":0,"16":0,"17":0,"18":0,"19":0,"20":0,"21":0,"22":0,"23":0,"24":0,"25":0,"26":0,"27":0,"28":0,"29":0,"30":0,"31":0,"32":0,"33":0,"34":0,"35":0,"36":0,"37":0,"38":0,"39":0,"40":0,"41":0,"42":0,"43":0,"44":0,"45":0,"46":0,"47":0,"48":0,"49":0,"50":0,"51":0,"52":0,"53":0,"54":0,"55":0,"56":0,"57":0,"58":0,"59":0,"60":0,"61":0,"62":0,"63":0,"64":0,"65":0,"66":0,"67":0,"68":0,"69":0,"70":0,"71":0,"72":0,"73":0,"74":0,"75":0,"76":0,"77":0,"78":0,"79":0,"80":0,"81":0},"f":{"0":0,"1":0,"2":0,"3":0,"4":0,"5":0,"6":0,"7":0,"8":0},"b":{"0":[0,0],"1":[0,0],"2":[0,0],"3":[0,0],"4":[0,0],"5":[0],"6":[0],"7":[0,0],"8":[0,0],"9":[0,0],"10":[0,0],"11":[0,0],"12":[0,0],"13":[0,0],"14":[0,0],"15":[0,0],"16":[0,0]},"inputSourceMap":null}
,"/app/backend/controllers/CartController.js": {"path":"/app/backend/controllers/CartController.js","statementMap":{"0":{"start":{"line":5,"column":18},"end":{"line":28,"column":1}},"1":{"start":{"line":6,"column":4},"end":{"line":27,"column":5}},"2":{"start":{"line":7,"column":41},"end":{"line":7,"column":49}},"3":{"start":{"line":8,"column":25},"end":{"line":8,"column":57}},"4":{"start":{"line":9,"column":23},"end":{"line":9,"column":46}},"5":{"start":{"line":11,"column":8},"end":{"line":20,"column":9}},"6":{"start":{"line":12,"column":12},"end":{"line":16,"column":13}},"7":{"start":{"line":13,"column":16},"end":{"line":13,"column":44}},"8":{"start":{"line":15,"column":16},"end":{"line":15,"column":43}},"9":{"start":{"line":18,"column":12},"end":{"line":18,"column":34}},"10":{"start":{"line":19,"column":12},"end":{"line":19,"column":39}},"11":{"start":{"line":22,"column":8},"end":{"line":22,"column":62}},"12":{"start":{"line":23,"column":8},"end":{"line":23,"column":61}},"13":{"start":{"line":25,"column":8},"end":{"line":25,"column":165}},"14":{"start":{"line":26,"column":8},"end":{"line":26,"column":69}},"15":{"start":{"line":31,"column":19},"end":{"line":46,"column":1}},"16":{"start":{"line":32,"column":4},"end":{"line":45,"column":5}},"17":{"start":{"line":33,"column":51},"end":{"line":33,"column":59}},"18":{"start":{"line":34,"column":25},"end":{"line":34,"column":57}},"19":{"start":{"line":35,"column":23},"end":{"line":35,"column":46}},"20":{"start":{"line":37,"column":8},"end":{"line":37,"column":42}},"21":{"start":{"line":39,"column":8},"end":{"line":39,"column":62}},"22":{"start":{"line":40,"column":8},"end":{"line":40,"column":60}},"23":{"start":{"line":43,"column":8},"end":{"line":43,"column":165}},"24":{"start":{"line":44,"column":8},"end":{"line":44,"column":69}},"25":{"start":{"line":49,"column":20},"end":{"line":61,"column":1}},"26":{"start":{"line":50,"column":4},"end":{"line":60,"column":5}},"27":{"start":{"line":51,"column":27},"end":{"line":51,"column":35}},"28":{"start":{"line":53,"column":25},"end":{"line":53,"column":57}},"29":{"start":{"line":54,"column":23},"end":{"line":54,"column":46}},"30":{"start":{"line":56,"column":8},"end":{"line":56,"column":44}},"31":{"start":{"line":58,"column":8},"end":{"line":58,"column":165}},"32":{"start":{"line":59,"column":8},"end":{"line":59,"column":69}}},"fnMap":{"0":{"name":"(anonymous_0)","decl":{"start":{"line":5,"column":18},"end":{"line":5,"column":19}},"loc":{"start":{"line":5,"column":38},"end":{"line":28,"column":1}},"line":5},"1":{"name":"(anonymous_1)","decl":{"start":{"line":31,"column":19},"end":{"line":31,"column":20}},"loc":{"start":{"line":31,"column":39},"end":{"line":46,"column":1}},"line":31},"2":{"name":"(anonymous_2)","decl":{"start":{"line":49,"column":20},"end":{"line":49,"column":21}},"loc":{"start":{"line":49,"column":40},"end":{"line":61,"column":1}},"line":49}},"branchMap":{"0":{"loc":{"start":{"line":11,"column":8},"end":{"line":20,"column":9}},"type":"if","locations":[{"start":{"line":11,"column":8},"end":{"line":20,"column":9}},{"start":{"line":17,"column":15},"end":{"line":20,"column":9}}],"line":11},"1":{"loc":{"start":{"line":12,"column":12},"end":{"line":16,"column":13}},"type":"if","locations":[{"start":{"line":12,"column":12},"end":{"line":16,"column":13}},{"start":{"line":14,"column":19},"end":{"line":16,"column":13}}],"line":12}},"s":{"0":0,"1":0,"2":0,"3":0,"4":0,"5":0,"6":0,"7":0,"8":0,"9":0,"10":0,"11":0,"12":0,"13":0,"14":0,"15":0,"16":0,"17":0,"18":0,"19":0,"20":0,"21":0,"22":0,"23":0,"24":0,"25":0,"26":0,"27":0,"28":0,"29":0,"30":0,"31":0,"32":0},"f":{"0":0,"1":0,"2":0},"b":{"0":[0,0],"1":[0,0]},"inputSourceMap":null}
,"/app/backend/controllers/CorporateController.js": {"path":"/app/backend/controllers/CorporateController.js","statementMap":{"0":{"start":{"line":4,"column":29},"end":{"line":14,"column":1}},"1":{"start":{"line":5,"column":4},"end":{"line":13,"column":5}},"2":{"start":{"line":6,"column":26},"end":{"line":6,"column":59}},"3":{"start":{"line":7,"column":22},"end":{"line":7,"column":56}},"4":{"start":{"line":8,"column":8},"end":{"line":8,"column":27}},"5":{"start":{"line":9,"column":8},"end":{"line":9,"column":43}},"6":{"start":{"line":11,"column":8},"end":{"line":11,"column":117}},"7":{"start":{"line":12,"column":8},"end":{"line":12,"column":73}},"8":{"start":{"line":16,"column":28},"end":{"line":24,"column":1}},"9":{"start":{"line":17,"column":4},"end":{"line":23,"column":5}},"10":{"start":{"line":18,"column":23},"end":{"line":18,"column":76}},"11":{"start":{"line":19,"column":8},"end":{"line":19,"column":44}},"12":{"start":{"line":21,"column":8},"end":{"line":21,"column":117}},"13":{"start":{"line":22,"column":8},"end":{"line":22,"column":73}},"14":{"start":{"line":26,"column":35},"end":{"line":37,"column":1}},"15":{"start":{"line":27,"column":4},"end":{"line":36,"column":5}},"16":{"start":{"line":28,"column":38},"end":{"line":28,"column":46}},"17":{"start":{"line":29,"column":30},"end":{"line":29,"column":40}},"18":{"start":{"line":30,"column":8},"end":{"line":30,"column":47}},"19":{"start":{"line":30,"column":19},"end":{"line":30,"column":47}},"20":{"start":{"line":31,"column":8},"end":{"line":31,"column":71}},"21":{"start":{"line":32,"column":8},"end":{"line":32,"column":36}},"22":{"start":{"line":34,"column":8},"end":{"line":34,"column":117}},"23":{"start":{"line":35,"column":8},"end":{"line":35,"column":73}}},"fnMap":{"0":{"name":"(anonymous_0)","decl":{"start":{"line":4,"column":29},"end":{"line":4,"column":30}},"loc":{"start":{"line":4,"column":49},"end":{"line":14,"column":1}},"line":4},"1":{"name":"(anonymous_1)","decl":{"start":{"line":16,"column":28},"end":{"line":16,"column":29}},"loc":{"start":{"line":16,"column":49},"end":{"line":24,"column":1}},"line":16},"2":{"name":"(anonymous_2)","decl":{"start":{"line":26,"column":35},"end":{"line":26,"column":36}},"loc":{"start":{"line":26,"column":55},"end":{"line":37,"column":1}},"line":26}},"branchMap":{"0":{"loc":{"start":{"line":30,"column":8},"end":{"line":30,"column":47}},"type":"if","locations":[{"start":{"line":30,"column":8},"end":{"line":30,"column":47}},{"start":{},"end":{}}],"line":30}},"s":{"0":0,"1":0,"2":0,"3":0,"4":0,"5":0,"6":0,"7":0,"8":0,"9":0,"10":0,"11":0,"12":0,"13":0,"14":0,"15":0,"16":0,"17":0,"18":0,"19":0,"20":0,"21":0,"22":0,"23":0},"f":{"0":0,"1":0,"2":0},"b":{"0":[0,0]},"inputSourceMap":null}
,"/app/backend/controllers/CouponController.js": {"path":"/app/backend/controllers/CouponController.js","statementMap":{"0":{"start":{"line":5,"column":23},"end":{"line":23,"column":1}},"1":{"start":{"line":6,"column":4},"end":{"line":22,"column":5}},"2":{"start":{"line":7,"column":36},"end":{"line":7,"column":44}},"3":{"start":{"line":8,"column":23},"end":{"line":8,"column":92}},"4":{"start":{"line":9,"column":8},"end":{"line":9,"column":84}},"5":{"start":{"line":9,"column":21},"end":{"line":9,"column":84}},"6":{"start":{"line":10,"column":20},"end":{"line":10,"column":30}},"7":{"start":{"line":11,"column":8},"end":{"line":11,"column":131}},"8":{"start":{"line":11,"column":63},"end":{"line":11,"column":131}},"9":{"start":{"line":12,"column":8},"end":{"line":12,"column":148}},"10":{"start":{"line":12,"column":48},"end":{"line":12,"column":148}},"11":{"start":{"line":13,"column":8},"end":{"line":13,"column":154}},"12":{"start":{"line":13,"column":77},"end":{"line":13,"column":154}},"13":{"start":{"line":14,"column":23},"end":{"line":14,"column":24}},"14":{"start":{"line":15,"column":8},"end":{"line":16,"column":37}},"15":{"start":{"line":15,"column":37},"end":{"line":15,"column":81}},"16":{"start":{"line":16,"column":13},"end":{"line":16,"column":37}},"17":{"start":{"line":17,"column":8},"end":{"line":17,"column":60}},"18":{"start":{"line":18,"column":8},"end":{"line":18,"column":54}},"19":{"start":{"line":20,"column":8},"end":{"line":20,"column":100}},"20":{"start":{"line":21,"column":8},"end":{"line":21,"column":61}},"21":{"start":{"line":26,"column":21},"end":{"line":36,"column":1}},"22":{"start":{"line":27,"column":4},"end":{"line":35,"column":5}},"23":{"start":{"line":28,"column":23},"end":{"line":28,"column":48}},"24":{"start":{"line":29,"column":8},"end":{"line":29,"column":28}},"25":{"start":{"line":30,"column":8},"end":{"line":30,"column":83}},"26":{"start":{"line":31,"column":8},"end":{"line":31,"column":44}},"27":{"start":{"line":33,"column":8},"end":{"line":33,"column":92}},"28":{"start":{"line":34,"column":8},"end":{"line":34,"column":61}},"29":{"start":{"line":38,"column":20},"end":{"line":46,"column":1}},"30":{"start":{"line":39,"column":4},"end":{"line":45,"column":5}},"31":{"start":{"line":40,"column":24},"end":{"line":40,"column":50}},"32":{"start":{"line":41,"column":8},"end":{"line":41,"column":45}},"33":{"start":{"line":43,"column":8},"end":{"line":43,"column":92}},"34":{"start":{"line":44,"column":8},"end":{"line":44,"column":61}},"35":{"start":{"line":48,"column":21},"end":{"line":58,"column":1}},"36":{"start":{"line":49,"column":4},"end":{"line":57,"column":5}},"37":{"start":{"line":50,"column":35},"end":{"line":50,"column":43}},"38":{"start":{"line":51,"column":8},"end":{"line":51,"column":57}},"39":{"start":{"line":52,"column":8},"end":{"line":52,"column":56}},"40":{"start":{"line":53,"column":8},"end":{"line":53,"column":36}},"41":{"start":{"line":55,"column":8},"end":{"line":55,"column":106}},"42":{"start":{"line":56,"column":8},"end":{"line":56,"column":61}},"43":{"start":{"line":60,"column":21},"end":{"line":70,"column":1}},"44":{"start":{"line":61,"column":4},"end":{"line":69,"column":5}},"45":{"start":{"line":62,"column":23},"end":{"line":62,"column":31}},"46":{"start":{"line":63,"column":8},"end":{"line":63,"column":48}},"47":{"start":{"line":64,"column":8},"end":{"line":64,"column":56}},"48":{"start":{"line":65,"column":8},"end":{"line":65,"column":36}},"49":{"start":{"line":67,"column":8},"end":{"line":67,"column":106}},"50":{"start":{"line":68,"column":8},"end":{"line":68,"column":61}}},"fnMap":{"0":{"name":"(anonymous_0)","decl":{"start":{"line":5,"column":23},"end":{"line":5,"column":24}},"loc":{"start":{"line":5,"column":43},"end":{"line":23,"column":1}},"line":5},"1":{"name":"(anonymous_1)","decl":{"start":{"line":26,"column":21},"end":{"line":26,"column":22}},"loc":{"start":{"line":26,"column":41},"end":{"line":36,"column":1}},"line":26},"2":{"name":"(anonymous_2)","decl":{"start":{"line":38,"column":20},"end":{"line":38,"column":21}},"loc":{"start":{"line":38,"column":41},"end":{"line":46,"column":1}},"line":38},"3":{"name":"(anonymous_3)","decl":{"start":{"line":48,"column":21},"end":{"line":48,"column":22}},"loc":{"start":{"line":48,"column":41},"end":{"line":58,"column":1}},"line":48},"4":{"name":"(anonymous_4)","decl":{"start":{"line":60,"column":21},"end":{"line":60,"column":22}},"loc":{"start":{"line":60,"column":41},"end":{"line":70,"column":1}},"line":60}},"branchMap":{"0":{"loc":{"start":{"line":9,"column":8},"end":{"line":9,"column":84}},"type":"if","locations":[{"start":{"line":9,"column":8},"end":{"line":9,"column":84}},{"start":{},"end":{}}],"line":9},"1":{"loc":{"start":{"line":11,"column":8},"end":{"line":11,"column":131}},"type":"if","locations":[{"start":{"line":11,"column":8},"end":{"line":11,"column":131}},{"start":{},"end":{}}],"line":11},"2":{"loc":{"start":{"line":11,"column":12},"end":{"line":11,"column":61}},"type":"binary-expr","locations":[{"start":{"line":11,"column":12},"end":{"line":11,"column":34}},{"start":{"line":11,"column":38},"end":{"line":11,"column":61}}],"line":11},"3":{"loc":{"start":{"line":12,"column":8},"end":{"line":12,"column":148}},"type":"if","locations":[{"start":{"line":12,"column":8},"end":{"line":12,"column":148}},{"start":{},"end":{}}],"line":12},"4":{"loc":{"start":{"line":13,"column":8},"end":{"line":13,"column":154}},"type":"if","locations":[{"start":{"line":13,"column":8},"end":{"line":13,"column":154}},{"start":{},"end":{}}],"line":13},"5":{"loc":{"start":{"line":13,"column":12},"end":{"line":13,"column":75}},"type":"binary-expr","locations":[{"start":{"line":13,"column":12},"end":{"line":13,"column":33}},{"start":{"line":13,"column":37},"end":{"line":13,"column":75}}],"line":13},"6":{"loc":{"start":{"line":15,"column":8},"end":{"line":16,"column":37}},"type":"if","locations":[{"start":{"line":15,"column":8},"end":{"line":16,"column":37}},{"start":{"line":16,"column":13},"end":{"line":16,"column":37}}],"line":15}},"s":{"0":0,"1":0,"2":0,"3":0,"4":0,"5":0,"6":0,"7":0,"8":0,"9":0,"10":0,"11":0,"12":0,"13":0,"14":0,"15":0,"16":0,"17":0,"18":0,"19":0,"20":0,"21":0,"22":0,"23":0,"24":0,"25":0,"26":0,"27":0,"28":0,"29":0,"30":0,"31":0,"32":0,"33":0,"34":0,"35":0,"36":0,"37":0,"38":0,"39":0,"40":0,"41":0,"42":0,"43":0,"44":0,"45":0,"46":0,"47":0,"48":0,"49":0,"50":0},"f":{"0":0,"1":0,"2":0,"3":0,"4":0},"b":{"0":[0,0],"1":[0,0],"2":[0,0],"3":[0,0],"4":[0,0],"5":[0,0],"6":[0,0]},"inputSourceMap":null}
,"/app/backend/controllers/CourierController.js": {"path":"/app/backend/controllers/CourierController.js","statementMap":{"0":{"start":{"line":5,"column":27},"end":{"line":12,"column":1}},"1":{"start":{"line":6,"column":18},"end":{"line":6,"column":52}},"2":{"start":{"line":7,"column":21},"end":{"line":7,"column":23}},"3":{"start":{"line":8,"column":4},"end":{"line":10,"column":5}},"4":{"start":{"line":8,"column":17},"end":{"line":8,"column":18}},"5":{"start":{"line":9,"column":8},"end":{"line":9,"column":77}},"6":{"start":{"line":11,"column":4},"end":{"line":11,"column":22}},"7":{"start":{"line":15,"column":25},"end":{"line":38,"column":1}},"8":{"start":{"line":16,"column":4},"end":{"line":37,"column":5}},"9":{"start":{"line":17,"column":22},"end":{"line":17,"column":56}},"10":{"start":{"line":18,"column":8},"end":{"line":18,"column":27}},"11":{"start":{"line":18,"column":20},"end":{"line":18,"column":27}},"12":{"start":{"line":20,"column":29},"end":{"line":26,"column":9}},"13":{"start":{"line":28,"column":8},"end":{"line":32,"column":9}},"14":{"start":{"line":29,"column":12},"end":{"line":29,"column":49}},"15":{"start":{"line":31,"column":12},"end":{"line":31,"column":51}},"16":{"start":{"line":34,"column":8},"end":{"line":34,"column":27}},"17":{"start":{"line":36,"column":8},"end":{"line":36,"column":107}},"18":{"start":{"line":41,"column":29},"end":{"line":78,"column":1}},"19":{"start":{"line":42,"column":4},"end":{"line":77,"column":5}},"20":{"start":{"line":43,"column":28},"end":{"line":43,"column":36}},"21":{"start":{"line":45,"column":22},"end":{"line":45,"column":56}},"22":{"start":{"line":46,"column":8},"end":{"line":48,"column":9}},"23":{"start":{"line":47,"column":12},"end":{"line":47,"column":76}},"24":{"start":{"line":51,"column":34},"end":{"line":51,"column":94}},"25":{"start":{"line":54,"column":8},"end":{"line":56,"column":9}},"26":{"start":{"line":55,"column":12},"end":{"line":55,"column":52}},"27":{"start":{"line":59,"column":8},"end":{"line":59,"column":38}},"28":{"start":{"line":60,"column":8},"end":{"line":60,"column":52}},"29":{"start":{"line":61,"column":8},"end":{"line":61,"column":112}},"30":{"start":{"line":64,"column":8},"end":{"line":64,"column":136}},"31":{"start":{"line":66,"column":8},"end":{"line":66,"column":27}},"32":{"start":{"line":68,"column":8},"end":{"line":73,"column":11}},"33":{"start":{"line":75,"column":8},"end":{"line":75,"column":145}},"34":{"start":{"line":76,"column":8},"end":{"line":76,"column":73}},"35":{"start":{"line":81,"column":25},"end":{"line":110,"column":1}},"36":{"start":{"line":82,"column":4},"end":{"line":109,"column":5}},"37":{"start":{"line":83,"column":31},"end":{"line":83,"column":41}},"38":{"start":{"line":85,"column":22},"end":{"line":85,"column":62}},"39":{"start":{"line":86,"column":8},"end":{"line":88,"column":9}},"40":{"start":{"line":87,"column":12},"end":{"line":87,"column":76}},"41":{"start":{"line":90,"column":8},"end":{"line":105,"column":11}},"42":{"start":{"line":107,"column":8},"end":{"line":107,"column":145}},"43":{"start":{"line":108,"column":8},"end":{"line":108,"column":73}},"44":{"start":{"line":113,"column":28},"end":{"line":149,"column":1}},"45":{"start":{"line":114,"column":4},"end":{"line":148,"column":5}},"46":{"start":{"line":115,"column":62},"end":{"line":115,"column":70}},"47":{"start":{"line":117,"column":22},"end":{"line":117,"column":69}},"48":{"start":{"line":118,"column":8},"end":{"line":120,"column":9}},"49":{"start":{"line":119,"column":12},"end":{"line":119,"column":88}},"50":{"start":{"line":123,"column":8},"end":{"line":123,"column":37}},"51":{"start":{"line":126,"column":8},"end":{"line":137,"column":9}},"52":{"start":{"line":128,"column":16},"end":{"line":128,"column":56}},"53":{"start":{"line":129,"column":16},"end":{"line":129,"column":22}},"54":{"start":{"line":131,"column":16},"end":{"line":131,"column":47}},"55":{"start":{"line":132,"column":16},"end":{"line":132,"column":50}},"56":{"start":{"line":133,"column":16},"end":{"line":133,"column":22}},"57":{"start":{"line":135,"column":16},"end":{"line":135,"column":46}},"58":{"start":{"line":136,"column":16},"end":{"line":136,"column":22}},"59":{"start":{"line":140,"column":8},"end":{"line":140,"column":77}},"60":{"start":{"line":142,"column":8},"end":{"line":142,"column":27}},"61":{"start":{"line":144,"column":8},"end":{"line":144,"column":36}},"62":{"start":{"line":146,"column":8},"end":{"line":146,"column":145}},"63":{"start":{"line":147,"column":8},"end":{"line":147,"column":73}},"64":{"start":{"line":152,"column":23},"end":{"line":152,"column":42}}},"fnMap":{"0":{"name":"(anonymous_0)","decl":{"start":{"line":5,"column":27},"end":{"line":5,"column":28}},"loc":{"start":{"line":5,"column":33},"end":{"line":12,"column":1}},"line":5},"1":{"name":"(anonymous_1)","decl":{"start":{"line":15,"column":25},"end":{"line":15,"column":26}},"loc":{"start":{"line":15,"column":100},"end":{"line":38,"column":1}},"line":15},"2":{"name":"(anonymous_2)","decl":{"start":{"line":41,"column":29},"end":{"line":41,"column":30}},"loc":{"start":{"line":41,"column":49},"end":{"line":78,"column":1}},"line":41},"3":{"name":"(anonymous_3)","decl":{"start":{"line":81,"column":25},"end":{"line":81,"column":26}},"loc":{"start":{"line":81,"column":45},"end":{"line":110,"column":1}},"line":81},"4":{"name":"(anonymous_4)","decl":{"start":{"line":113,"column":28},"end":{"line":113,"column":29}},"loc":{"start":{"line":113,"column":48},"end":{"line":149,"column":1}},"line":113}},"branchMap":{"0":{"loc":{"start":{"line":15,"column":49},"end":{"line":15,"column":62}},"type":"default-arg","locations":[{"start":{"line":15,"column":60},"end":{"line":15,"column":62}}],"line":15},"1":{"loc":{"start":{"line":15,"column":64},"end":{"line":15,"column":73}},"type":"default-arg","locations":[{"start":{"line":15,"column":71},"end":{"line":15,"column":73}}],"line":15},"2":{"loc":{"start":{"line":15,"column":75},"end":{"line":15,"column":95}},"type":"default-arg","locations":[{"start":{"line":15,"column":87},"end":{"line":15,"column":95}}],"line":15},"3":{"loc":{"start":{"line":18,"column":8},"end":{"line":18,"column":27}},"type":"if","locations":[{"start":{"line":18,"column":8},"end":{"line":18,"column":27}},{"start":{},"end":{}}],"line":18},"4":{"loc":{"start":{"line":28,"column":8},"end":{"line":32,"column":9}},"type":"if","locations":[{"start":{"line":28,"column":8},"end":{"line":32,"column":9}},{"start":{"line":30,"column":15},"end":{"line":32,"column":9}}],"line":28},"5":{"loc":{"start":{"line":46,"column":8},"end":{"line":48,"column":9}},"type":"if","locations":[{"start":{"line":46,"column":8},"end":{"line":48,"column":9}},{"start":{},"end":{}}],"line":46},"6":{"loc":{"start":{"line":54,"column":8},"end":{"line":56,"column":9}},"type":"if","locations":[{"start":{"line":54,"column":8},"end":{"line":56,"column":9}},{"start":{},"end":{}}],"line":54},"7":{"loc":{"start":{"line":61,"column":32},"end":{"line":61,"column":83}},"type":"binary-expr","locations":[{"start":{"line":61,"column":32},"end":{"line":61,"column":56}},{"start":{"line":61,"column":60},"end":{"line":61,"column":83}}],"line":61},"8":{"loc":{"start":{"line":64,"column":59},"end":{"line":64,"column":87}},"type":"binary-expr","locations":[{"start":{"line":64,"column":59},"end":{"line":64,"column":81}},{"start":{"line":64,"column":85},"end":{"line":64,"column":87}}],"line":64},"9":{"loc":{"start":{"line":86,"column":8},"end":{"line":88,"column":9}},"type":"if","locations":[{"start":{"line":86,"column":8},"end":{"line":88,"column":9}},{"start":{},"end":{}}],"line":86},"10":{"loc":{"start":{"line":97,"column":31},"end":{"line":97,"column":56}},"type":"binary-expr","locations":[{"start":{"line":97,"column":31},"end":{"line":97,"column":50}},{"start":{"line":97,"column":54},"end":{"line":97,"column":56}}],"line":97},"11":{"loc":{"start":{"line":118,"column":8},"end":{"line":120,"column":9}},"type":"if","locations":[{"start":{"line":118,"column":8},"end":{"line":120,"column":9}},{"start":{},"end":{}}],"line":118},"12":{"loc":{"start":{"line":126,"column":8},"end":{"line":137,"column":9}},"type":"switch","locations":[{"start":{"line":127,"column":12},"end":{"line":129,"column":22}},{"start":{"line":130,"column":12},"end":{"line":133,"column":22}},{"start":{"line":134,"column":12},"end":{"line":136,"column":22}}],"line":126}},"s":{"0":0,"1":0,"2":0,"3":0,"4":0,"5":0,"6":0,"7":0,"8":0,"9":0,"10":0,"11":0,"12":0,"13":0,"14":0,"15":0,"16":0,"17":0,"18":0,"19":0,"20":0,"21":0,"22":0,"23":0,"24":0,"25":0,"26":0,"27":0,"28":0,"29":0,"30":0,"31":0,"32":0,"33":0,"34":0,"35":0,"36":0,"37":0,"38":0,"39":0,"40":0,"41":0,"42":0,"43":0,"44":0,"45":0,"46":0,"47":0,"48":0,"49":0,"50":0,"51":0,"52":0,"53":0,"54":0,"55":0,"56":0,"57":0,"58":0,"59":0,"60":0,"61":0,"62":0,"63":0,"64":0},"f":{"0":0,"1":0,"2":0,"3":0,"4":0},"b":{"0":[0],"1":[0],"2":[0],"3":[0,0],"4":[0,0],"5":[0,0],"6":[0,0],"7":[0,0],"8":[0,0],"9":[0,0],"10":[0,0],"11":[0,0],"12":[0,0,0]},"inputSourceMap":null}
,"/app/backend/controllers/CourierIntegrationController.js": {"path":"/app/backend/controllers/CourierIntegrationController.js","statementMap":{"0":{"start":{"line":15,"column":33},"end":{"line":59,"column":1}},"1":{"start":{"line":16,"column":4},"end":{"line":58,"column":5}},"2":{"start":{"line":17,"column":24},"end":{"line":17,"column":68}},"3":{"start":{"line":20,"column":28},"end":{"line":43,"column":10}},"4":{"start":{"line":21,"column":31},"end":{"line":21,"column":48}},"5":{"start":{"line":24,"column":12},"end":{"line":26,"column":13}},"6":{"start":{"line":25,"column":16},"end":{"line":25,"column":76}},"7":{"start":{"line":27,"column":12},"end":{"line":29,"column":13}},"8":{"start":{"line":28,"column":16},"end":{"line":28,"column":54}},"9":{"start":{"line":31,"column":12},"end":{"line":36,"column":13}},"10":{"start":{"line":32,"column":16},"end":{"line":32,"column":51}},"11":{"start":{"line":33,"column":16},"end":{"line":33,"column":68}},"12":{"start":{"line":35,"column":16},"end":{"line":35,"column":52}},"13":{"start":{"line":38,"column":12},"end":{"line":40,"column":13}},"14":{"start":{"line":39,"column":16},"end":{"line":39,"column":58}},"15":{"start":{"line":42,"column":12},"end":{"line":42,"column":30}},"16":{"start":{"line":45,"column":8},"end":{"line":48,"column":11}},"17":{"start":{"line":50,"column":8},"end":{"line":53,"column":11}},"18":{"start":{"line":54,"column":8},"end":{"line":57,"column":11}},"19":{"start":{"line":65,"column":32},"end":{"line":114,"column":1}},"20":{"start":{"line":66,"column":4},"end":{"line":113,"column":5}},"21":{"start":{"line":67,"column":29},"end":{"line":67,"column":39}},"22":{"start":{"line":69,"column":23},"end":{"line":69,"column":80}},"23":{"start":{"line":71,"column":8},"end":{"line":76,"column":9}},"24":{"start":{"line":72,"column":12},"end":{"line":75,"column":15}},"25":{"start":{"line":78,"column":27},"end":{"line":78,"column":44}},"26":{"start":{"line":81,"column":8},"end":{"line":83,"column":9}},"27":{"start":{"line":82,"column":12},"end":{"line":82,"column":72}},"28":{"start":{"line":84,"column":8},"end":{"line":86,"column":9}},"29":{"start":{"line":85,"column":12},"end":{"line":85,"column":50}},"30":{"start":{"line":88,"column":8},"end":{"line":93,"column":9}},"31":{"start":{"line":89,"column":12},"end":{"line":89,"column":47}},"32":{"start":{"line":90,"column":12},"end":{"line":90,"column":64}},"33":{"start":{"line":92,"column":12},"end":{"line":92,"column":48}},"34":{"start":{"line":95,"column":8},"end":{"line":97,"column":9}},"35":{"start":{"line":96,"column":12},"end":{"line":96,"column":54}},"36":{"start":{"line":99,"column":8},"end":{"line":102,"column":11}},"37":{"start":{"line":104,"column":8},"end":{"line":108,"column":11}},"38":{"start":{"line":109,"column":8},"end":{"line":112,"column":11}},"39":{"start":{"line":120,"column":35},"end":{"line":264,"column":1}},"40":{"start":{"line":121,"column":4},"end":{"line":263,"column":5}},"41":{"start":{"line":122,"column":29},"end":{"line":122,"column":39}},"42":{"start":{"line":123,"column":24},"end":{"line":123,"column":32}},"43":{"start":{"line":126,"column":21},"end":{"line":126,"column":78}},"44":{"start":{"line":128,"column":8},"end":{"line":188,"column":9}},"45":{"start":{"line":131,"column":33},"end":{"line":131,"column":85}},"46":{"start":{"line":133,"column":12},"end":{"line":167,"column":15}},"47":{"start":{"line":169,"column":12},"end":{"line":169,"column":32}},"48":{"start":{"line":171,"column":12},"end":{"line":173,"column":15}},"49":{"start":{"line":175,"column":12},"end":{"line":187,"column":15}},"50":{"start":{"line":191,"column":30},"end":{"line":202,"column":9}},"51":{"start":{"line":205,"column":32},"end":{"line":205,"column":55}},"52":{"start":{"line":207,"column":8},"end":{"line":211,"column":9}},"53":{"start":{"line":208,"column":12},"end":{"line":210,"column":13}},"54":{"start":{"line":209,"column":16},"end":{"line":209,"column":47}},"55":{"start":{"line":214,"column":8},"end":{"line":219,"column":9}},"56":{"start":{"line":215,"column":12},"end":{"line":218,"column":13}},"57":{"start":{"line":217,"column":16},"end":{"line":217,"column":47}},"58":{"start":{"line":222,"column":8},"end":{"line":228,"column":9}},"59":{"start":{"line":224,"column":12},"end":{"line":226,"column":13}},"60":{"start":{"line":225,"column":16},"end":{"line":225,"column":42}},"61":{"start":{"line":227,"column":12},"end":{"line":227,"column":67}},"62":{"start":{"line":230,"column":8},"end":{"line":230,"column":38}},"63":{"start":{"line":231,"column":8},"end":{"line":231,"column":28}},"64":{"start":{"line":234,"column":8},"end":{"line":236,"column":9}},"65":{"start":{"line":235,"column":12},"end":{"line":235,"column":50}},"66":{"start":{"line":238,"column":8},"end":{"line":241,"column":11}},"67":{"start":{"line":243,"column":8},"end":{"line":252,"column":11}},"68":{"start":{"line":254,"column":8},"end":{"line":258,"column":11}},"69":{"start":{"line":259,"column":8},"end":{"line":262,"column":11}},"70":{"start":{"line":270,"column":30},"end":{"line":314,"column":1}},"71":{"start":{"line":271,"column":4},"end":{"line":313,"column":5}},"72":{"start":{"line":272,"column":29},"end":{"line":272,"column":39}},"73":{"start":{"line":275,"column":8},"end":{"line":275,"column":53}},"74":{"start":{"line":277,"column":23},"end":{"line":277,"column":79}},"75":{"start":{"line":279,"column":8},"end":{"line":301,"column":9}},"76":{"start":{"line":280,"column":12},"end":{"line":283,"column":15}},"77":{"start":{"line":285,"column":12},"end":{"line":289,"column":15}},"78":{"start":{"line":291,"column":12},"end":{"line":294,"column":15}},"79":{"start":{"line":296,"column":12},"end":{"line":300,"column":15}},"80":{"start":{"line":303,"column":8},"end":{"line":307,"column":11}},"81":{"start":{"line":308,"column":8},"end":{"line":312,"column":11}},"82":{"start":{"line":320,"column":29},"end":{"line":339,"column":1}},"83":{"start":{"line":321,"column":4},"end":{"line":338,"column":5}},"84":{"start":{"line":322,"column":8},"end":{"line":322,"column":53}},"85":{"start":{"line":323,"column":22},"end":{"line":323,"column":69}},"86":{"start":{"line":325,"column":8},"end":{"line":328,"column":11}},"87":{"start":{"line":330,"column":8},"end":{"line":333,"column":11}},"88":{"start":{"line":334,"column":8},"end":{"line":337,"column":11}},"89":{"start":{"line":345,"column":39},"end":{"line":363,"column":1}},"90":{"start":{"line":346,"column":4},"end":{"line":362,"column":5}},"91":{"start":{"line":347,"column":23},"end":{"line":347,"column":59}},"92":{"start":{"line":349,"column":8},"end":{"line":352,"column":11}},"93":{"start":{"line":354,"column":8},"end":{"line":357,"column":11}},"94":{"start":{"line":358,"column":8},"end":{"line":361,"column":11}},"95":{"start":{"line":369,"column":35},"end":{"line":393,"column":1}},"96":{"start":{"line":370,"column":4},"end":{"line":392,"column":5}},"97":{"start":{"line":371,"column":29},"end":{"line":371,"column":39}},"98":{"start":{"line":373,"column":8},"end":{"line":373,"column":46}},"99":{"start":{"line":375,"column":8},"end":{"line":375,"column":59}},"100":{"start":{"line":377,"column":8},"end":{"line":381,"column":11}},"101":{"start":{"line":383,"column":8},"end":{"line":387,"column":11}},"102":{"start":{"line":388,"column":8},"end":{"line":391,"column":11}},"103":{"start":{"line":399,"column":27},"end":{"line":451,"column":1}},"104":{"start":{"line":400,"column":4},"end":{"line":450,"column":5}},"105":{"start":{"line":401,"column":38},"end":{"line":401,"column":46}},"106":{"start":{"line":403,"column":8},"end":{"line":408,"column":9}},"107":{"start":{"line":404,"column":12},"end":{"line":407,"column":15}},"108":{"start":{"line":410,"column":8},"end":{"line":410,"column":53}},"109":{"start":{"line":411,"column":23},"end":{"line":411,"column":85}},"110":{"start":{"line":413,"column":8},"end":{"line":437,"column":9}},"111":{"start":{"line":414,"column":12},"end":{"line":418,"column":15}},"112":{"start":{"line":420,"column":12},"end":{"line":424,"column":15}},"113":{"start":{"line":426,"column":12},"end":{"line":430,"column":15}},"114":{"start":{"line":432,"column":12},"end":{"line":436,"column":15}},"115":{"start":{"line":439,"column":8},"end":{"line":444,"column":11}},"116":{"start":{"line":445,"column":8},"end":{"line":449,"column":11}},"117":{"start":{"line":457,"column":27},"end":{"line":506,"column":1}},"118":{"start":{"line":458,"column":4},"end":{"line":505,"column":5}},"119":{"start":{"line":459,"column":36},"end":{"line":459,"column":44}},"120":{"start":{"line":461,"column":8},"end":{"line":466,"column":9}},"121":{"start":{"line":462,"column":12},"end":{"line":465,"column":15}},"122":{"start":{"line":468,"column":8},"end":{"line":468,"column":53}},"123":{"start":{"line":469,"column":23},"end":{"line":469,"column":83}},"124":{"start":{"line":471,"column":8},"end":{"line":493,"column":9}},"125":{"start":{"line":472,"column":12},"end":{"line":475,"column":15}},"126":{"start":{"line":477,"column":12},"end":{"line":481,"column":15}},"127":{"start":{"line":483,"column":12},"end":{"line":486,"column":15}},"128":{"start":{"line":488,"column":12},"end":{"line":492,"column":15}},"129":{"start":{"line":495,"column":8},"end":{"line":499,"column":11}},"130":{"start":{"line":500,"column":8},"end":{"line":504,"column":11}},"131":{"start":{"line":512,"column":32},"end":{"line":535,"column":1}},"132":{"start":{"line":513,"column":4},"end":{"line":534,"column":5}},"133":{"start":{"line":514,"column":28},"end":{"line":514,"column":38}},"134":{"start":{"line":516,"column":8},"end":{"line":516,"column":53}},"135":{"start":{"line":517,"column":25},"end":{"line":517,"column":82}},"136":{"start":{"line":519,"column":8},"end":{"line":522,"column":11}},"137":{"start":{"line":524,"column":8},"end":{"line":528,"column":11}},"138":{"start":{"line":529,"column":8},"end":{"line":533,"column":11}},"139":{"start":{"line":541,"column":28},"end":{"line":644,"column":1}},"140":{"start":{"line":542,"column":4},"end":{"line":643,"column":5}},"141":{"start":{"line":543,"column":45},"end":{"line":543,"column":54}},"142":{"start":{"line":546,"column":23},"end":{"line":546,"column":80}},"143":{"start":{"line":547,"column":8},"end":{"line":552,"column":9}},"144":{"start":{"line":548,"column":12},"end":{"line":551,"column":15}},"145":{"start":{"line":555,"column":31},"end":{"line":555,"column":72}},"146":{"start":{"line":558,"column":27},"end":{"line":558,"column":56}},"147":{"start":{"line":561,"column":29},"end":{"line":567,"column":15}},"148":{"start":{"line":570,"column":25},"end":{"line":573,"column":10}},"149":{"start":{"line":576,"column":29},"end":{"line":589,"column":10}},"150":{"start":{"line":592,"column":28},"end":{"line":592,"column":47}},"151":{"start":{"line":593,"column":29},"end":{"line":593,"column":107}},"152":{"start":{"line":593,"column":54},"end":{"line":593,"column":99}},"153":{"start":{"line":594,"column":28},"end":{"line":594,"column":97}},"154":{"start":{"line":596,"column":8},"end":{"line":631,"column":11}},"155":{"start":{"line":619,"column":24},"end":{"line":619,"column":51}},"156":{"start":{"line":620,"column":24},"end":{"line":620,"column":35}},"157":{"start":{"line":623,"column":53},"end":{"line":629,"column":17}},"158":{"start":{"line":634,"column":8},"end":{"line":637,"column":11}},"159":{"start":{"line":638,"column":8},"end":{"line":642,"column":11}},"160":{"start":{"line":650,"column":37},"end":{"line":745,"column":1}},"161":{"start":{"line":651,"column":4},"end":{"line":744,"column":5}},"162":{"start":{"line":652,"column":29},"end":{"line":652,"column":39}},"163":{"start":{"line":654,"column":23},"end":{"line":654,"column":80}},"164":{"start":{"line":655,"column":8},"end":{"line":660,"column":9}},"165":{"start":{"line":656,"column":12},"end":{"line":659,"column":15}},"166":{"start":{"line":662,"column":27},"end":{"line":666,"column":9}},"167":{"start":{"line":669,"column":8},"end":{"line":683,"column":9}},"168":{"start":{"line":670,"column":12},"end":{"line":670,"column":37}},"169":{"start":{"line":671,"column":12},"end":{"line":671,"column":68}},"170":{"start":{"line":674,"column":12},"end":{"line":682,"column":13}},"171":{"start":{"line":675,"column":37},"end":{"line":675,"column":64}},"172":{"start":{"line":676,"column":16},"end":{"line":678,"column":17}},"173":{"start":{"line":677,"column":20},"end":{"line":677,"column":96}},"174":{"start":{"line":680,"column":16},"end":{"line":680,"column":93}},"175":{"start":{"line":681,"column":16},"end":{"line":681,"column":83}},"176":{"start":{"line":685,"column":8},"end":{"line":690,"column":9}},"177":{"start":{"line":686,"column":12},"end":{"line":686,"column":37}},"178":{"start":{"line":687,"column":12},"end":{"line":687,"column":64}},"179":{"start":{"line":688,"column":15},"end":{"line":690,"column":9}},"180":{"start":{"line":689,"column":12},"end":{"line":689,"column":96}},"181":{"start":{"line":693,"column":8},"end":{"line":705,"column":9}},"182":{"start":{"line":694,"column":12},"end":{"line":694,"column":73}},"183":{"start":{"line":696,"column":12},"end":{"line":704,"column":13}},"184":{"start":{"line":697,"column":47},"end":{"line":697,"column":81}},"185":{"start":{"line":698,"column":16},"end":{"line":700,"column":17}},"186":{"start":{"line":699,"column":20},"end":{"line":699,"column":103}},"187":{"start":{"line":702,"column":16},"end":{"line":702,"column":103}},"188":{"start":{"line":703,"column":16},"end":{"line":703,"column":90}},"189":{"start":{"line":707,"column":8},"end":{"line":712,"column":9}},"190":{"start":{"line":708,"column":12},"end":{"line":708,"column":37}},"191":{"start":{"line":709,"column":12},"end":{"line":709,"column":58}},"192":{"start":{"line":710,"column":15},"end":{"line":712,"column":9}},"193":{"start":{"line":711,"column":12},"end":{"line":711,"column":95}},"194":{"start":{"line":715,"column":8},"end":{"line":717,"column":9}},"195":{"start":{"line":716,"column":12},"end":{"line":716,"column":61}},"196":{"start":{"line":720,"column":8},"end":{"line":722,"column":9}},"197":{"start":{"line":721,"column":12},"end":{"line":721,"column":68}},"198":{"start":{"line":725,"column":8},"end":{"line":727,"column":9}},"199":{"start":{"line":726,"column":12},"end":{"line":726,"column":68}},"200":{"start":{"line":729,"column":8},"end":{"line":732,"column":11}},"201":{"start":{"line":735,"column":8},"end":{"line":738,"column":11}},"202":{"start":{"line":739,"column":8},"end":{"line":743,"column":11}},"203":{"start":{"line":751,"column":29},"end":{"line":867,"column":1}},"204":{"start":{"line":752,"column":4},"end":{"line":866,"column":5}},"205":{"start":{"line":753,"column":29},"end":{"line":753,"column":39}},"206":{"start":{"line":756,"column":8},"end":{"line":756,"column":53}},"207":{"start":{"line":759,"column":23},"end":{"line":759,"column":80}},"208":{"start":{"line":760,"column":8},"end":{"line":765,"column":9}},"209":{"start":{"line":761,"column":12},"end":{"line":764,"column":15}},"210":{"start":{"line":767,"column":8},"end":{"line":772,"column":9}},"211":{"start":{"line":768,"column":12},"end":{"line":771,"column":15}},"212":{"start":{"line":775,"column":26},"end":{"line":810,"column":9}},"213":{"start":{"line":813,"column":24},"end":{"line":813,"column":78}},"214":{"start":{"line":814,"column":8},"end":{"line":819,"column":9}},"215":{"start":{"line":815,"column":12},"end":{"line":818,"column":15}},"216":{"start":{"line":822,"column":8},"end":{"line":824,"column":9}},"217":{"start":{"line":823,"column":12},"end":{"line":823,"column":39}},"218":{"start":{"line":826,"column":8},"end":{"line":830,"column":11}},"219":{"start":{"line":833,"column":23},"end":{"line":833,"column":59}},"220":{"start":{"line":835,"column":8},"end":{"line":853,"column":9}},"221":{"start":{"line":836,"column":12},"end":{"line":845,"column":15}},"222":{"start":{"line":847,"column":12},"end":{"line":852,"column":15}},"223":{"start":{"line":856,"column":8},"end":{"line":860,"column":11}},"224":{"start":{"line":861,"column":8},"end":{"line":865,"column":11}},"225":{"start":{"line":873,"column":35},"end":{"line":960,"column":1}},"226":{"start":{"line":874,"column":4},"end":{"line":959,"column":5}},"227":{"start":{"line":875,"column":29},"end":{"line":875,"column":39}},"228":{"start":{"line":876,"column":85},"end":{"line":876,"column":93}},"229":{"start":{"line":878,"column":8},"end":{"line":883,"column":9}},"230":{"start":{"line":879,"column":12},"end":{"line":882,"column":15}},"231":{"start":{"line":886,"column":31},"end":{"line":893,"column":9}},"232":{"start":{"line":895,"column":8},"end":{"line":898,"column":11}},"233":{"start":{"line":901,"column":28},"end":{"line":901,"column":108}},"234":{"start":{"line":903,"column":8},"end":{"line":921,"column":9}},"235":{"start":{"line":905,"column":12},"end":{"line":908,"column":15}},"236":{"start":{"line":910,"column":12},"end":{"line":919,"column":15}},"237":{"start":{"line":920,"column":12},"end":{"line":920,"column":19}},"238":{"start":{"line":924,"column":22},"end":{"line":924,"column":56}},"239":{"start":{"line":925,"column":8},"end":{"line":930,"column":9}},"240":{"start":{"line":926,"column":12},"end":{"line":929,"column":15}},"241":{"start":{"line":933,"column":8},"end":{"line":933,"column":66}},"242":{"start":{"line":934,"column":8},"end":{"line":934,"column":60}},"243":{"start":{"line":935,"column":8},"end":{"line":935,"column":53}},"244":{"start":{"line":937,"column":8},"end":{"line":937,"column":27}},"245":{"start":{"line":939,"column":8},"end":{"line":947,"column":11}},"246":{"start":{"line":950,"column":8},"end":{"line":953,"column":11}},"247":{"start":{"line":954,"column":8},"end":{"line":958,"column":11}},"248":{"start":{"line":966,"column":36},"end":{"line":1076,"column":1}},"249":{"start":{"line":967,"column":4},"end":{"line":1075,"column":5}},"250":{"start":{"line":968,"column":29},"end":{"line":968,"column":39}},"251":{"start":{"line":970,"column":23},"end":{"line":975,"column":9}},"252":{"start":{"line":978,"column":23},"end":{"line":978,"column":80}},"253":{"start":{"line":979,"column":8},"end":{"line":983,"column":11}},"254":{"start":{"line":985,"column":8},"end":{"line":988,"column":9}},"255":{"start":{"line":986,"column":12},"end":{"line":986,"column":40}},"256":{"start":{"line":987,"column":12},"end":{"line":987,"column":68}},"257":{"start":{"line":991,"column":31},"end":{"line":991,"column":72}},"258":{"start":{"line":992,"column":8},"end":{"line":997,"column":11}},"259":{"start":{"line":999,"column":8},"end":{"line":1001,"column":9}},"260":{"start":{"line":1000,"column":12},"end":{"line":1000,"column":39}},"261":{"start":{"line":1004,"column":8},"end":{"line":1037,"column":9}},"262":{"start":{"line":1005,"column":12},"end":{"line":1029,"column":13}},"263":{"start":{"line":1006,"column":16},"end":{"line":1006,"column":61}},"264":{"start":{"line":1007,"column":35},"end":{"line":1007,"column":91}},"265":{"start":{"line":1009,"column":16},"end":{"line":1014,"column":19}},"266":{"start":{"line":1016,"column":16},"end":{"line":1019,"column":17}},"267":{"start":{"line":1018,"column":20},"end":{"line":1018,"column":79}},"268":{"start":{"line":1021,"column":16},"end":{"line":1026,"column":19}},"269":{"start":{"line":1028,"column":16},"end":{"line":1028,"column":75}},"270":{"start":{"line":1032,"column":12},"end":{"line":1036,"column":15}},"271":{"start":{"line":1040,"column":31},"end":{"line":1044,"column":10}},"272":{"start":{"line":1046,"column":8},"end":{"line":1051,"column":11}},"273":{"start":{"line":1053,"column":8},"end":{"line":1055,"column":9}},"274":{"start":{"line":1054,"column":12},"end":{"line":1054,"column":39}},"275":{"start":{"line":1057,"column":27},"end":{"line":1058,"column":66}},"276":{"start":{"line":1060,"column":8},"end":{"line":1063,"column":11}},"277":{"start":{"line":1066,"column":8},"end":{"line":1069,"column":11}},"278":{"start":{"line":1070,"column":8},"end":{"line":1074,"column":11}}},"fnMap":{"0":{"name":"(anonymous_0)","decl":{"start":{"line":15,"column":33},"end":{"line":15,"column":34}},"loc":{"start":{"line":15,"column":53},"end":{"line":59,"column":1}},"line":15},"1":{"name":"(anonymous_1)","decl":{"start":{"line":20,"column":40},"end":{"line":20,"column":41}},"loc":{"start":{"line":20,"column":50},"end":{"line":43,"column":9}},"line":20},"2":{"name":"(anonymous_2)","decl":{"start":{"line":65,"column":32},"end":{"line":65,"column":33}},"loc":{"start":{"line":65,"column":52},"end":{"line":114,"column":1}},"line":65},"3":{"name":"(anonymous_3)","decl":{"start":{"line":120,"column":35},"end":{"line":120,"column":36}},"loc":{"start":{"line":120,"column":55},"end":{"line":264,"column":1}},"line":120},"4":{"name":"(anonymous_4)","decl":{"start":{"line":270,"column":30},"end":{"line":270,"column":31}},"loc":{"start":{"line":270,"column":50},"end":{"line":314,"column":1}},"line":270},"5":{"name":"(anonymous_5)","decl":{"start":{"line":320,"column":29},"end":{"line":320,"column":30}},"loc":{"start":{"line":320,"column":49},"end":{"line":339,"column":1}},"line":320},"6":{"name":"(anonymous_6)","decl":{"start":{"line":345,"column":39},"end":{"line":345,"column":40}},"loc":{"start":{"line":345,"column":59},"end":{"line":363,"column":1}},"line":345},"7":{"name":"(anonymous_7)","decl":{"start":{"line":369,"column":35},"end":{"line":369,"column":36}},"loc":{"start":{"line":369,"column":55},"end":{"line":393,"column":1}},"line":369},"8":{"name":"(anonymous_8)","decl":{"start":{"line":399,"column":27},"end":{"line":399,"column":28}},"loc":{"start":{"line":399,"column":47},"end":{"line":451,"column":1}},"line":399},"9":{"name":"(anonymous_9)","decl":{"start":{"line":457,"column":27},"end":{"line":457,"column":28}},"loc":{"start":{"line":457,"column":47},"end":{"line":506,"column":1}},"line":457},"10":{"name":"(anonymous_10)","decl":{"start":{"line":512,"column":32},"end":{"line":512,"column":33}},"loc":{"start":{"line":512,"column":52},"end":{"line":535,"column":1}},"line":512},"11":{"name":"(anonymous_11)","decl":{"start":{"line":541,"column":28},"end":{"line":541,"column":29}},"loc":{"start":{"line":541,"column":48},"end":{"line":644,"column":1}},"line":541},"12":{"name":"(anonymous_12)","decl":{"start":{"line":593,"column":49},"end":{"line":593,"column":50}},"loc":{"start":{"line":593,"column":54},"end":{"line":593,"column":99}},"line":593},"13":{"name":"(anonymous_13)","decl":{"start":{"line":618,"column":54},"end":{"line":618,"column":55}},"loc":{"start":{"line":618,"column":69},"end":{"line":621,"column":21}},"line":618},"14":{"name":"(anonymous_14)","decl":{"start":{"line":623,"column":47},"end":{"line":623,"column":48}},"loc":{"start":{"line":623,"column":53},"end":{"line":629,"column":17}},"line":623},"15":{"name":"(anonymous_15)","decl":{"start":{"line":650,"column":37},"end":{"line":650,"column":38}},"loc":{"start":{"line":650,"column":57},"end":{"line":745,"column":1}},"line":650},"16":{"name":"(anonymous_16)","decl":{"start":{"line":751,"column":29},"end":{"line":751,"column":30}},"loc":{"start":{"line":751,"column":49},"end":{"line":867,"column":1}},"line":751},"17":{"name":"(anonymous_17)","decl":{"start":{"line":873,"column":35},"end":{"line":873,"column":36}},"loc":{"start":{"line":873,"column":55},"end":{"line":960,"column":1}},"line":873},"18":{"name":"(anonymous_18)","decl":{"start":{"line":966,"column":36},"end":{"line":966,"column":37}},"loc":{"start":{"line":966,"column":56},"end":{"line":1076,"
[...]
tart":{"line":62,"column":24},"end":{"line":67,"column":1}},"10":{"start":{"line":63,"column":2},"end":{"line":66,"column":5}},"11":{"start":{"line":69,"column":23},"end":{"line":71,"column":1}},"12":{"start":{"line":70,"column":2},"end":{"line":70,"column":32}},"13":{"start":{"line":73,"column":23},"end":{"line":75,"column":1}},"14":{"start":{"line":74,"column":2},"end":{"line":74,"column":32}},"15":{"start":{"line":77,"column":23},"end":{"line":86,"column":1}},"16":{"start":{"line":78,"column":2},"end":{"line":85,"column":5}}},"fnMap":{"0":{"name":"(anonymous_0)","decl":{"start":{"line":19,"column":24},"end":{"line":19,"column":25}},"loc":{"start":{"line":19,"column":72},"end":{"line":25,"column":3}},"line":19},"1":{"name":"(anonymous_1)","decl":{"start":{"line":62,"column":24},"end":{"line":62,"column":25}},"loc":{"start":{"line":62,"column":49},"end":{"line":67,"column":1}},"line":62},"2":{"name":"(anonymous_2)","decl":{"start":{"line":69,"column":23},"end":{"line":69,"column":24}},"loc":{"start":{"line":69,"column":50},"end":{"line":71,"column":1}},"line":69},"3":{"name":"(anonymous_3)","decl":{"start":{"line":73,"column":23},"end":{"line":73,"column":24}},"loc":{"start":{"line":73,"column":50},"end":{"line":75,"column":1}},"line":73},"4":{"name":"(anonymous_4)","decl":{"start":{"line":77,"column":23},"end":{"line":77,"column":24}},"loc":{"start":{"line":77,"column":51},"end":{"line":86,"column":1}},"line":77}},"branchMap":{"0":{"loc":{"start":{"line":21,"column":4},"end":{"line":23,"column":5}},"type":"if","locations":[{"start":{"line":21,"column":4},"end":{"line":23,"column":5}},{"start":{},"end":{}}],"line":21},"1":{"loc":{"start":{"line":29,"column":9},"end":{"line":29,"column":40}},"type":"binary-expr","locations":[{"start":{"line":29,"column":9},"end":{"line":29,"column":30}},{"start":{"line":29,"column":34},"end":{"line":29,"column":40}}],"line":29},"2":{"loc":{"start":{"line":50,"column":0},"end":{"line":57,"column":1}},"type":"if","locations":[{"start":{"line":50,"column":0},"end":{"line":57,"column":1}},{"start":{},"end":{}}],"line":50},"3":{"loc":{"start":{"line":62,"column":32},"end":{"line":62,"column":44}},"type":"default-arg","locations":[{"start":{"line":62,"column":42},"end":{"line":62,"column":44}}],"line":62},"4":{"loc":{"start":{"line":69,"column":33},"end":{"line":69,"column":45}},"type":"default-arg","locations":[{"start":{"line":69,"column":43},"end":{"line":69,"column":45}}],"line":69},"5":{"loc":{"start":{"line":73,"column":33},"end":{"line":73,"column":45}},"type":"default-arg","locations":[{"start":{"line":73,"column":43},"end":{"line":73,"column":45}}],"line":73}},"s":{"0":3,"1":3,"2":0,"3":0,"4":0,"5":0,"6":3,"7":3,"8":3,"9":3,"10":1,"11":3,"12":1,"13":3,"14":1,"15":3,"16":1},"f":{"0":0,"1":1,"2":1,"3":1,"4":1},"b":{"0":[0,0],"1":[3,3],"2":[3,0],"3":[0],"4":[0],"5":[0]},"inputSourceMap":null,"_coverageSchema":"1a1c01bbd47fc00a2c39e90264f33305004495a9","hash":"f091550b4b4ec081e140dd8a2364ce44f04f9230"}
,"/app/backend/utils/sentry.js": {"path":"/app/backend/utils/sentry.js","statementMap":{"0":{"start":{"line":9,"column":19},"end":{"line":23,"column":1}},"1":{"start":{"line":10,"column":2},"end":{"line":13,"column":3}},"2":{"start":{"line":11,"column":4},"end":{"line":11,"column":77}},"3":{"start":{"line":12,"column":4},"end":{"line":12,"column":11}},"4":{"start":{"line":15,"column":2},"end":{"line":20,"column":5}},"5":{"start":{"line":22,"column":2},"end":{"line":22,"column":88}},"6":{"start":{"line":28,"column":32},"end":{"line":36,"column":1}},"7":{"start":{"line":29,"column":2},"end":{"line":35,"column":3}},"8":{"start":{"line":30,"column":4},"end":{"line":34,"column":7}},"9":{"start":{"line":41,"column":30},"end":{"line":47,"column":1}},"10":{"start":{"line":42,"column":2},"end":{"line":46,"column":3}},"11":{"start":{"line":43,"column":4},"end":{"line":45,"column":7}},"12":{"start":{"line":52,"column":23},"end":{"line":60,"column":1}},"13":{"start":{"line":53,"column":2},"end":{"line":59,"column":3}},"14":{"start":{"line":54,"column":4},"end":{"line":58,"column":7}},"15":{"start":{"line":65,"column":29},"end":{"line":74,"column":1}},"16":{"start":{"line":66,"column":2},"end":{"line":73,"column":3}},"17":{"start":{"line":67,"column":4},"end":{"line":72,"column":7}}},"fnMap":{"0":{"name":"(anonymous_0)","decl":{"start":{"line":9,"column":19},"end":{"line":9,"column":20}},"loc":{"start":{"line":9,"column":25},"end":{"line":23,"column":1}},"line":9},"1":{"name":"(anonymous_1)","decl":{"start":{"line":28,"column":32},"end":{"line":28,"column":33}},"loc":{"start":{"line":28,"column":57},"end":{"line":36,"column":1}},"line":28},"2":{"name":"(anonymous_2)","decl":{"start":{"line":41,"column":30},"end":{"line":41,"column":31}},"loc":{"start":{"line":41,"column":59},"end":{"line":47,"column":1}},"line":41},"3":{"name":"(anonymous_3)","decl":{"start":{"line":52,"column":23},"end":{"line":52,"column":24}},"loc":{"start":{"line":52,"column":33},"end":{"line":60,"column":1}},"line":52},"4":{"name":"(anonymous_4)","decl":{"start":{"line":65,"column":29},"end":{"line":65,"column":30}},"loc":{"start":{"line":65,"column":69},"end":{"line":74,"column":1}},"line":65}},"branchMap":{"0":{"loc":{"start":{"line":10,"column":2},"end":{"line":13,"column":3}},"type":"if","locations":[{"start":{"line":10,"column":2},"end":{"line":13,"column":3}},{"start":{},"end":{}}],"line":10},"1":{"loc":{"start":{"line":17,"column":17},"end":{"line":17,"column":54}},"type":"binary-expr","locations":[{"start":{"line":17,"column":17},"end":{"line":17,"column":37}},{"start":{"line":17,"column":41},"end":{"line":17,"column":54}}],"line":17},"2":{"loc":{"start":{"line":18,"column":22},"end":{"line":18,"column":71}},"type":"cond-expr","locations":[{"start":{"line":18,"column":62},"end":{"line":18,"column":65}},{"start":{"line":18,"column":68},"end":{"line":18,"column":71}}],"line":18},"3":{"loc":{"start":{"line":19,"column":24},"end":{"line":19,"column":73}},"type":"cond-expr","locations":[{"start":{"line":19,"column":64},"end":{"line":19,"column":67}},{"start":{"line":19,"column":70},"end":{"line":19,"column":73}}],"line":19},"4":{"loc":{"start":{"line":28,"column":40},"end":{"line":28,"column":52}},"type":"default-arg","locations":[{"start":{"line":28,"column":50},"end":{"line":28,"column":52}}],"line":28},"5":{"loc":{"start":{"line":29,"column":2},"end":{"line":35,"column":3}},"type":"if","locations":[{"start":{"line":29,"column":2},"end":{"line":35,"column":3}},{"start":{},"end":{}}],"line":29},"6":{"loc":{"start":{"line":41,"column":40},"end":{"line":41,"column":54}},"type":"default-arg","locations":[{"start":{"line":41,"column":48},"end":{"line":41,"column":54}}],"line":41},"7":{"loc":{"start":{"line":42,"column":2},"end":{"line":46,"column":3}},"type":"if","locations":[{"start":{"line":42,"column":2},"end":{"line":46,"column":3}},{"start":{},"end":{}}],"line":42},"8":{"loc":{"start":{"line":53,"column":2},"end":{"line":59,"column":3}},"type":"if","locations":[{"start":{"line":53,"column":2},"end":{"line":59,"column":3}},{"start":{},"end":{}}],"line":53},"9":{"loc":{"start":{"line":55,"column":10},"end":{"line":55,"column":29}},"type":"binary-expr","locations":[{"start":{"line":55,"column":10},"end":{"line":55,"column":18}},{"start":{"line":55,"column":22},"end":{"line":55,"column":29}}],"line":55},"10":{"loc":{"start":{"line":57,"column":16},"end":{"line":57,"column":42}},"type":"binary-expr","locations":[{"start":{"line":57,"column":16},"end":{"line":57,"column":25}},{"start":{"line":57,"column":29},"end":{"line":57,"column":42}}],"line":57},"11":{"loc":{"start":{"line":65,"column":39},"end":{"line":65,"column":48}},"type":"default-arg","locations":[{"start":{"line":65,"column":46},"end":{"line":65,"column":48}}],"line":65},"12":{"loc":{"start":{"line":65,"column":50},"end":{"line":65,"column":64}},"type":"default-arg","locations":[{"start":{"line":65,"column":58},"end":{"line":65,"column":64}}],"line":65},"13":{"loc":{"start":{"line":66,"column":2},"end":{"line":73,"column":3}},"type":"if","locations":[{"start":{"line":66,"column":2},"end":{"line":73,"column":3}},{"start":{},"end":{}}],"line":66}},"s":{"0":0,"1":0,"2":0,"3":0,"4":0,"5":0,"6":0,"7":0,"8":0,"9":0,"10":0,"11":0,"12":0,"13":0,"14":0,"15":0,"16":0,"17":0},"f":{"0":0,"1":0,"2":0,"3":0,"4":0},"b":{"0":[0,0],"1":[0,0],"2":[0,0],"3":[0,0],"4":[0],"5":[0,0],"6":[0],"7":[0,0],"8":[0,0],"9":[0,0],"10":[0,0],"11":[0],"12":[0],"13":[0,0]},"inputSourceMap":null}
,"/app/backend/utils/webhookSecurity.js": {"path":"/app/backend/utils/webhookSecurity.js","statementMap":{"0":{"start":{"line":21,"column":8},"end":{"line":50,"column":9}},"1":{"start":{"line":22,"column":12},"end":{"line":25,"column":13}},"2":{"start":{"line":23,"column":16},"end":{"line":23,"column":77}},"3":{"start":{"line":24,"column":16},"end":{"line":24,"column":29}},"4":{"start":{"line":28,"column":35},"end":{"line":28,"column":68}},"5":{"start":{"line":31,"column":28},"end":{"line":31,"column":69}},"6":{"start":{"line":34,"column":38},"end":{"line":37,"column":30}},"7":{"start":{"line":40,"column":12},"end":{"line":43,"column":14}},"8":{"start":{"line":45,"column":12},"end":{"line":48,"column":15}},"9":{"start":{"line":49,"column":12},"end":{"line":49,"column":25}},"10":{"start":{"line":67,"column":12},"end":{"line":67,"column":19}},"11":{"start":{"line":70,"column":29},"end":{"line":70,"column":46}},"12":{"start":{"line":73,"column":8},"end":{"line":79,"column":9}},"13":{"start":{"line":74,"column":12},"end":{"line":78,"column":14}},"14":{"start":{"line":81,"column":20},"end":{"line":81,"column":30}},"15":{"start":{"line":82,"column":20},"end":{"line":82,"column":38}},"16":{"start":{"line":85,"column":8},"end":{"line":94,"column":9}},"17":{"start":{"line":86,"column":12},"end":{"line":93,"column":14}},"18":{"start":{"line":97,"column":8},"end":{"line":105,"column":9}},"19":{"start":{"line":98,"column":12},"end":{"line":104,"column":14}},"20":{"start":{"line":108,"column":8},"end":{"line":111,"column":10}},"21":{"start":{"line":123,"column":8},"end":{"line":136,"column":9}},"22":{"start":{"line":124,"column":28},"end":{"line":124,"column":69}},"23":{"start":{"line":125,"column":30},"end":{"line":128,"column":30}},"24":{"start":{"line":130,"column":12},"end":{"line":130,"column":41}},"25":{"start":{"line":132,"column":12},"end":{"line":134,"column":15}},"26":{"start":{"line":135,"column":12},"end":{"line":135,"column":78}},"27":{"start":{"line":152,"column":36},"end":{"line":152,"column":78}},"28":{"start":{"line":153,"column":8},"end":{"line":155,"column":9}},"29":{"start":{"line":154,"column":12},"end":{"line":154,"column":39}},"30":{"start":{"line":158,"column":33},"end":{"line":158,"column":95}},"31":{"start":{"line":159,"column":8},"end":{"line":165,"column":9}},"32":{"start":{"line":160,"column":12},"end":{"line":164,"column":14}},"33":{"start":{"line":168,"column":8},"end":{"line":171,"column":10}},"34":{"start":{"line":183,"column":8},"end":{"line":186,"column":27}},"35":{"start":{"line":198,"column":8},"end":{"line":213,"column":9}},"36":{"start":{"line":199,"column":12},"end":{"line":201,"column":13}},"37":{"start":{"line":200,"column":16},"end":{"line":200,"column":29}},"38":{"start":{"line":203,"column":12},"end":{"line":205,"column":13}},"39":{"start":{"line":204,"column":16},"end":{"line":204,"column":29}},"40":{"start":{"line":207,"column":12},"end":{"line":210,"column":14}},"41":{"start":{"line":212,"column":12},"end":{"line":212,"column":25}},"42":{"start":{"line":223,"column":8},"end":{"line":223,"column":58}},"43":{"start":{"line":234,"column":8},"end":{"line":237,"column":27}},"44":{"start":{"line":248,"column":8},"end":{"line":254,"column":10}},"45":{"start":{"line":265,"column":25},"end":{"line":265,"column":51}},"46":{"start":{"line":266,"column":24},"end":{"line":266,"column":65}},"47":{"start":{"line":266,"column":49},"end":{"line":266,"column":64}},"48":{"start":{"line":268,"column":8},"end":{"line":274,"column":9}},"49":{"start":{"line":269,"column":12},"end":{"line":273,"column":14}},"50":{"start":{"line":276,"column":8},"end":{"line":276,"column":31}}},"fnMap":{"0":{"name":"(anonymous_0)","decl":{"start":{"line":20,"column":4},"end":{"line":20,"column":5}},"loc":{"start":{"line":20,"column":69},"end":{"line":51,"column":5}},"line":20},"1":{"name":"(anonymous_1)","decl":{"start":{"line":63,"column":4},"end":{"line":63,"column":5}},"loc":{"start":{"line":63,"column":54},"end":{"line":112,"column":5}},"line":63},"2":{"name":"(anonymous_2)","decl":{"start":{"line":122,"column":4},"end":{"line":122,"column":5}},"loc":{"start":{"line":122,"column":60},"end":{"line":137,"column":5}},"line":122},"3":{"name":"(anonymous_3)","decl":{"start":{"line":150,"column":4},"end":{"line":150,"column":5}},"loc":{"start":{"line":150,"column":81},"end":{"line":172,"column":5}},"line":150},"4":{"name":"(anonymous_4)","decl":{"start":{"line":182,"column":4},"end":{"line":182,"column":5}},"loc":{"start":{"line":182,"column":55},"end":{"line":187,"column":5}},"line":182},"5":{"name":"(anonymous_5)","decl":{"start":{"line":197,"column":4},"end":{"line":197,"column":5}},"loc":{"start":{"line":197,"column":37},"end":{"line":214,"column":5}},"line":197},"6":{"name":"(anonymous_6)","decl":{"start":{"line":222,"column":4},"end":{"line":222,"column":5}},"loc":{"start":{"line":222,"column":42},"end":{"line":224,"column":5}},"line":222},"7":{"name":"(anonymous_7)","decl":{"start":{"line":233,"column":4},"end":{"line":233,"column":5}},"loc":{"start":{"line":233,"column":32},"end":{"line":238,"column":5}},"line":233},"8":{"name":"(anonymous_8)","decl":{"start":{"line":247,"column":4},"end":{"line":247,"column":5}},"loc":{"start":{"line":247,"column":36},"end":{"line":255,"column":5}},"line":247},"9":{"name":"(anonymous_9)","decl":{"start":{"line":264,"column":4},"end":{"line":264,"column":5}},"loc":{"start":{"line":264,"column":36},"end":{"line":277,"column":5}},"line":264},"10":{"name":"(anonymous_10)","decl":{"start":{"line":266,"column":40},"end":{"line":266,"column":41}},"loc":{"start":{"line":266,"column":49},"end":{"line":266,"column":64}},"line":266}},"branchMap":{"0":{"loc":{"start":{"line":22,"column":12},"end":{"line":25,"column":13}},"type":"if","locations":[{"start":{"line":22,"column":12},"end":{"line":25,"column":13}},{"start":{},"end":{}}],"line":22},"1":{"loc":{"start":{"line":22,"column":16},"end":{"line":22,"column":66}},"type":"binary-expr","locations":[{"start":{"line":22,"column":16},"end":{"line":22,"column":24}},{"start":{"line":22,"column":28},"end":{"line":22,"column":38}},{"start":{"line":22,"column":42},"end":{"line":22,"column":52}},{"start":{"line":22,"column":56},"end":{"line":22,"column":66}}],"line":22},"2":{"loc":{"start":{"line":63,"column":40},"end":{"line":63,"column":52}},"type":"default-arg","locations":[{"start":{"line":63,"column":50},"end":{"line":63,"column":52}}],"line":63},"3":{"loc":{"start":{"line":65,"column":12},"end":{"line":65,"column":36}},"type":"default-arg","locations":[{"start":{"line":65,"column":23},"end":{"line":65,"column":36}}],"line":65},"4":{"loc":{"start":{"line":66,"column":12},"end":{"line":66,"column":31}},"type":"default-arg","locations":[{"start":{"line":66,"column":26},"end":{"line":66,"column":31}}],"line":66},"5":{"loc":{"start":{"line":73,"column":8},"end":{"line":79,"column":9}},"type":"if","locations":[{"start":{"line":73,"column":8},"end":{"line":79,"column":9}},{"start":{},"end":{}}],"line":73},"6":{"loc":{"start":{"line":73,"column":12},"end":{"line":73,"column":52}},"type":"binary-expr","locations":[{"start":{"line":73,"column":12},"end":{"line":73,"column":31}},{"start":{"line":73,"column":35},"end":{"line":73,"column":52}}],"line":73},"7":{"loc":{"start":{"line":85,"column":8},"end":{"line":94,"column":9}},"type":"if","locations":[{"start":{"line":85,"column":8},"end":{"line":94,"column":9}},{"start":{},"end":{}}],"line":85},"8":{"loc":{"start":{"line":97,"column":8},"end":{"line":105,"column":9}},"type":"if","locations":[{"start":{"line":97,"column":8},"end":{"line":105,"column":9}},{"start":{},"end":{}}],"line":97},"9":{"loc":{"start":{"line":150,"column":67},"end":{"line":150,"column":79}},"type":"default-arg","locations":[{"start":{"line":150,"column":77},"end":{"line":150,"column":79}}],"line":150},"10":{"loc":{"start":{"line":153,"column":8},"end":{"line":155,"column":9}},"type":"if","locations":[{"start":{"line":153,"column":8},"end":{"line":155,"column":9}},{"start":{},"end":{}}],"line":153},"11":{"loc":{"start":{"line":159,"column":8},"end":{"line":165,"column":9}},"type":"if","locations":[{"start":{"line":159,"column":8},"end":{"line":165,"column":9}},{"start":{},"end":{}}],"line":159},"12":{"loc":{"start":{"line":199,"column":12},"end":{"line":201,"column":13}},"type":"if","locations":[{"start":{"line":199,"column":12},"end":{"line":201,"column":13}},{"start":{},"end":{}}],"line":199},"13":{"loc":{"start":{"line":199,"column":16},"end":{"line":199,"column":62}},"type":"binary-expr","locations":[{"start":{"line":199,"column":16},"end":{"line":199,"column":37}},{"start":{"line":199,"column":41},"end":{"line":199,"column":62}}],"line":199},"14":{"loc":{"start":{"line":203,"column":12},"end":{"line":205,"column":13}},"type":"if","locations":[{"start":{"line":203,"column":12},"end":{"line":205,"column":13}},{"start":{},"end":{}}],"line":203},"15":{"loc":{"start":{"line":222,"column":29},"end":{"line":222,"column":40}},"type":"default-arg","locations":[{"start":{"line":222,"column":38},"end":{"line":222,"column":40}}],"line":222},"16":{"loc":{"start":{"line":249,"column":23},"end":{"line":249,"column":99}},"type":"binary-expr","locations":[{"start":{"line":249,"column":23},"end":{"line":249,"column":53}},{"start":{"line":249,"column":57},"end":{"line":249,"column":91}},{"start":{"line":249,"column":95},"end":{"line":249,"column":99}}],"line":249},"17":{"loc":{"start":{"line":250,"column":23},"end":{"line":250,"column":94}},"type":"binary-expr","locations":[{"start":{"line":250,"column":23},"end":{"line":250,"column":53}},{"start":{"line":250,"column":57},"end":{"line":250,"column":86}},{"start":{"line":250,"column":90},"end":{"line":250,"column":94}}],"line":250},"18":{"loc":{"start":{"line":251,"column":23},"end":{"line":251,"column":88}},"type":"binary-expr","locations":[{"start":{"line":251,"column":23},"end":{"line":251,"column":46}},{"start":{"line":251,"column":50},"end":{"line":251,"column":80}},{"start":{"line":251,"column":84},"end":{"line":251,"column":88}}],"line":251},"19":{"loc":{"start":{"line":252,"column":22},"end":{"line":252,"column":91}},"type":"binary-expr","locations":[{"start":{"line":252,"column":22},"end":{"line":252,"column":51}},{"start":{"line":252,"column":55},"end":{"line":252,"column":83}},{"start":{"line":252,"column":87},"end":{"line":252,"column":91}}],"line":252},"20":{"loc":{"start":{"line":253,"column":25},"end":{"line":253,"column":56}},"type":"binary-expr","locations":[{"start":{"line":253,"column":25},"end":{"line":253,"column":48}},{"start":{"line":253,"column":52},"end":{"line":253,"column":56}}],"line":253},"21":{"loc":{"start":{"line":268,"column":8},"end":{"line":274,"column":9}},"type":"if","locations":[{"start":{"line":268,"column":8},"end":{"line":274,"column":9}},{"start":{},"end":{}}],"line":268}},"s":{"0":0,"1":0,"2":0,"3":0,"4":0,"5":0,"6":0,"7":0,"8":0,"9":0,"10":0,"11":0,"12":0,"13":0,"14":0,"15":0,"16":0,"17":0,"18":0,"19":0,"20":0,"21":0,"22":0,"23":0,"24":0,"25":0,"26":0,"27":0,"28":0,"29":0,"30":0,"31":0,"32":0,"33":0,"34":0,"35":0,"36":0,"37":0,"38":0,"39":0,"40":0,"41":0,"42":0,"43":0,"44":0,"45":0,"46":0,"47":0,"48":0,"49":0,"50":0},"f":{"0":0,"1":0,"2":0,"3":0,"4":0,"5":0,"6":0,"7":0,"8":0,"9":0,"10":0},"b":{"0":[0,0],"1":[0,0,0,0],"2":[0],"3":[0],"4":[0],"5":[0,0],"6":[0,0],"7":[0,0],"8":[0,0],"9":[0],"10":[0,0],"11":[0,0],"12":[0,0],"13":[0,0],"14":[0,0],"15":[0],"16":[0,0,0],"17":[0,0,0],"18":[0,0,0],"19":[0,0,0],"20":[0,0],"21":[0,0]},"inputSourceMap":null}
}
