TN:
SF:controllers/AdminController.js
FN:10,(anonymous_0)
FN:67,(anonymous_1)
FN:73,(anonymous_2)
FN:93,(anonymous_3)
FN:144,(anonymous_4)
FN:191,(anonymous_5)
FN:218,(anonymous_6)
FNF:7
FNH:0
FNDA:0,(anonymous_0)
FNDA:0,(anonymous_1)
FNDA:0,(anonymous_2)
FNDA:0,(anonymous_3)
FNDA:0,(anonymous_4)
FNDA:0,(anonymous_5)
FNDA:0,(anonymous_6)
DA:10,0
DA:11,0
DA:12,0
DA:14,0
DA:15,0
DA:18,0
DA:20,0
DA:21,0
DA:24,0
DA:26,0
DA:27,0
DA:28,0
DA:32,0
DA:35,0
DA:45,0
DA:47,0
DA:59,0
DA:60,0
DA:67,0
DA:68,0
DA:69,0
DA:71,0
DA:73,0
DA:85,0
DA:86,0
DA:93,0
DA:94,0
DA:95,0
DA:97,0
DA:98,0
DA:102,0
DA:103,0
DA:104,0
DA:108,0
DA:110,0
DA:119,0
DA:120,0
DA:122,0
DA:124,0
DA:136,0
DA:137,0
DA:144,0
DA:145,0
DA:146,0
DA:147,0
DA:150,0
DA:151,0
DA:154,0
DA:155,0
DA:156,0
DA:157,0
DA:158,0
DA:159,0
DA:160,0
DA:162,0
DA:164,0
DA:165,0
DA:168,0
DA:170,0
DA:183,0
DA:184,0
DA:191,0
DA:192,0
DA:193,0
DA:196,0
DA:197,0
DA:200,0
DA:202,0
DA:203,0
DA:206,0
DA:208,0
DA:210,0
DA:211,0
DA:218,0
DA:219,0
DA:220,0
DA:222,0
DA:234,0
DA:235,0
LF:79
LH:0
BRDA:14,0,0,0
BRDA:14,0,1,0
BRDA:14,1,0,0
BRDA:14,1,1,0
BRDA:20,2,0,0
BRDA:20,2,1,0
BRDA:26,3,0,0
BRDA:26,3,1,0
BRDA:97,4,0,0
BRDA:97,4,1,0
BRDA:97,5,0,0
BRDA:97,5,1,0
BRDA:97,5,2,0
BRDA:103,6,0,0
BRDA:103,6,1,0
BRDA:114,7,0,0
BRDA:114,7,1,0
BRDA:115,8,0,0
BRDA:115,8,1,0
BRDA:150,9,0,0
BRDA:150,9,1,0
BRDA:150,10,0,0
BRDA:150,10,1,0
BRDA:155,11,0,0
BRDA:155,11,1,0
BRDA:156,12,0,0
BRDA:156,12,1,0
BRDA:157,13,0,0
BRDA:157,13,1,0
BRDA:157,14,0,0
BRDA:157,14,1,0
BRDA:158,15,0,0
BRDA:158,15,1,0
BRDA:159,16,0,0
BRDA:159,16,1,0
BRDA:159,17,0,0
BRDA:159,17,1,0
BRDA:164,18,0,0
BRDA:164,18,1,0
BRDA:196,19,0,0
BRDA:196,19,1,0
BRDA:202,20,0,0
BRDA:202,20,1,0
BRF:43
BRH:0
end_of_record
TN:
SF:controllers/BranchController.js
FN:7,(anonymous_0)
FN:84,(anonymous_1)
FN:109,(anonymous_2)
FN:129,(anonymous_3)
FN:163,(anonymous_4)
FNF:5
FNH:0
FNDA:0,(anonymous_0)
FNDA:0,(anonymous_1)
FNDA:0,(anonymous_2)
FNDA:0,(anonymous_3)
FNDA:0,(anonymous_4)
DA:7,0
DA:8,0
DA:19,0
DA:22,0
DA:23,0
DA:30,0
DA:31,0
DA:32,0
DA:38,0
DA:68,0
DA:70,0
DA:76,0
DA:77,0
DA:84,0
DA:85,0
DA:86,0
DA:88,0
DA:89,0
DA:90,0
DA:93,0
DA:95,0
DA:101,0
DA:102,0
DA:109,0
DA:110,0
DA:111,0
DA:113,0
DA:115,0
DA:116,0
DA:119,0
DA:121,0
DA:122,0
DA:129,0
DA:130,0
DA:131,0
DA:132,0
DA:135,0
DA:136,0
DA:139,0
DA:145,0
DA:146,0
DA:149,0
DA:155,0
DA:156,0
DA:163,0
DA:164,0
DA:165,0
DA:167,0
DA:169,0
DA:170,0
DA:173,0
DA:178,0
DA:179,0
LF:53
LH:0
BRDA:22,0,0,0
BRDA:22,0,1,0
BRDA:22,1,0,0
BRDA:22,1,1,0
BRDA:22,1,2,0
BRDA:31,2,0,0
BRDA:31,2,1,0
BRDA:43,3,0,0
BRDA:43,3,1,0
BRDA:44,4,0,0
BRDA:44,4,1,0
BRDA:45,5,0,0
BRDA:45,5,1,0
BRDA:46,6,0,0
BRDA:46,6,1,0
BRDA:49,7,0,0
BRDA:49,7,1,0
BRDA:50,8,0,0
BRDA:50,8,1,0
BRDA:51,9,0,0
BRDA:51,9,1,0
BRDA:53,10,0,0
BRDA:53,10,1,0
BRDA:57,11,0,0
BRDA:57,11,1,0
BRDA:58,12,0,0
BRDA:58,12,1,0
BRDA:59,13,0,0
BRDA:59,13,1,0
BRDA:64,14,0,0
BRDA:64,14,1,0
BRDA:89,15,0,0
BRDA:89,15,1,0
BRDA:115,16,0,0
BRDA:115,16,1,0
BRDA:135,17,0,0
BRDA:135,17,1,0
BRDA:145,18,0,0
BRDA:145,18,1,0
BRDA:169,19,0,0
BRDA:169,19,1,0
BRF:41
BRH:0
end_of_record
TN:
SF:controllers/CacheManagementController.js
FN:22,(anonymous_0)
FN:38,(anonymous_1)
FN:87,(anonymous_2)
FN:101,(anonymous_3)
FN:137,(anonymous_4)
FN:178,(anonymous_5)
FN:223,(anonymous_6)
FN:271,(anonymous_7)
FN:317,(anonymous_8)
FNF:9
FNH:0
FNDA:0,(anonymous_0)
FNDA:0,(anonymous_1)
FNDA:0,(anonymous_2)
FNDA:0,(anonymous_3)
FNDA:0,(anonymous_4)
FNDA:0,(anonymous_5)
FNDA:0,(anonymous_6)
FNDA:0,(anonymous_7)
FNDA:0,(anonymous_8)
DA:22,0
DA:23,0
DA:24,0
DA:26,0
DA:27,0
DA:35,0
DA:36,0
DA:38,0
DA:39,0
DA:40,0
DA:43,0
DA:65,0
DA:71,0
DA:76,0
DA:87,0
DA:88,0
DA:89,0
DA:90,0
DA:96,0
DA:97,0
DA:100,0
DA:102,0
DA:103,0
DA:104,0
DA:106,0
DA:111,0
DA:121,0
DA:126,0
DA:137,0
DA:138,0
DA:139,0
DA:140,0
DA:146,0
DA:147,0
DA:149,0
DA:150,0
DA:156,0
DA:162,0
DA:167,0
DA:178,0
DA:179,0
DA:180,0
DA:181,0
DA:187,0
DA:189,0
DA:190,0
DA:196,0
DA:201,0
DA:207,0
DA:212,0
DA:223,0
DA:224,0
DA:225,0
DA:226,0
DA:232,0
DA:233,0
DA:235,0
DA:236,0
DA:242,0
DA:248,0
DA:255,0
DA:260,0
DA:271,0
DA:272,0
DA:273,0
DA:274,0
DA:280,0
DA:281,0
DA:283,0
DA:284,0
DA:290,0
DA:295,0
DA:301,0
DA:306,0
DA:317,0
DA:318,0
DA:319,0
DA:320,0
DA:326,0
DA:328,0
DA:334,0
DA:338,0
LF:82
LH:0
BRDA:26,0,0,0
BRDA:26,0,1,0
BRDA:26,1,0,0
BRDA:26,1,1,0
BRDA:30,2,0,0
BRDA:30,2,1,0
BRDA:40,3,0,0
BRDA:40,3,1,0
BRDA:89,4,0,0
BRDA:89,4,1,0
BRDA:96,5,0,0
BRDA:96,6,0,0
BRDA:139,7,0,0
BRDA:139,7,1,0
BRDA:149,8,0,0
BRDA:149,8,1,0
BRDA:180,9,0,0
BRDA:180,9,1,0
BRDA:189,10,0,0
BRDA:189,10,1,0
BRDA:225,11,0,0
BRDA:225,11,1,0
BRDA:235,12,0,0
BRDA:235,12,1,0
BRDA:238,13,0,0
BRDA:238,13,1,0
BRDA:273,14,0,0
BRDA:273,14,1,0
BRDA:283,15,0,0
BRDA:283,15,1,0
BRDA:319,16,0,0
BRDA:319,16,1,0
BRF:32
BRH:0
end_of_record
TN:
SF:controllers/CartController.js
FN:5,(anonymous_0)
FN:31,(anonymous_1)
FN:49,(anonymous_2)
FNF:3
FNH:0
FNDA:0,(anonymous_0)
FNDA:0,(anonymous_1)
FNDA:0,(anonymous_2)
DA:5,0
DA:6,0
DA:7,0
DA:8,0
DA:9,0
DA:11,0
DA:12,0
DA:13,0
DA:15,0
DA:18,0
DA:19,0
DA:22,0
DA:23,0
DA:25,0
DA:26,0
DA:31,0
DA:32,0
DA:33,0
DA:34,0
DA:35,0
DA:37,0
DA:39,0
DA:40,0
DA:43,0
DA:44,0
DA:49,0
DA:50,0
DA:51,0
DA:53,0
DA:54,0
DA:56,0
DA:58,0
DA:59,0
LF:33
LH:0
BRDA:11,0,0,0
BRDA:11,0,1,0
BRDA:12,1,0,0
BRDA:12,1,1,0
BRF:4
BRH:0
end_of_record
TN:
SF:controllers/CorporateController.js
FN:4,(anonymous_0)
FN:16,(anonymous_1)
FN:26,(anonymous_2)
FNF:3
FNH:0
FNDA:0,(anonymous_0)
FNDA:0,(anonymous_1)
FNDA:0,(anonymous_2)
DA:4,0
DA:5,0
DA:6,0
DA:7,0
DA:8,0
DA:9,0
DA:11,0
DA:12,0
DA:16,0
DA:17,0
DA:18,0
DA:19,0
DA:21,0
DA:22,0
DA:26,0
DA:27,0
DA:28,0
DA:29,0
DA:30,0
DA:31,0
DA:32,0
DA:34,0
DA:35,0
LF:23
LH:0
BRDA:30,0,0,0
BRDA:30,0,1,0
BRF:2
BRH:0
end_of_record
TN:
SF:controllers/CouponController.js
FN:5,(anonymous_0)
FN:26,(anonymous_1)
FN:38,(anonymous_2)
FN:48,(anonymous_3)
FN:60,(anonymous_4)
FNF:5
FNH:0
FNDA:0,(anonymous_0)
FNDA:0,(anonymous_1)
FNDA:0,(anonymous_2)
FNDA:0,(anonymous_3)
FNDA:0,(anonymous_4)
DA:5,0
DA:6,0
DA:7,0
DA:8,0
DA:9,0
DA:10,0
DA:11,0
DA:12,0
DA:13,0
DA:14,0
DA:15,0
DA:16,0
DA:17,0
DA:18,0
DA:20,0
DA:21,0
DA:26,0
DA:27,0
DA:28,0
DA:29,0
DA:30,0
DA:31,0
DA:33,0
DA:34,0
DA:38,0
DA:39,0
DA:40,0
DA:41,0
DA:43,0
DA:44,0
DA:48,0
DA:49,0
DA:50,0
DA:51,0
DA:52,0
DA:53,0
DA:55,0
DA:56,0
DA:60,0
DA:61,0
DA:62,0
DA:63,0
DA:64,0
DA:65,0
DA:67,0
DA:68,0
LF:46
LH:0
BRDA:9,0,0,0
BRDA:9,0,1,0
BRDA:11,1,0,0
BRDA:11,1,1,0
BRDA:11,2,0,0
BRDA:11,2,1,0
BRDA:12,3,0,0
BRDA:12,3,1,0
BRDA:13,4,0,0
BRDA:13,4,1,0
BRDA:13,5,0,0
BRDA:13,5,1,0
BRDA:15,6,0,0
BRDA:15,6,1,0
BRF:14
BRH:0
end_of_record
TN:
SF:controllers/CourierController.js
FN:5,(anonymous_0)
FN:15,(anonymous_1)
FN:41,(anonymous_2)
FN:81,(anonymous_3)
FN:113,(anonymous_4)
FNF:5
FNH:0
FNDA:0,(anonymous_0)
FNDA:0,(anonymous_1)
FNDA:0,(anonymous_2)
FNDA:0,(anonymous_3)
FNDA:0,(anonymous_4)
DA:5,0
DA:6,0
DA:7,0
DA:8,0
DA:9,0
DA:11,0
DA:15,0
DA:16,0
DA:17,0
DA:18,0
DA:20,0
DA:28,0
DA:29,0
DA:31,0
DA:34,0
DA:36,0
DA:41,0
DA:42,0
DA:43,0
DA:45,0
DA:46,0
DA:47,0
DA:51,0
DA:54,0
DA:55,0
DA:59,0
DA:60,0
DA:61,0
DA:64,0
DA:66,0
DA:68,0
DA:75,0
DA:76,0
DA:81,0
DA:82,0
DA:83,0
DA:85,0
DA:86,0
DA:87,0
DA:90,0
DA:107,0
DA:108,0
DA:113,0
DA:114,0
DA:115,0
DA:117,0
DA:118,0
DA:119,0
DA:123,0
DA:126,0
DA:128,0
DA:129,0
DA:131,0
DA:132,0
DA:133,0
DA:135,0
DA:136,0
DA:140,0
DA:142,0
DA:144,0
DA:146,0
DA:147,0
DA:152,0
LF:63
LH:0
BRDA:15,0,0,0
BRDA:15,1,0,0
BRDA:15,2,0,0
BRDA:18,3,0,0
BRDA:18,3,1,0
BRDA:28,4,0,0
BRDA:28,4,1,0
BRDA:46,5,0,0
BRDA:46,5,1,0
BRDA:54,6,0,0
BRDA:54,6,1,0
BRDA:61,7,0,0
BRDA:61,7,1,0
BRDA:64,8,0,0
BRDA:64,8,1,0
BRDA:86,9,0,0
BRDA:86,9,1,0
BRDA:97,10,0,0
BRDA:97,10,1,0
BRDA:118,11,0,0
BRDA:118,11,1,0
BRDA:126,12,0,0
BRDA:126,12,1,0
BRDA:126,12,2,0
BRF:24
BRH:0
end_of_record
TN:
SF:controllers/CourierIntegrationController.js
FN:15,(anonymous_0)
FN:20,(anonymous_1)
FN:65,(anonymous_2)
FN:120,(anonymous_3)
FN:270,(anonymous_4)
FN:320,(anonymous_5)
FN:345,(anonymous_6)
FN:369,(anonymous_7)
FN:399,(anonymous_8)
FN:457,(anonymous_9)
FN:512,(anonymous_10)
FN:541,(anonymous_11)
FN:593,(anonymous_12)
FN:618,(anonymous_13)
FN:623,(anonymous_14)
FN:650,(anonymous_15)
FN:751,(anonymous_16)
FN:873,(anonymous_17)
FN:966,(anonymous_18)
FNF:19
FNH:0
FNDA:0,(anonymous_0)
FNDA:0,(anonymous_1)
FNDA:0,(anonymous_2)
FNDA:0,(anonymous_3)
FNDA:0,(anonymous_4)
FNDA:0,(anonymous_5)
FNDA:0,(anonymous_6)
FNDA:0,(anonymous_7)
FNDA:0,(anonymous_8)
FNDA:0,(anonymous_9)
FNDA:0,(anonymous_10)
FNDA:0,(anonymous_11)
FNDA:0,(anonymous_12)
FNDA:0,(anonymous_13)
FNDA:0,(anonymous_14)
FNDA:0,(anonymous_15)
FNDA:0,(anonymous_16)
FNDA:0,(anonymous_17)
FNDA:0,(anonymous_18)
DA:15,0
DA:16,0
DA:17,0
DA:20,0
DA:21,0
DA:24,0
DA:25,0
DA:27,0
DA:28,0
DA:31,0
DA:32,0
DA:33,0
DA:35,0
DA:38,0
DA:39,0
DA:42,0
DA:45,0
DA:50,0
DA:54,0
DA:65,0
DA:66,0
DA:67,0
DA:69,0
DA:71,0
DA:72,0
DA:78,0
DA:81,0
DA:82,0
DA:84,0
DA:85,0
DA:88,0
DA:89,0
DA:90,0
DA:92,0
DA:95,0
DA:96,0
DA:99,0
DA:104,0
DA:109,0
DA:120,0
DA:121,0
DA:122,0
DA:123,0
DA:126,0
DA:128,0
DA:131,0
DA:133,0
DA:169,0
DA:171,0
DA:175,0
DA:191,0
DA:205,0
DA:207,0
DA:208,0
DA:209,0
DA:214,0
DA:215,0
DA:217,0
DA:222,0
DA:224,0
DA:225,0
DA:227,0
DA:230,0
DA:231,0
DA:234,0
DA:235,0
DA:238,0
DA:243,0
DA:254,0
DA:259,0
DA:270,0
DA:271,0
DA:272,0
DA:275,0
DA:277,0
DA:279,0
DA:280,0
DA:285,0
DA:291,0
DA:296,0
DA:303,0
DA:308,0
DA:320,0
DA:321,0
DA:322,0
DA:323,0
DA:325,0
DA:330,0
DA:334,0
DA:345,0
DA:346,0
DA:347,0
DA:349,0
DA:354,0
DA:358,0
DA:369,0
DA:370,0
DA:371,0
DA:373,0
DA:375,0
DA:377,0
DA:383,0
DA:388,0
DA:399,0
DA:400,0
DA:401,0
DA:403,0
DA:404,0
DA:410,0
DA:411,0
DA:413,0
DA:414,0
DA:420,0
DA:426,0
DA:432,0
DA:439,0
DA:445,0
DA:457,0
DA:458,0
DA:459,0
DA:461,0
DA:462,0
DA:468,0
DA:469,0
DA:471,0
DA:472,0
DA:477,0
DA:483,0
DA:488,0
DA:495,0
DA:500,0
DA:512,0
DA:513,0
DA:514,0
DA:516,0
DA:517,0
DA:519,0
DA:524,0
DA:529,0
DA:541,0
DA:542,0
DA:543,0
DA:546,0
DA:547,0
DA:548,0
DA:555,0
DA:558,0
DA:561,0
DA:570,0
DA:576,0
DA:592,0
DA:593,0
DA:594,0
DA:596,0
DA:619,0
DA:620,0
DA:623,0
DA:634,0
DA:638,0
DA:650,0
DA:651,0
DA:652,0
DA:654,0
DA:655,0
DA:656,0
DA:662,0
DA:669,0
DA:670,0
DA:671,0
DA:674,0
DA:675,0
DA:676,0
DA:677,0
DA:680,0
DA:681,0
DA:685,0
DA:686,0
DA:687,0
DA:688,0
DA:689,0
DA:693,0
DA:694,0
DA:696,0
DA:697,0
DA:698,0
DA:699,0
DA:702,0
DA:703,0
DA:707,0
DA:708,0
DA:709,0
DA:710,0
DA:711,0
DA:715,0
DA:716,0
DA:720,0
DA:721,0
DA:725,0
DA:726,0
DA:729,0
DA:735,0
DA:739,0
DA:751,0
DA:752,0
DA:753,0
DA:756,0
DA:759,0
DA:760,0
DA:761,0
DA:767,0
DA:768,0
DA:775,0
DA:813,0
DA:814,0
DA:815,0
DA:822,0
DA:823,0
DA:826,0
DA:833,0
DA:835,0
DA:836,0
DA:847,0
DA:856,0
DA:861,0
DA:873,0
DA:874,0
DA:875,0
DA:876,0
DA:878,0
DA:879,0
DA:886,0
DA:895,0
DA:901,0
DA:903,0
DA:905,0
DA:910,0
DA:920,0
DA:924,0
DA:925,0
DA:926,0
DA:933,0
DA:934,0
DA:935,0
DA:937,0
DA:939,0
DA:950,0
DA:954,0
DA:966,0
DA:967,0
DA:968,0
DA:970,0
DA:978,0
DA:979,0
DA:985,0
DA:986,0
DA:987,0
DA:991,0
DA:992,0
DA:999,0
DA:1000,0
DA:1004,0
DA:1005,0
DA:1006,0
DA:1007,0
DA:1009,0
DA:1016,0
DA:1018,0
DA:1021,0
DA:1028,0
DA:1032,0
DA:1040,0
DA:1046,0
DA:1053,0
DA:1054,0
DA:1057,0
DA:1060,0
DA:1066,0
DA:1070,0
LF:278
LH:0
BRDA:24,0,0,0
BRDA:24,0,1,0
BRDA:27,1,0,0
BRDA:27,1,1,0
BRDA:31,2,0,0
BRDA:31,2,1,0
BRDA:38,3,0,0
BRDA:38,3,1,0
BRDA:71,4,0,0
BRDA:71,4,1,0
BRDA:81,5,0,0
BRDA:81,5,1,0
BRDA:84,6,0,0
BRDA:84,6,1,0
BRDA:88,7,0,0
BRDA:88,7,1,0
BRDA:95,8,0,0
BRDA:95,8,1,0
BRDA:128,9,0,0
BRDA:128,9,1,0
BRDA:135,10,0,0
BRDA:135,10,1,0
BRDA:136,11,0,0
BRDA:136,11,1,0
BRDA:137,12,0,0
BRDA:137,12,1,0
BRDA:138,13,0,0
BRDA:138,13,1,0
BRDA:139,14,0,0
BRDA:139,14,1,0
BRDA:140,15,0,0
BRDA:140,15,1,0
BRDA:141,16,0,0
BRDA:141,16,1,0
BRDA:142,17,0,0
BRDA:142,17,1,0
BRDA:145,18,0,0
BRDA:145,18,1,0
BRDA:154,19,0,0
BRDA:154,19,1,0
BRDA:160,20,0,0
BRDA:160,20,1,0
BRDA:166,21,0,0
BRDA:166,21,1,0
BRDA:180,22,0,0
BRDA:180,22,1,0
BRDA:181,23,0,0
BRDA:181,23,1,0
BRDA:182,24,0,0
BRDA:182,24,1,0
BRDA:208,25,0,0
BRDA:208,25,1,0
BRDA:215,26,0,0
BRDA:215,26,1,0
BRDA:215,27,0,0
BRDA:215,27,1,0
BRDA:222,28,0,0
BRDA:222,28,1,0
BRDA:222,29,0,0
BRDA:222,29,1,0
BRDA:224,30,0,0
BRDA:224,30,1,0
BRDA:234,31,0,0
BRDA:234,31,1,0
BRDA:279,32,0,0
BRDA:279,32,1,0
BRDA:403,33,0,0
BRDA:403,33,1,0
BRDA:413,34,0,0
BRDA:413,34,1,0
BRDA:461,35,0,0
BRDA:461,35,1,0
BRDA:471,36,0,0
BRDA:471,36,1,0
BRDA:543,37,0,0
BRDA:547,38,0,0
BRDA:547,38,1,0
BRDA:594,39,0,0
BRDA:594,39,1,0
BRDA:607,40,0,0
BRDA:607,40,1,0
BRDA:655,41,0,0
BRDA:655,41,1,0
BRDA:669,42,0,0
BRDA:669,42,1,0
BRDA:669,43,0,0
BRDA:669,43,1,0
BRDA:676,44,0,0
BRDA:676,44,1,0
BRDA:676,45,0,0
BRDA:676,45,1,0
BRDA:685,46,0,0
BRDA:685,46,1,0
BRDA:688,47,0,0
BRDA:688,47,1,0
BRDA:688,48,0,0
BRDA:688,48,1,0
BRDA:693,49,0,0
BRDA:693,49,1,0
BRDA:698,50,0,0
BRDA:698,50,1,0
BRDA:698,51,0,0
BRDA:698,51,1,0
BRDA:707,52,0,0
BRDA:707,52,1,0
BRDA:710,53,0,0
BRDA:710,53,1,0
BRDA:710,54,0,0
BRDA:710,54,1,0
BRDA:715,55,0,0
BRDA:715,55,1,0
BRDA:720,56,0,0
BRDA:720,56,1,0
BRDA:725,57,0,0
BRDA:725,57,1,0
BRDA:760,58,0,0
BRDA:760,58,1,0
BRDA:767,59,0,0
BRDA:767,59,1,0
BRDA:813,60,0,0
BRDA:813,60,1,0
BRDA:814,61,0,0
BRDA:814,61,1,0
BRDA:822,62,0,0
BRDA:822,62,1,0
BRDA:835,63,0,0
BRDA:835,63,1,0
BRDA:876,64,0,0
BRDA:876,65,0,0
BRDA:878,66,0,0
BRDA:878,66,1,0
BRDA:901,67,0,0
BRDA:901,67,1,0
BRDA:903,68,0,0
BRDA:903,68,1,0
BRDA:925,69,0,0
BRDA:925,69,1,0
BRDA:933,70,0,0
BRDA:933,70,1,0
BRDA:981,71,0,0
BRDA:981,71,1,0
BRDA:982,72,0,0
BRDA:982,72,1,0
BRDA:985,73,0,0
BRDA:985,73,1,0
BRDA:994,74,0,0
BRDA:994,74,1,0
BRDA:995,75,0,0
BRDA:995,75,1,0
BRDA:999,76,0,0
BRDA:999,76,1,0
BRDA:1004,77,0,0
BRDA:1004,77,1,0
BRDA:1011,78,0,0
BRDA:1011,78,1,0
BRDA:1012,79,0,0
BRDA:1012,79,1,0
BRDA:1016,80,0,0
BRDA:1016,80,1,0
BRDA:1018,81,0,0
BRDA:1018,81,1,0
BRDA:1023,82,0,0
BRDA:1023,82,1,0
BRDA:1025,83,0,0
BRDA:1025,83,1,0
BRDA:1028,84,0,0
BRDA:1028,84,1,0
BRDA:1048,85,0,0
BRDA:1048,85,1,0
BRDA:1053,86,0,0
BRDA:1053,86,1,0
BRDA:1057,87,0,0
BRDA:1057,87,1,0
BRDA:1058,88,0,0
BRDA:1058,88,1,0
BRF:175
BRH:0
end_of_record
TN:
SF:controllers/CourierManagementController.js
FN:8,(anonymous_0)
FN:53,(anonymous_1)
FN:78,(anonymous_2)
FN:98,(anonymous_3)
FN:127,(anonymous_4)
FN:153,(anonymous_5)
FN:225,(anonymous_6)
FN:255,(anonymous_7)
FN:288,(anonymous_8)
FNF:9
FNH:0
FNDA:0,(anonymous_0)
FNDA:0,(anonymous_1)
FNDA:0,(anonymous_2)
FNDA:0,(anonymous_3)
FNDA:0,(anonymous_4)
FNDA:0,(anonymous_5)
FNDA:0,(anonymous_6)
FNDA:0,(anonymous_7)
FNDA:0,(anonymous_8)
DA:8,0
DA:9,0
DA:10,0
DA:13,0
DA:14,0
DA:18,0
DA:19,0
DA:20,0
DA:23,0
DA:37,0
DA:39,0
DA:45,0
DA:46,0
DA:53,0
DA:54,0
DA:55,0
DA:57,0
DA:58,0
DA:59,0
DA:62,0
DA:64,0
DA:70,0
DA:71,0
DA:78,0
DA:79,0
DA:80,0
DA:82,0
DA:84,0
DA:85,0
DA:88,0
DA:90,0
DA:91,0
DA:98,0
DA:99,0
DA:100,0
DA:101,0
DA:103,0
DA:109,0
DA:110,0
DA:113,0
DA:119,0
DA:120,0
DA:127,0
DA:128,0
DA:129,0
DA:131,0
DA:133,0
DA:134,0
DA:138,0
DA:143,0
DA:145,0
DA:146,0
DA:153,0
DA:154,0
DA:155,0
DA:157,0
DA:158,0
DA:162,0
DA:163,0
DA:165,0
DA:166,0
DA:170,0
DA:171,0
DA:175,0
DA:176,0
DA:177,0
DA:185,0
DA:186,0
DA:187,0
DA:190,0
DA:191,0
DA:193,0
DA:194,0
DA:196,0
DA:197,0
DA:200,0
DA:201,0
DA:208,0
DA:210,0
DA:217,0
DA:218,0
DA:225,0
DA:226,0
DA:227,0
DA:229,0
DA:231,0
DA:232,0
DA:236,0
DA:240,0
DA:247,0
DA:248,0
DA:255,0
DA:256,0
DA:257,0
DA:258,0
DA:260,0
DA:261,0
DA:264,0
DA:270,0
DA:271,0
DA:274,0
DA:280,0
DA:281,0
DA:288,0
DA:289,0
DA:290,0
DA:295,0
DA:304,0
DA:310,0
DA:311,0
LF:110
LH:0
BRDA:13,0,0,0
BRDA:13,0,1,0
BRDA:13,1,0,0
BRDA:13,1,1,0
BRDA:19,2,0,0
BRDA:19,2,1,0
BRDA:26,3,0,0
BRDA:26,3,1,0
BRDA:27,4,0,0
BRDA:27,4,1,0
BRDA:28,5,0,0
BRDA:28,5,1,0
BRDA:30,6,0,0
BRDA:30,6,1,0
BRDA:58,7,0,0
BRDA:58,7,1,0
BRDA:84,8,0,0
BRDA:84,8,1,0
BRDA:109,9,0,0
BRDA:109,9,1,0
BRDA:133,10,0,0
BRDA:133,10,1,0
BRDA:157,11,0,0
BRDA:157,11,1,0
BRDA:157,12,0,0
BRDA:157,12,1,0
BRDA:165,13,0,0
BRDA:165,13,1,0
BRDA:165,14,0,0
BRDA:165,14,1,0
BRDA:170,15,0,0
BRDA:170,15,1,0
BRDA:175,16,0,0
BRDA:175,16,1,0
BRDA:175,17,0,0
BRDA:175,17,1,0
BRDA:175,17,2,0
BRDA:176,18,0,0
BRDA:176,18,1,0
BRDA:190,19,0,0
BRDA:190,19,1,0
BRDA:193,20,0,0
BRDA:193,20,1,0
BRDA:200,21,0,0
BRDA:200,21,1,0
BRDA:231,22,0,0
BRDA:231,22,1,0
BRDA:260,23,0,0
BRDA:260,23,1,0
BRDA:270,24,0,0
BRDA:270,24,1,0
BRF:51
BRH:0
end_of_record
TN:
SF:controllers/DeadLetterQueueController.js
FN:9,(anonymous_0)
FN:76,(anonymous_1)
FN:112,(anonymous_2)
FN:214,(anonymous_3)
FN:251,(anonymous_4)
FN:271,(anonymous_5)
FN:332,(anonymous_6)
FN:392,(anonymous_7)
FN:447,(anonymous_8)
FN:490,(anonymous_9)
FN:570,(anonymous_10)
FNF:11
FNH:0
FNDA:0,(anonymous_0)
FNDA:0,(anonymous_1)
FNDA:0,(anonymous_2)
FNDA:0,(anonymous_3)
FNDA:0,(anonymous_4)
FNDA:0,(anonymous_5)
FNDA:0,(anonymous_6)
FNDA:0,(anonymous_7)
FNDA:0,(anonymous_8)
FNDA:0,(anonymous_9)
FNDA:0,(anonymous_10)
DA:9,0
DA:10,0
DA:18,0
DA:21,0
DA:22,0
DA:23,0
DA:24,0
DA:25,0
DA:28,0
DA:36,0
DA:39,0
DA:49,0
DA:61,0
DA:65,0
DA:76,0
DA:77,0
DA:78,0
DA:80,0
DA:84,0
DA:85,0
DA:91,0
DA:96,0
DA:101,0
DA:112,0
DA:113,0
DA:114,0
DA:115,0
DA:117,0
DA:119,0
DA:120,0
DA:127,0
DA:128,0
DA:135,0
DA:136,0
DA:143,0
DA:144,0
DA:145,0
DA:146,0
DA:149,0
DA:151,0
DA:153,0
DA:154,0
DA:155,0
DA:156,0
DA:158,0
DA:165,0
DA:172,0
DA:173,0
DA:174,0
DA:180,0
DA:182,0
DA:190,0
DA:197,0
DA:202,0
DA:214,0
DA:215,0
DA:216,0
DA:218,0
DA:220,0
DA:222,0
DA:226,0
DA:228,0
DA:232,0
DA:236,0
DA:242,0
DA:243,0
DA:250,0
DA:251,0
DA:260,0
DA:268,0
DA:269,0
DA:270,0
DA:271,0
DA:272,0
DA:273,0
DA:274,0
DA:275,0
DA:276,0
DA:282,0
DA:283,0
DA:287,0
DA:288,0
DA:297,0
DA:298,0
DA:305,0
DA:308,0
DA:310,0
DA:316,0
DA:320,0
DA:332,0
DA:333,0
DA:334,0
DA:335,0
DA:337,0
DA:339,0
DA:340,0
DA:346,0
DA:347,0
DA:353,0
DA:354,0
DA:355,0
DA:361,0
DA:363,0
DA:369,0
DA:375,0
DA:380,0
DA:392,0
DA:393,0
DA:394,0
DA:395,0
DA:397,0
DA:399,0
DA:400,0
DA:406,0
DA:407,0
DA:413,0
DA:414,0
DA:415,0
DA:416,0
DA:418,0
DA:424,0
DA:430,0
DA:435,0
DA:447,0
DA:448,0
DA:449,0
DA:451,0
DA:453,0
DA:454,0
DA:460,0
DA:462,0
DA:468,0
DA:473,0
DA:478,0
DA:490,0
DA:491,0
DA:492,0
DA:495,0
DA:519,0
DA:530,0
DA:544,0
DA:554,0
DA:558,0
DA:570,0
DA:571,0
DA:572,0
DA:574,0
DA:575,0
DA:577,0
DA:585,0
DA:591,0
DA:597,0
DA:601,0
LF:153
LH:0
BRDA:12,0,0,0
BRDA:13,1,0,0
BRDA:14,2,0,0
BRDA:15,3,0,0
BRDA:16,4,0,0
BRDA:17,5,0,0
BRDA:22,6,0,0
BRDA:22,6,1,0
BRDA:23,7,0,0
BRDA:23,7,1,0
BRDA:24,8,0,0
BRDA:24,8,1,0
BRDA:25,9,0,0
BRDA:25,9,1,0
BRDA:84,10,0,0
BRDA:84,10,1,0
BRDA:115,11,0,0
BRDA:119,12,0,0
BRDA:119,12,1,0
BRDA:127,13,0,0
BRDA:127,13,1,0
BRDA:127,14,0,0
BRDA:127,14,1,0
BRDA:135,15,0,0
BRDA:135,15,1,0
BRDA:135,16,0,0
BRDA:135,16,1,0
BRDA:151,17,0,0
BRDA:151,17,1,0
BRDA:155,18,0,0
BRDA:155,18,1,0
BRDA:172,19,0,0
BRDA:172,19,1,0
BRDA:173,20,0,0
BRDA:173,20,1,0
BRDA:175,21,0,0
BRDA:175,21,1,0
BRDA:220,22,0,0
BRDA:220,22,1,0
BRDA:220,23,0,0
BRDA:220,23,1,0
BRDA:226,24,0,0
BRDA:226,24,1,0
BRDA:242,25,0,0
BRDA:242,25,1,0
BRDA:274,26,0,0
BRDA:274,26,1,0
BRDA:279,27,0,0
BRDA:279,27,1,0
BRDA:287,28,0,0
BRDA:287,28,1,0
BRDA:289,29,0,0
BRDA:289,29,1,0
BRDA:291,30,0,0
BRDA:291,30,1,0
BRDA:339,31,0,0
BRDA:339,31,1,0
BRDA:346,32,0,0
BRDA:346,32,1,0
BRDA:357,33,0,0
BRDA:357,33,1,0
BRDA:358,34,0,0
BRDA:358,34,1,0
BRDA:359,35,0,0
BRDA:359,35,1,0
BRDA:399,36,0,0
BRDA:399,36,1,0
BRDA:406,37,0,0
BRDA:406,37,1,0
BRDA:415,38,0,0
BRDA:415,38,1,0
BRDA:453,39,0,0
BRDA:453,39,1,0
BRDA:572,40,0,0
BRDA:572,41,0,0
BRF:75
BRH:0
end_of_record
TN:
SF:controllers/DeliveryController.js
FN:6,(anonymous_0)
FN:17,(anonymous_1)
FN:27,(anonymous_2)
FN:38,(anonymous_3)
FN:50,(anonymous_4)
FN:61,(anonymous_5)
FN:71,(anonymous_6)
FN:82,(anonymous_7)
FN:94,(anonymous_8)
FNF:9
FNH:0
FNDA:0,(anonymous_0)
FNDA:0,(anonymous_1)
FNDA:0,(anonymous_2)
FNDA:0,(anonymous_3)
FNDA:0,(anonymous_4)
FNDA:0,(anonymous_5)
FNDA:0,(anonymous_6)
FNDA:0,(anonymous_7)
FNDA:0,(anonymous_8)
DA:6,0
DA:7,0
DA:8,0
DA:9,0
DA:10,0
DA:12,0
DA:13,0
DA:17,0
DA:18,0
DA:19,0
DA:20,0
DA:22,0
DA:23,0
DA:27,0
DA:28,0
DA:29,0
DA:30,0
DA:31,0
DA:33,0
DA:34,0
DA:38,0
DA:39,0
DA:40,0
DA:41,0
DA:42,0
DA:44,0
DA:45,0
DA:50,0
DA:51,0
DA:52,0
DA:53,0
DA:54,0
DA:56,0
DA:57,0
DA:61,0
DA:62,0
DA:63,0
DA:64,0
DA:66,0
DA:67,0
DA:71,0
DA:72,0
DA:73,0
DA:74,0
DA:75,0
DA:77,0
DA:78,0
DA:82,0
DA:83,0
DA:84,0
DA:85,0
DA:86,0
DA:88,0
DA:89,0
DA:94,0
DA:95,0
DA:96,0
DA:97,0
DA:98,0
DA:99,0
DA:100,0
DA:101,0
DA:103,0
DA:104,0
LF:64
LH:0
BRDA:98,0,0,0
BRDA:98,0,1,0
BRDA:99,1,0,0
BRDA:99,1,1,0
BRDA:100,2,0,0
BRDA:100,2,1,0
BRDA:100,3,0,0
BRDA:100,3,1,0
BRF:8
BRH:0
end_of_record
TN:
SF:controllers/EnhancedMediaController.js
FN:6,(anonymous_0)
FN:23,(anonymous_1)
FN:24,(anonymous_2)
FN:49,(anonymous_3)
FN:50,(anonymous_4)
FN:51,(anonymous_5)
FN:52,(anonymous_6)
FN:59,(anonymous_7)
FN:107,(anonymous_8)
FN:149,(anonymous_9)
FN:192,(anonymous_10)
FN:251,(anonymous_11)
FN:270,(anonymous_12)
FN:302,(anonymous_13)
FN:342,(anonymous_14)
FN:364,(anonymous_15)
FN:391,(anonymous_16)
FNF:17
FNH:0
FNDA:0,(anonymous_0)
FNDA:0,(anonymous_1)
FNDA:0,(anonymous_2)
FNDA:0,(anonymous_3)
FNDA:0,(anonymous_4)
FNDA:0,(anonymous_5)
FNDA:0,(anonymous_6)
FNDA:0,(anonymous_7)
FNDA:0,(anonymous_8)
FNDA:0,(anonymous_9)
FNDA:0,(anonymous_10)
FNDA:0,(anonymous_11)
FNDA:0,(anonymous_12)
FNDA:0,(anonymous_13)
FNDA:0,(anonymous_14)
FNDA:0,(anonymous_15)
FNDA:0,(anonymous_16)
DA:6,0
DA:7,0
DA:8,0
DA:9,0
DA:16,0
DA:17,0
DA:20,0
DA:23,0
DA:24,0
DA:25,0
DA:26,0
DA:31,0
DA:34,0
DA:49,0
DA:50,0
DA:51,0
DA:52,0
DA:59,0
DA:71,0
DA:73,0
DA:97,0
DA:98,0
DA:107,0
DA:108,0
DA:118,0
DA:120,0
DA:122,0
DA:123,0
DA:124,0
DA:126,0
DA:127,0
DA:136,0
DA:137,0
DA:138,0
DA:140,0
DA:145,0
DA:147,0
DA:149,0
DA:183,0
DA:184,0
DA:192,0
DA:193,0
DA:194,0
DA:196,0
DA:197,0
DA:204,0
DA:209,0
DA:242,0
DA:243,0
DA:251,0
DA:252,0
DA:261,0
DA:263,0
DA:264,0
DA:265,0
DA:266,0
DA:267,0
DA:268,0
DA:269,0
DA:270,0
DA:272,0
DA:274,0
DA:280,0
DA:281,0
DA:287,0
DA:293,0
DA:294,0
DA:302,0
DA:303,0
DA:304,0
DA:306,0
DA:307,0
DA:314,0
DA:317,0
DA:318,0
DA:326,0
DA:328,0
DA:333,0
DA:334,0
DA:342,0
DA:343,0
DA:344,0
DA:346,0
DA:347,0
DA:348,0
DA:355,0
DA:363,0
DA:364,0
DA:367,0
DA:369,0
DA:372,0
DA:375,0
DA:377,0
DA:382,0
DA:383,0
DA:391,0
DA:392,0
DA:393,0
DA:395,0
DA:396,0
DA:402,0
DA:408,0
DA:409,0
DA:411,0
DA:413,0
DA:419,0
DA:420,0
LF:107
LH:0
BRDA:8,0,0,0
BRDA:8,0,1,0
BRDA:16,1,0,0
BRDA:16,1,1,0
BRDA:17,2,0,0
BRDA:17,2,1,0
BRDA:25,3,0,0
BRDA:25,3,1,0
BRDA:38,4,0,0
BRDA:38,4,1,0
BRDA:42,5,0,0
BRDA:42,5,1,0
BRDA:46,6,0,0
BRDA:46,6,1,0
BRDA:54,7,0,0
BRDA:54,7,1,0
BRDA:55,8,0,0
BRDA:55,8,1,0
BRDA:56,9,0,0
BRDA:56,9,1,0
BRDA:59,10,0,0
BRDA:59,10,1,0
BRDA:60,11,0,0
BRDA:60,11,1,0
BRDA:110,12,0,0
BRDA:111,13,0,0
BRDA:116,14,0,0
BRDA:117,15,0,0
BRDA:122,16,0,0
BRDA:122,16,1,0
BRDA:122,17,0,0
BRDA:122,17,1,0
BRDA:123,18,0,0
BRDA:123,18,1,0
BRDA:123,19,0,0
BRDA:123,19,1,0
BRDA:124,20,0,0
BRDA:124,20,1,0
BRDA:126,21,0,0
BRDA:126,21,1,0
BRDA:138,22,0,0
BRDA:138,22,1,0
BRDA:196,23,0,0
BRDA:196,23,1,0
BRDA:264,24,0,0
BRDA:264,24,1,0
BRDA:265,25,0,0
BRDA:265,25,1,0
BRDA:266,26,0,0
BRDA:266,26,1,0
BRDA:267,27,0,0
BRDA:267,27,1,0
BRDA:268,28,0,0
BRDA:268,28,1,0
BRDA:269,29,0,0
BRDA:269,29,1,0
BRDA:270,30,0,0
BRDA:270,30,1,0
BRDA:272,31,0,0
BRDA:272,31,1,0
BRDA:280,32,0,0
BRDA:280,32,1,0
BRDA:306,33,0,0
BRDA:306,33,1,0
BRDA:317,34,0,0
BRDA:317,34,1,0
BRDA:317,35,0,0
BRDA:317,35,1,0
BRDA:347,36,0,0
BRDA:347,36,1,0
BRDA:364,37,0,0
BRDA:364,37,1,0
BRDA:367,38,0,0
BRDA:367,38,1,0
BRDA:395,39,0,0
BRDA:395,39,1,0
BRDA:403,40,0,0
BRDA:403,40,1,0
BRDA:404,41,0,0
BRDA:404,41,1,0
BRDA:408,42,0,0
BRDA:408,42,1,0
BRDA:409,43,0,0
BRDA:409,43,1,0
BRF:84
BRH:0
end_of_record
TN:
SF:controllers/MediaController.js
FN:7,(anonymous_0)
FN:45,(anonymous_1)
FN:102,(anonymous_2)
FN:138,(anonymous_3)
FN:171,(anonymous_4)
FN:212,(anonymous_5)
FN:229,(anonymous_6)
FN:259,(anonymous_7)
FN:293,(anonymous_8)
FNF:9
FNH:0
FNDA:0,(anonymous_0)
FNDA:0,(anonymous_1)
FNDA:0,(anonymous_2)
FNDA:0,(anonymous_3)
FNDA:0,(anonymous_4)
FNDA:0,(anonymous_5)
FNDA:0,(anonymous_6)
FNDA:0,(anonymous_7)
FNDA:0,(anonymous_8)
DA:7,0
DA:8,0
DA:9,0
DA:10,0
DA:18,0
DA:19,0
DA:22,0
DA:23,0
DA:25,0
DA:30,0
DA:31,0
DA:33,0
DA:45,0
DA:52,0
DA:54,0
DA:74,0
DA:84,0
DA:85,0
DA:87,0
DA:88,0
DA:89,0
DA:90,0
DA:93,0
DA:102,0
DA:103,0
DA:111,0
DA:113,0
DA:115,0
DA:116,0
DA:117,0
DA:118,0
DA:119,0
DA:127,0
DA:129,0
DA:134,0
DA:136,0
DA:138,0
DA:162,0
DA:163,0
DA:171,0
DA:172,0
DA:173,0
DA:175,0
DA:176,0
DA:182,0
DA:203,0
DA:204,0
DA:212,0
DA:213,0
DA:221,0
DA:223,0
DA:224,0
DA:225,0
DA:226,0
DA:227,0
DA:228,0
DA:229,0
DA:231,0
DA:237,0
DA:238,0
DA:244,0
DA:250,0
DA:251,0
DA:259,0
DA:260,0
DA:261,0
DA:263,0
DA:264,0
DA:271,0
DA:272,0
DA:273,0
DA:277,0
DA:279,0
DA:284,0
DA:285,0
DA:293,0
DA:294,0
DA:295,0
DA:297,0
DA:298,0
DA:304,0
DA:306,0
DA:307,0
DA:313,0
DA:314,0
DA:315,0
DA:318,0
DA:319,0
DA:320,0
DA:322,0
DA:336,0
DA:337,0
LF:92
LH:0
BRDA:9,0,0,0
BRDA:9,0,1,0
BRDA:18,1,0,0
BRDA:18,1,1,0
BRDA:43,2,0,0
BRDA:43,2,1,0
BRDA:44,3,0,0
BRDA:44,3,1,0
BRDA:45,4,0,0
BRDA:45,4,1,0
BRDA:46,5,0,0
BRDA:46,5,1,0
BRDA:47,6,0,0
BRDA:47,6,1,0
BRDA:48,7,0,0
BRDA:48,7,1,0
BRDA:49,8,0,0
BRDA:49,8,1,0
BRDA:85,9,0,0
BRDA:85,9,1,0
BRDA:87,10,0,0
BRDA:87,10,1,0
BRDA:89,11,0,0
BRDA:89,11,1,0
BRDA:96,12,0,0
BRDA:96,12,1,0
BRDA:105,13,0,0
BRDA:106,14,0,0
BRDA:115,15,0,0
BRDA:115,15,1,0
BRDA:116,16,0,0
BRDA:116,16,1,0
BRDA:117,17,0,0
BRDA:117,17,1,0
BRDA:118,18,0,0
BRDA:118,18,1,0
BRDA:175,19,0,0
BRDA:175,19,1,0
BRDA:224,20,0,0
BRDA:224,20,1,0
BRDA:225,21,0,0
BRDA:225,21,1,0
BRDA:226,22,0,0
BRDA:226,22,1,0
BRDA:227,23,0,0
BRDA:227,23,1,0
BRDA:228,24,0,0
BRDA:228,24,1,0
BRDA:229,25,0,0
BRDA:229,25,1,0
BRDA:229,26,0,0
BRDA:229,26,1,0
BRDA:237,27,0,0
BRDA:237,27,1,0
BRDA:263,28,0,0
BRDA:263,28,1,0
BRDA:272,29,0,0
BRDA:272,29,1,0
BRDA:297,30,0,0
BRDA:297,30,1,0
BRDA:306,31,0,0
BRDA:306,31,1,0
BRF:62
BRH:0
end_of_record
TN:
SF:controllers/OrderController.js
FN:11,(anonymous_0)
FN:21,(anonymous_1)
FN:47,(anonymous_2)
FN:209,(anonymous_3)
FN:214,(anonymous_4)
FN:219,(anonymous_5)
FN:230,(anonymous_6)
FN:242,(anonymous_7)
FN:315,(anonymous_8)
FN:330,(anonymous_9)
FN:352,(anonymous_10)
FN:372,(anonymous_11)
FN:393,(anonymous_12)
FN:394,(anonymous_13)
FN:415,(anonymous_14)
FN:425,(anonymous_15)
FN:437,(anonymous_16)
FN:461,(anonymous_17)
FN:478,(anonymous_18)
FN:515,(anonymous_19)
FN:598,(anonymous_20)
FNF:21
FNH:0
FNDA:0,(anonymous_0)
FNDA:0,(anonymous_1)
FNDA:0,(anonymous_2)
FNDA:0,(anonymous_3)
FNDA:0,(anonymous_4)
FNDA:0,(anonymous_5)
FNDA:0,(anonymous_6)
FNDA:0,(anonymous_7)
FNDA:0,(anonymous_8)
FNDA:0,(anonymous_9)
FNDA:0,(anonymous_10)
FNDA:0,(anonymous_11)
FNDA:0,(anonymous_12)
FNDA:0,(anonymous_13)
FNDA:0,(anonymous_14)
FNDA:0,(anonymous_15)
FNDA:0,(anonymous_16)
FNDA:0,(anonymous_17)
FNDA:0,(anonymous_18)
FNDA:0,(anonymous_19)
FNDA:0,(anonymous_20)
DA:11,0
DA:12,0
DA:13,0
DA:14,0
DA:15,0
DA:17,0
DA:21,0
DA:22,0
DA:23,0
DA:24,0
DA:26,0
DA:34,0
DA:35,0
DA:37,0
DA:40,0
DA:42,0
DA:47,0
DA:48,0
DA:49,0
DA:52,0
DA:53,0
DA:54,0
DA:55,0
DA:62,0
DA:63,0
DA:70,0
DA:71,0
DA:79,0
DA:80,0
DA:83,0
DA:84,0
DA:85,0
DA:86,0
DA:87,0
DA:89,0
DA:90,0
DA:92,0
DA:93,0
DA:96,0
DA:100,0
DA:103,0
DA:104,0
DA:106,0
DA:107,0
DA:108,0
DA:112,0
DA:118,0
DA:119,0
DA:125,0
DA:126,0
DA:135,0
DA:163,0
DA:166,0
DA:168,0
DA:169,0
DA:172,0
DA:173,0
DA:177,0
DA:180,0
DA:182,0
DA:183,0
DA:184,0
DA:191,0
DA:192,0
DA:193,0
DA:201,0
DA:203,0
DA:204,0
DA:209,0
DA:214,0
DA:219,0
DA:220,0
DA:221,0
DA:222,0
DA:224,0
DA:225,0
DA:230,0
DA:231,0
DA:232,0
DA:233,0
DA:234,0
DA:236,0
DA:237,0
DA:242,0
DA:243,0
DA:244,0
DA:247,0
DA:248,0
DA:249,0
DA:253,0
DA:255,0
DA:258,0
DA:260,0
DA:262,0
DA:263,0
DA:265,0
DA:272,0
DA:273,0
DA:277,0
DA:278,0
DA:286,0
DA:287,0
DA:290,0
DA:291,0
DA:295,0
DA:296,0
DA:298,0
DA:307,0
DA:309,0
DA:310,0
DA:315,0
DA:316,0
DA:317,0
DA:318,0
DA:324,0
DA:325,0
DA:330,0
DA:331,0
DA:332,0
DA:334,0
DA:335,0
DA:336,0
DA:339,0
DA:346,0
DA:347,0
DA:352,0
DA:353,0
DA:354,0
DA:356,0
DA:357,0
DA:358,0
DA:361,0
DA:366,0
DA:367,0
DA:372,0
DA:373,0
DA:374,0
DA:376,0
DA:377,0
DA:378,0
DA:381,0
DA:389,0
DA:390,0
DA:391,0
DA:393,0
DA:394,0
DA:395,0
DA:396,0
DA:397,0
DA:400,0
DA:401,0
DA:407,0
DA:408,0
DA:411,0
DA:415,0
DA:419,0
DA:420,0
DA:425,0
DA:426,0
DA:433,0
DA:437,0
DA:438,0
DA:439,0
DA:441,0
DA:442,0
DA:445,0
DA:447,0
DA:449,0
DA:450,0
DA:452,0
DA:455,0
DA:456,0
DA:461,0
DA:462,0
DA:463,0
DA:464,0
DA:466,0
DA:467,0
DA:469,0
DA:472,0
DA:473,0
DA:478,0
DA:479,0
DA:480,0
DA:482,0
DA:483,0
DA:486,0
DA:487,0
DA:488,0
DA:492,0
DA:493,0
DA:497,0
DA:498,0
DA:501,0
DA:502,0
DA:504,0
DA:505,0
DA:507,0
DA:509,0
DA:510,0
DA:515,0
DA:516,0
DA:517,0
DA:519,0
DA:520,0
DA:523,0
DA:524,0
DA:525,0
DA:529,0
DA:530,0
DA:534,0
DA:535,0
DA:539,0
DA:540,0
DA:541,0
DA:544,0
DA:545,0
DA:549,0
DA:552,0
DA:554,0
DA:556,0
DA:557,0
DA:558,0
DA:559,0
DA:560,0
DA:562,0
DA:568,0
DA:572,0
DA:578,0
DA:582,0
DA:584,0
DA:592,0
DA:593,0
DA:598,0
DA:599,0
DA:600,0
DA:601,0
DA:602,0
DA:604,0
DA:605,0
DA:608,0
DA:609,0
DA:611,0
DA:612,0
DA:613,0
DA:614,0
DA:615,0
DA:617,0
DA:618,0
DA:620,0
DA:622,0
DA:623,0
LF:252
LH:0
BRDA:21,0,0,0
BRDA:21,1,0,0
BRDA:21,2,0,0
BRDA:24,3,0,0
BRDA:24,3,1,0
BRDA:34,4,0,0
BRDA:34,4,1,0
BRDA:52,5,0,0
BRDA:52,5,1,0
BRDA:54,6,0,0
BRDA:54,6,1,0
BRDA:62,7,0,0
BRDA:62,7,1,0
BRDA:70,8,0,0
BRDA:70,8,1,0
BRDA:70,9,0,0
BRDA:70,9,1,0
BRDA:80,10,0,0
BRDA:80,10,1,0
BRDA:89,11,0,0
BRDA:89,11,1,0
BRDA:92,12,0,0
BRDA:92,12,1,0
BRDA:92,13,0,0
BRDA:92,13,1,0
BRDA:100,14,0,0
BRDA:100,14,1,0
BRDA:106,15,0,0
BRDA:106,15,1,0
BRDA:106,16,0,0
BRDA:106,16,1,0
BRDA:107,17,0,0
BRDA:107,17,1,0
BRDA:118,18,0,0
BRDA:118,18,1,0
BRDA:125,19,0,0
BRDA:125,19,1,0
BRDA:140,20,0,0
BRDA:140,20,1,0
BRDA:143,21,0,0
BRDA:143,21,1,0
BRDA:144,22,0,0
BRDA:144,22,1,0
BRDA:149,23,0,0
BRDA:149,23,1,0
BRDA:153,24,0,0
BRDA:153,24,1,0
BRDA:154,25,0,0
BRDA:154,25,1,0
BRDA:155,26,0,0
BRDA:155,26,1,0
BRDA:180,27,0,0
BRDA:180,27,1,0
BRDA:182,28,0,0
BRDA:182,28,1,0
BRDA:191,29,0,0
BRDA:191,29,1,0
BRDA:191,30,0,0
BRDA:191,30,1,0
BRDA:248,31,0,0
BRDA:248,31,1,0
BRDA:253,32,0,0
BRDA:253,32,1,0
BRDA:260,33,0,0
BRDA:260,33,1,0
BRDA:262,34,0,0
BRDA:262,34,1,0
BRDA:272,35,0,0
BRDA:272,35,1,0
BRDA:277,36,0,0
BRDA:277,36,1,0
BRDA:286,37,0,0
BRDA:286,37,1,0
BRDA:286,38,0,0
BRDA:286,38,1,0
BRDA:290,39,0,0
BRDA:290,39,1,0
BRDA:295,40,0,0
BRDA:295,40,1,0
BRDA:319,41,0,0
BRDA:319,41,1,0
BRDA:320,42,0,0
BRDA:320,42,1,0
BRDA:321,43,0,0
BRDA:321,43,1,0
BRDA:335,44,0,0
BRDA:335,44,1,0
BRDA:341,45,0,0
BRDA:341,45,1,0
BRDA:342,46,0,0
BRDA:342,46,1,0
BRDA:343,47,0,0
BRDA:343,47,1,0
BRDA:357,48,0,0
BRDA:357,48,1,0
BRDA:363,49,0,0
BRDA:363,49,1,0
BRDA:377,50,0,0
BRDA:377,50,1,0
BRDA:389,51,0,0
BRDA:389,51,1,0
BRDA:395,52,0,0
BRDA:395,52,1,0
BRDA:400,53,0,0
BRDA:400,53,1,0
BRDA:400,54,0,0
BRDA:400,54,1,0
BRDA:400,55,0,0
BRDA:400,55,1,0
BRDA:407,56,0,0
BRDA:407,56,1,0
BRDA:407,57,0,0
BRDA:407,57,1,0
BRDA:414,58,0,0
BRDA:414,58,1,0
BRDA:415,59,0,0
BRDA:415,59,1,0
BRDA:433,60,0,0
BRDA:433,60,1,0
BRDA:441,61,0,0
BRDA:441,61,1,0
BRDA:441,62,0,0
BRDA:441,62,1,0
BRDA:447,63,0,0
BRDA:447,63,1,0
BRDA:466,64,0,0
BRDA:466,64,1,0
BRDA:482,65,0,0
BRDA:482,65,1,0
BRDA:487,66,0,0
BRDA:487,66,1,0
BRDA:492,67,0,0
BRDA:492,67,1,0
BRDA:497,68,0,0
BRDA:497,68,1,0
BRDA:497,69,0,0
BRDA:497,69,1,0
BRDA:502,70,0,0
BRDA:502,70,1,0
BRDA:519,71,0,0
BRDA:519,71,1,0
BRDA:524,72,0,0
BRDA:524,72,1,0
BRDA:529,73,0,0
BRDA:529,73,1,0
BRDA:534,74,0,0
BRDA:534,74,1,0
BRDA:544,75,0,0
BRDA:544,75,1,0
BRDA:554,76,0,0
BRDA:554,76,1,0
BRDA:556,77,0,0
BRDA:556,77,1,0
BRDA:602,78,0,0
BRDA:602,78,1,0
BRDA:604,79,0,0
BRDA:604,79,1,0
BRDA:604,80,0,0
BRDA:604,80,1,0
BRDA:609,81,0,0
BRDA:609,81,1,0
BRDA:612,82,0,0
BRDA:612,82,1,0
BRDA:618,83,0,0
BRDA:618,83,1,0
BRDA:618,84,0,0
BRDA:618,84,1,0
BRF:167
BRH:0
end_of_record
TN:
SF:controllers/OutgoingWebhookController.js
FN:14,(anonymous_0)
FN:81,(anonymous_1)
FN:119,(anonymous_2)
FN:153,(anonymous_3)
FN:187,(anonymous_4)
FN:237,(anonymous_5)
FN:250,(anonymous_6)
FN:251,(anonymous_7)
FN:252,(anonymous_8)
FN:264,(anonymous_9)
FN:266,(anonymous_10)
FN:294,(anonymous_11)
FN:328,(anonymous_12)
FNF:13
FNH:0
FNDA:0,(anonymous_0)
FNDA:0,(anonymous_1)
FNDA:0,(anonymous_2)
FNDA:0,(anonymous_3)
FNDA:0,(anonymous_4)
FNDA:0,(anonymous_5)
FNDA:0,(anonymous_6)
FNDA:0,(anonymous_7)
FNDA:0,(anonymous_8)
FNDA:0,(anonymous_9)
FNDA:0,(anonymous_10)
FNDA:0,(anonymous_11)
FNDA:0,(anonymous_12)
DA:14,0
DA:15,0
DA:26,0
DA:29,0
DA:30,0
DA:31,0
DA:32,0
DA:33,0
DA:34,0
DA:37,0
DA:38,0
DA:40,0
DA:50,0
DA:64,0
DA:69,0
DA:81,0
DA:82,0
DA:83,0
DA:85,0
DA:89,0
DA:90,0
DA:96,0
DA:102,0
DA:107,0
DA:119,0
DA:120,0
DA:121,0
DA:123,0
DA:125,0
DA:126,0
DA:132,0
DA:133,0
DA:139,0
DA:140,0
DA:147,0
DA:148,0
DA:149,0
DA:150,0
DA:153,0
DA:154,0
DA:160,0
DA:170,0
DA:175,0
DA:187,0
DA:188,0
DA:189,0
DA:190,0
DA:192,0
DA:194,0
DA:195,0
DA:201,0
DA:202,0
DA:208,0
DA:210,0
DA:220,0
DA:225,0
DA:237,0
DA:238,0
DA:239,0
DA:241,0
DA:247,0
DA:250,0
DA:251,0
DA:252,0
DA:253,0
DA:255,0
DA:264,0
DA:266,0
DA:278,0
DA:282,0
DA:294,0
DA:295,0
DA:296,0
DA:298,0
DA:300,0
DA:310,0
DA:316,0
DA:328,0
DA:329,0
DA:330,0
DA:332,0
DA:333,0
DA:339,0
DA:345,0
DA:360,0
DA:367,0
DA:371,0
LF:87
LH:0
BRDA:22,0,0,0
BRDA:23,1,0,0
BRDA:24,2,0,0
BRDA:25,3,0,0
BRDA:30,4,0,0
BRDA:30,4,1,0
BRDA:31,5,0,0
BRDA:31,5,1,0
BRDA:32,6,0,0
BRDA:32,6,1,0
BRDA:33,7,0,0
BRDA:33,7,1,0
BRDA:34,8,0,0
BRDA:34,8,1,0
BRDA:38,9,0,0
BRDA:38,9,1,0
BRDA:89,10,0,0
BRDA:89,10,1,0
BRDA:125,11,0,0
BRDA:125,11,1,0
BRDA:132,12,0,0
BRDA:132,12,1,0
BRDA:139,13,0,0
BRDA:139,13,1,0
BRDA:194,14,0,0
BRDA:194,14,1,0
BRDA:201,15,0,0
BRDA:201,15,1,0
BRDA:208,16,0,0
BRDA:208,16,1,0
BRDA:239,17,0,0
BRDA:250,18,0,0
BRDA:250,18,1,0
BRDA:251,19,0,0
BRDA:251,19,1,0
BRDA:253,20,0,0
BRDA:253,20,1,0
BRDA:264,21,0,0
BRDA:264,21,1,0
BRDA:330,22,0,0
BRDA:330,23,0,0
BRDA:332,24,0,0
BRDA:332,24,1,0
BRDA:354,25,0,0
BRDA:354,25,1,0
BRF:45
BRH:0
end_of_record
TN:
SF:controllers/PayTrController.js
FN:9,(anonymous_0)
FN:26,(anonymous_1)
FN:72,(anonymous_2)
FNF:3
FNH:0
FNDA:0,(anonymous_0)
FNDA:0,(anonymous_1)
FNDA:0,(anonymous_2)
DA:9,0
DA:10,0
DA:11,0
DA:13,0
DA:14,0
DA:15,0
DA:17,0
DA:21,0
DA:22,0
DA:26,0
DA:27,0
DA:28,0
DA:31,0
DA:37,0
DA:38,0
DA:45,0
DA:56,0
DA:62,0
DA:63,0
DA:72,0
DA:73,0
DA:74,0
DA:76,0
DA:78,0
DA:79,0
DA:80,0
DA:81,0
DA:82,0
DA:83,0
DA:85,0
DA:88,0
DA:91,0
LF:32
LH:0
BRDA:14,0,0,0
BRDA:14,0,1,0
BRDA:37,1,0,0
BRDA:37,1,1,0
BRDA:78,2,0,0
BRDA:78,2,1,0
BRF:6
BRH:0
end_of_record
TN:
SF:controllers/ProductController.js
FN:6,(anonymous_0)
FN:12,(anonymous_1)
FN:16,(anonymous_2)
FN:19,(anonymous_3)
FN:27,(anonymous_4)
FN:30,(anonymous_5)
FN:39,(anonymous_6)
FN:76,(anonymous_7)
FN:78,(anonymous_8)
FN:79,(anonymous_9)
FN:79,(anonymous_10)
FN:83,(anonymous_11)
FN:85,(anonymous_12)
FN:120,(anonymous_13)
FN:145,(anonymous_14)
FN:149,(anonymous_15)
FN:152,(anonymous_16)
FN:165,(anonymous_17)
FN:183,(anonymous_18)
FN:185,(anonymous_19)
FN:186,(anonymous_20)
FN:186,(anonymous_21)
FN:194,(anonymous_22)
FN:199,(anonymous_23)
FN:206,(anonymous_24)
FN:215,(anonymous_25)
FN:259,(anonymous_26)
FN:279,(anonymous_27)
FN:292,(anonymous_28)
FNF:29
FNH:0
FNDA:0,(anonymous_0)
FNDA:0,(anonymous_1)
FNDA:0,(anonymous_2)
FNDA:0,(anonymous_3)
FNDA:0,(anonymous_4)
FNDA:0,(anonymous_5)
FNDA:0,(anonymous_6)
FNDA:0,(anonymous_7)
FNDA:0,(anonymous_8)
FNDA:0,(anonymous_9)
FNDA:0,(anonymous_10)
FNDA:0,(anonymous_11)
FNDA:0,(anonymous_12)
FNDA:0,(anonymous_13)
FNDA:0,(anonymous_14)
FNDA:0,(anonymous_15)
FNDA:0,(anonymous_16)
FNDA:0,(anonymous_17)
FNDA:0,(anonymous_18)
FNDA:0,(anonymous_19)
FNDA:0,(anonymous_20)
FNDA:0,(anonymous_21)
FNDA:0,(anonymous_22)
FNDA:0,(anonymous_23)
FNDA:0,(anonymous_24)
FNDA:0,(anonymous_25)
FNDA:0,(anonymous_26)
FNDA:0,(anonymous_27)
FNDA:0,(anonymous_28)
DA:6,0
DA:7,0
DA:8,0
DA:9,0
DA:12,0
DA:13,0
DA:14,0
DA:16,0
DA:17,0
DA:18,0
DA:19,0
DA:20,0
DA:22,0
DA:23,0
DA:24,0
DA:25,0
DA:27,0
DA:30,0
DA:33,0
DA:34,0
DA:36,0
DA:37,0
DA:38,0
DA:40,0
DA:61,0
DA:62,0
DA:65,0
DA:66,0
DA:68,0
DA:73,0
DA:75,0
DA:76,0
DA:77,0
DA:78,0
DA:79,0
DA:80,0
DA:82,0
DA:83,0
DA:85,0
DA:90,0
DA:113,0
DA:114,0
DA:117,0
DA:118,0
DA:119,0
DA:121,0
DA:129,0
DA:131,0
DA:136,0
DA:137,0
DA:140,0
DA:141,0
DA:145,0
DA:146,0
DA:147,0
DA:149,0
DA:150,0
DA:151,0
DA:152,0
DA:153,0
DA:156,0
DA:157,0
DA:160,0
DA:161,0
DA:162,0
DA:163,0
DA:165,0
DA:166,0
DA:168,0
DA:169,0
DA:170,0
DA:171,0
DA:172,0
DA:173,0
DA:174,0
DA:177,0
DA:178,0
DA:179,0
DA:180,0
DA:181,0
DA:182,0
DA:183,0
DA:184,0
DA:185,0
DA:186,0
DA:187,0
DA:189,0
DA:191,0
DA:192,0
DA:193,0
DA:194,0
DA:196,0
DA:197,0
DA:198,0
DA:199,0
DA:205,0
DA:206,0
DA:207,0
DA:210,0
DA:211,0
DA:213,0
DA:214,0
DA:216,0
DA:237,0
DA:238,0
DA:241,0
DA:242,0
DA:244,0
DA:249,0
DA:250,0
DA:251,0
DA:253,0
DA:254,0
DA:259,0
DA:260,0
DA:261,0
DA:264,0
DA:266,0
DA:268,0
DA:271,0
DA:273,0
DA:274,0
DA:279,0
DA:280,0
DA:281,0
DA:282,0
DA:283,0
DA:284,0
DA:286,0
DA:287,0
DA:292,0
DA:293,0
DA:294,0
DA:295,0
DA:296,0
DA:297,0
DA:299,0
DA:301,0
DA:302,0
LF:139
LH:0
BRDA:7,0,0,0
BRDA:7,0,1,0
BRDA:8,1,0,0
BRDA:8,1,1,0
BRDA:17,2,0,0
BRDA:17,2,1,0
BRDA:18,3,0,0
BRDA:18,3,1,0
BRDA:19,4,0,0
BRDA:19,4,1,0
BRDA:22,5,0,0
BRDA:22,5,1,0
BRDA:23,6,0,0
BRDA:23,6,1,0
BRDA:24,7,0,0
BRDA:24,7,1,0
BRDA:25,8,0,0
BRDA:25,8,1,0
BRDA:36,9,0,0
BRDA:36,9,1,0
BRDA:77,10,0,0
BRDA:77,10,1,0
BRDA:78,11,0,0
BRDA:78,11,1,0
BRDA:79,12,0,0
BRDA:79,12,1,0
BRDA:83,13,0,0
BRDA:83,13,1,0
BRDA:83,14,0,0
BRDA:83,14,1,0
BRDA:96,15,0,0
BRDA:96,15,1,0
BRDA:99,16,0,0
BRDA:99,16,1,0
BRDA:100,17,0,0
BRDA:100,17,1,0
BRDA:101,18,0,0
BRDA:101,18,1,0
BRDA:107,19,0,0
BRDA:107,19,1,0
BRDA:108,20,0,0
BRDA:108,20,1,0
BRDA:109,21,0,0
BRDA:109,21,1,0
BRDA:110,22,0,0
BRDA:110,22,1,0
BRDA:111,23,0,0
BRDA:111,23,1,0
BRDA:117,24,0,0
BRDA:117,24,1,0
BRDA:150,25,0,0
BRDA:150,25,1,0
BRDA:151,26,0,0
BRDA:151,26,1,0
BRDA:152,27,0,0
BRDA:152,27,1,0
BRDA:156,28,0,0
BRDA:156,28,1,0
BRDA:160,29,0,0
BRDA:160,29,1,0
BRDA:161,30,0,0
BRDA:161,30,1,0
BRDA:162,31,0,0
BRDA:162,31,1,0
BRDA:163,32,0,0
BRDA:163,32,1,0
BRDA:168,33,0,0
BRDA:168,33,1,0
BRDA:169,34,0,0
BRDA:169,34,1,0
BRDA:170,35,0,0
BRDA:170,35,1,0
BRDA:171,36,0,0
BRDA:171,36,1,0
BRDA:172,37,0,0
BRDA:172,37,1,0
BRDA:173,38,0,0
BRDA:173,38,1,0
BRDA:173,39,0,0
BRDA:173,39,1,0
BRDA:174,40,0,0
BRDA:174,40,1,0
BRDA:177,41,0,0
BRDA:177,41,1,0
BRDA:178,42,0,0
BRDA:178,42,1,0
BRDA:179,43,0,0
BRDA:179,43,1,0
BRDA:180,44,0,0
BRDA:180,44,1,0
BRDA:181,45,0,0
BRDA:181,45,1,0
BRDA:182,46,0,0
BRDA:182,46,1,0
BRDA:184,47,0,0
BRDA:184,47,1,0
BRDA:185,48,0,0
BRDA:185,48,1,0
BRDA:186,49,0,0
BRDA:186,49,1,0
BRDA:191,50,0,0
BRDA:191,50,1,0
BRDA:191,51,0,0
BRDA:191,51,1,0
BRDA:192,52,0,0
BRDA:192,52,1,0
BRDA:192,53,0,0
BRDA:192,53,1,0
BRDA:193,54,0,0
BRDA:193,54,1,0
BRDA:193,55,0,0
BRDA:193,55,1,0
BRDA:194,56,0,0
BRDA:194,56,1,0
BRDA:194,57,0,0
BRDA:194,57,1,0
BRDA:194,58,0,0
BRDA:194,58,1,0
BRDA:197,59,0,0
BRDA:197,59,1,0
BRDA:205,60,0,0
BRDA:205,60,1,0
BRDA:226,61,0,0
BRDA:226,61,1,0
BRDA:227,62,0,0
BRDA:227,62,1,0
BRDA:228,63,0,0
BRDA:228,63,1,0
BRDA:261,64,0,0
BRDA:264,65,0,0
BRDA:264,65,1,0
BRDA:296,66,0,0
BRDA:296,66,1,0
BRF:133
BRH:0
end_of_record
TN:
SF:controllers/ReportController.js
FN:9,(anonymous_0)
FN:24,(anonymous_1)
FN:30,(anonymous_2)
FN:55,(anonymous_3)
FN:65,(anonymous_4)
FN:68,(anonymous_5)
FN:95,(anonymous_6)
FN:105,(anonymous_7)
FN:125,(anonymous_8)
FN:140,(anonymous_9)
FN:141,(anonymous_10)
FN:160,(anonymous_11)
FN:165,(anonymous_12)
FN:172,(anonymous_13)
FN:191,(anonymous_14)
FN:207,(anonymous_15)
FN:214,(anonymous_16)
FN:217,(anonymous_17)
FN:219,(anonymous_18)
FN:246,(anonymous_19)
FN:252,(anonymous_20)
FN:259,(anonymous_21)
FN:265,(anonymous_22)
FN:266,(anonymous_23)
FN:293,(anonymous_24)
FN:304,(anonymous_25)
FN:312,(anonymous_26)
FN:325,(anonymous_27)
FNF:28
FNH:0
FNDA:0,(anonymous_0)
FNDA:0,(anonymous_1)
FNDA:0,(anonymous_2)
FNDA:0,(anonymous_3)
FNDA:0,(anonymous_4)
FNDA:0,(anonymous_5)
FNDA:0,(anonymous_6)
FNDA:0,(anonymous_7)
FNDA:0,(anonymous_8)
FNDA:0,(anonymous_9)
FNDA:0,(anonymous_10)
FNDA:0,(anonymous_11)
FNDA:0,(anonymous_12)
FNDA:0,(anonymous_13)
FNDA:0,(anonymous_14)
FNDA:0,(anonymous_15)
FNDA:0,(anonymous_16)
FNDA:0,(anonymous_17)
FNDA:0,(anonymous_18)
FNDA:0,(anonymous_19)
FNDA:0,(anonymous_20)
FNDA:0,(anonymous_21)
FNDA:0,(anonymous_22)
FNDA:0,(anonymous_23)
FNDA:0,(anonymous_24)
FNDA:0,(anonymous_25)
FNDA:0,(anonymous_26)
FNDA:0,(anonymous_27)
DA:9,0
DA:10,0
DA:11,0
DA:12,0
DA:14,0
DA:15,0
DA:17,0
DA:18,0
DA:20,0
DA:24,0
DA:25,0
DA:26,0
DA:29,0
DA:30,0
DA:31,0
DA:32,0
DA:35,0
DA:47,0
DA:48,0
DA:55,0
DA:56,0
DA:57,0
DA:58,0
DA:59,0
DA:61,0
DA:65,0
DA:66,0
DA:68,0
DA:69,0
DA:70,0
DA:71,0
DA:73,0
DA:74,0
DA:77,0
DA:87,0
DA:88,0
DA:95,0
DA:96,0
DA:97,0
DA:98,0
DA:99,0
DA:101,0
DA:105,0
DA:107,0
DA:117,0
DA:118,0
DA:125,0
DA:126,0
DA:127,0
DA:129,0
DA:130,0
DA:131,0
DA:132,0
DA:133,0
DA:136,0
DA:139,0
DA:140,0
DA:141,0
DA:142,0
DA:143,0
DA:144,0
DA:151,0
DA:152,0
DA:153,0
DA:158,0
DA:159,0
DA:160,0
DA:161,0
DA:165,0
DA:172,0
DA:174,0
DA:183,0
DA:184,0
DA:191,0
DA:192,0
DA:193,0
DA:195,0
DA:196,0
DA:197,0
DA:198,0
DA:199,0
DA:202,0
DA:203,0
DA:206,0
DA:207,0
DA:208,0
DA:209,0
DA:213,0
DA:214,0
DA:217,0
DA:219,0
DA:223,0
DA:224,0
DA:225,0
DA:227,0
DA:238,0
DA:239,0
DA:246,0
DA:247,0
DA:248,0
DA:251,0
DA:252,0
DA:253,0
DA:254,0
DA:258,0
DA:259,0
DA:260,0
DA:261,0
DA:265,0
DA:266,0
DA:268,0
DA:271,0
DA:275,0
DA:285,0
DA:286,0
DA:293,0
DA:294,0
DA:295,0
DA:296,0
DA:297,0
DA:300,0
DA:304,0
DA:305,0
DA:308,0
DA:312,0
DA:313,0
DA:316,0
DA:321,0
DA:324,0
DA:325,0
DA:327,0
DA:351,0
DA:352,0
LF:133
LH:0
BRDA:12,0,0,0
BRDA:12,0,1,0
BRDA:26,1,0,0
BRDA:26,1,1,0
BRDA:31,2,0,0
BRDA:31,2,1,0
BRDA:32,3,0,0
BRDA:32,3,1,0
BRDA:70,4,0,0
BRDA:70,4,1,0
BRDA:113,5,0,0
BRDA:113,5,1,0
BRDA:130,6,0,0
BRDA:130,6,1,0
BRDA:130,7,0,0
BRDA:130,7,1,0
BRDA:132,8,0,0
BRDA:132,8,1,0
BRDA:133,9,0,0
BRDA:133,9,1,0
BRDA:142,10,0,0
BRDA:142,10,1,0
BRDA:143,11,0,0
BRDA:143,11,1,0
BRDA:151,12,0,0
BRDA:151,12,1,0
BRDA:152,13,0,0
BRDA:152,13,1,0
BRDA:152,14,0,0
BRDA:152,14,1,0
BRDA:168,15,0,0
BRDA:168,15,1,0
BRDA:196,16,0,0
BRDA:196,16,1,0
BRDA:196,17,0,0
BRDA:196,17,1,0
BRDA:198,18,0,0
BRDA:198,18,1,0
BRDA:199,19,0,0
BRDA:199,19,1,0
BRDA:209,20,0,0
BRDA:209,20,1,0
BRDA:217,21,0,0
BRDA:217,21,1,0
BRDA:225,22,0,0
BRDA:225,22,1,0
BRDA:234,23,0,0
BRDA:234,23,1,0
BRDA:253,24,0,0
BRDA:253,24,1,0
BRDA:254,25,0,0
BRDA:254,25,1,0
BRDA:260,26,0,0
BRDA:260,26,1,0
BRDA:261,27,0,0
BRDA:261,27,1,0
BRDA:271,28,0,0
BRDA:271,28,1,0
BRDA:316,29,0,0
BRDA:316,29,1,0
BRDA:325,30,0,0
BRDA:325,30,1,0
BRDA:340,31,0,0
BRDA:340,31,1,0
BRF:64
BRH:0
end_of_record
TN:
SF:controllers/SettingsController.js
FN:8,(anonymous_0)
FN:21,(anonymous_1)
FN:35,(anonymous_2)
FN:54,(anonymous_3)
FN:83,(anonymous_4)
FN:91,(anonymous_5)
FN:116,(anonymous_6)
FN:132,(anonymous_7)
FN:170,(anonymous_8)
FN:240,(anonymous_9)
FN:262,(anonymous_10)
FN:310,(anonymous_11)
FN:331,(anonymous_12)
FNF:13
FNH:0
FNDA:0,(anonymous_0)
FNDA:0,(anonymous_1)
FNDA:0,(anonymous_2)
FNDA:0,(anonymous_3)
FNDA:0,(anonymous_4)
FNDA:0,(anonymous_5)
FNDA:0,(anonymous_6)
FNDA:0,(anonymous_7)
FNDA:0,(anonymous_8)
FNDA:0,(anonymous_9)
FNDA:0,(anonymous_10)
FNDA:0,(anonymous_11)
FNDA:0,(anonymous_12)
DA:8,0
DA:9,0
DA:10,0
DA:12,0
DA:13,0
DA:14,0
DA:17,0
DA:20,0
DA:21,0
DA:22,0
DA:25,0
DA:27,0
DA:28,0
DA:35,0
DA:36,0
DA:37,0
DA:38,0
DA:40,0
DA:41,0
DA:44,0
DA:46,0
DA:47,0
DA:54,0
DA:55,0
DA:56,0
DA:58,0
DA:59,0
DA:62,0
DA:73,0
DA:75,0
DA:76,0
DA:83,0
DA:84,0
DA:85,0
DA:87,0
DA:88,0
DA:91,0
DA:92,0
DA:104,0
DA:106,0
DA:108,0
DA:109,0
DA:116,0
DA:117,0
DA:118,0
DA:120,0
DA:122,0
DA:124,0
DA:125,0
DA:132,0
DA:133,0
DA:134,0
DA:136,0
DA:137,0
DA:141,0
DA:143,0
DA:156,0
DA:157,0
DA:159,0
DA:162,0
DA:163,0
DA:170,0
DA:171,0
DA:172,0
DA:223,0
DA:224,0
DA:231,0
DA:233,0
DA:240,0
DA:241,0
DA:242,0
DA:244,0
DA:246,0
DA:252,0
DA:254,0
DA:255,0
DA:262,0
DA:263,0
DA:264,0
DA:266,0
DA:267,0
DA:271,0
DA:272,0
DA:276,0
DA:277,0
DA:278,0
DA:285,0
DA:296,0
DA:302,0
DA:303,0
DA:310,0
DA:311,0
DA:312,0
DA:313,0
DA:315,0
DA:323,0
DA:324,0
DA:331,0
DA:332,0
DA:333,0
DA:335,0
DA:336,0
DA:342,0
DA:344,0
DA:345,0
DA:359,0
DA:360,0
DA:374,0
DA:376,0
DA:378,0
DA:379,0
LF:111
LH:0
BRDA:13,0,0,0
BRDA:13,0,1,0
BRDA:40,1,0,0
BRDA:40,1,1,0
BRDA:58,2,0,0
BRDA:58,2,1,0
BRDA:58,3,0,0
BRDA:58,3,1,0
BRDA:66,4,0,0
BRDA:66,4,1,0
BRDA:87,5,0,0
BRDA:87,5,1,0
BRDA:96,6,0,0
BRDA:96,6,1,0
BRDA:136,7,0,0
BRDA:136,7,1,0
BRDA:146,8,0,0
BRDA:146,8,1,0
BRDA:147,9,0,0
BRDA:147,9,1,0
BRDA:156,10,0,0
BRDA:156,10,1,0
BRDA:159,11,0,0
BRDA:159,11,1,0
BRDA:181,12,0,0
BRDA:181,12,1,0
BRDA:187,13,0,0
BRDA:187,13,1,0
BRDA:193,14,0,0
BRDA:193,14,1,0
BRDA:244,15,0,0
BRDA:244,15,1,0
BRDA:266,16,0,0
BRDA:266,16,1,0
BRDA:271,17,0,0
BRDA:271,17,1,0
BRDA:271,18,0,0
BRDA:271,18,1,0
BRDA:277,19,0,0
BRDA:277,19,1,0
BRDA:319,20,0,0
BRDA:319,20,1,0
BRDA:335,21,0,0
BRDA:335,21,1,0
BRDA:335,22,0,0
BRDA:335,22,1,0
BRDA:344,23,0,0
BRDA:344,23,1,0
BRDA:359,24,0,0
BRDA:359,24,1,0
BRF:50
BRH:0
end_of_record
TN:
SF:controllers/SliderController.js
FN:5,(anonymous_0)
FN:28,(anonymous_1)
FN:41,(anonymous_2)
FN:56,(anonymous_3)
FN:70,(anonymous_4)
FN:121,(anonymous_5)
FN:166,(anonymous_6)
FNF:7
FNH:0
FNDA:0,(anonymous_0)
FNDA:0,(anonymous_1)
FNDA:0,(anonymous_2)
FNDA:0,(anonymous_3)
FNDA:0,(anonymous_4)
FNDA:0,(anonymous_5)
FNDA:0,(anonymous_6)
DA:5,0
DA:6,0
DA:7,0
DA:8,0
DA:20,0
DA:22,0
DA:23,0
DA:28,0
DA:29,0
DA:30,0
DA:31,0
DA:32,0
DA:33,0
DA:35,0
DA:36,0
DA:41,0
DA:42,0
DA:43,0
DA:44,0
DA:48,0
DA:50,0
DA:51,0
DA:56,0
DA:57,0
DA:58,0
DA:59,0
DA:62,0
DA:64,0
DA:65,0
DA:70,0
DA:71,0
DA:77,0
DA:79,0
DA:82,0
DA:83,0
DA:91,0
DA:111,0
DA:112,0
DA:113,0
DA:115,0
DA:116,0
DA:121,0
DA:122,0
DA:123,0
DA:129,0
DA:131,0
DA:147,0
DA:148,0
DA:151,0
DA:152,0
DA:153,0
DA:154,0
DA:156,0
DA:157,0
DA:158,0
DA:160,0
DA:161,0
DA:166,0
DA:167,0
DA:168,0
DA:169,0
DA:170,0
DA:171,0
DA:173,0
DA:174,0
LF:65
LH:0
BRDA:82,0,0,0
BRDA:82,0,1,0
BRDA:92,1,0,0
BRDA:92,1,1,0
BRDA:97,2,0,0
BRDA:97,2,1,0
BRDA:98,3,0,0
BRDA:98,3,1,0
BRDA:102,4,0,0
BRDA:102,4,1,0
BRDA:103,5,0,0
BRDA:103,5,1,0
BRDA:104,6,0,0
BRDA:104,6,1,0
BRDA:105,7,0,0
BRDA:105,7,1,0
BRDA:106,8,0,0
BRDA:106,8,1,0
BRDA:107,9,0,0
BRDA:107,9,1,0
BRDA:108,10,0,0
BRDA:108,10,1,0
BRDA:132,11,0,0
BRDA:132,11,1,0
BRDA:137,12,0,0
BRDA:137,12,1,0
BRDA:138,13,0,0
BRDA:138,13,1,0
BRDA:139,14,0,0
BRDA:139,14,1,0
BRDA:140,15,0,0
BRDA:140,15,1,0
BRDA:141,16,0,0
BRDA:141,16,1,0
BRDA:142,17,0,0
BRDA:142,17,1,0
BRDA:143,18,0,0
BRDA:143,18,1,0
BRDA:144,19,0,0
BRDA:144,19,1,0
BRDA:147,20,0,0
BRDA:147,20,1,0
BRDA:151,21,0,0
BRDA:151,21,1,0
BRDA:152,22,0,0
BRDA:152,22,1,0
BRDA:153,23,0,0
BRDA:153,23,1,0
BRDA:154,24,0,0
BRDA:154,24,1,0
BRF:50
BRH:0
end_of_record
TN:
SF:controllers/UserController.js
FN:7,(anonymous_0)
FN:12,(anonymous_1)
FN:35,(anonymous_2)
FN:73,(anonymous_3)
FNF:4
FNH:0
FNDA:0,(anonymous_0)
FNDA:0,(anonymous_1)
FNDA:0,(anonymous_2)
FNDA:0,(anonymous_3)
DA:7,0
DA:8,0
DA:12,0
DA:13,0
DA:14,0
DA:16,0
DA:17,0
DA:18,0
DA:21,0
DA:22,0
DA:23,0
DA:24,0
DA:26,0
DA:29,0
DA:30,0
DA:35,0
DA:36,0
DA:37,0
DA:40,0
DA:41,0
DA:42,0
DA:46,0
DA:47,0
DA:49,0
DA:50,0
DA:54,0
DA:55,0
DA:56,0
DA:62,0
DA:63,0
DA:64,0
DA:65,0
DA:67,0
DA:68,0
DA:73,0
DA:74,0
DA:75,0
DA:77,0
DA:78,0
DA:82,0
DA:84,0
DA:86,0
DA:87,0
DA:90,0
DA:92,0
DA:93,0
DA:97,0
DA:107,0
DA:108,0
DA:110,0
DA:111,0
LF:51
LH:0
BRDA:17,0,0,0
BRDA:17,0,1,0
BRDA:22,1,0,0
BRDA:22,1,1,0
BRDA:41,2,0,0
BRDA:41,2,1,0
BRDA:46,3,0,0
BRDA:46,3,1,0
BRDA:49,4,0,0
BRDA:49,4,1,0
BRDA:77,5,0,0
BRDA:77,5,1,0
BRDA:77,6,0,0
BRDA:77,6,1,0
BRDA:86,7,0,0
BRDA:86,7,1,0
BRDA:92,8,0,0
BRDA:92,8,1,0
BRF:18
BRH:0
end_of_record
TN:
SF:controllers/WebhookConfigController.js
FN:7,(anonymous_0)
FN:12,(anonymous_1)
FN:40,(anonymous_2)
FN:77,(anonymous_3)
FN:133,(anonymous_4)
FN:183,(anonymous_5)
FN:203,(anonymous_6)
FNF:7
FNH:0
FNDA:0,(anonymous_0)
FNDA:0,(anonymous_1)
FNDA:0,(anonymous_2)
FNDA:0,(anonymous_3)
FNDA:0,(anonymous_4)
FNDA:0,(anonymous_5)
FNDA:0,(anonymous_6)
DA:7,0
DA:8,0
DA:9,0
DA:12,0
DA:29,0
DA:30,0
DA:32,0
DA:33,0
DA:40,0
DA:41,0
DA:42,0
DA:43,0
DA:45,0
DA:46,0
DA:50,0
DA:67,0
DA:69,0
DA:70,0
DA:77,0
DA:78,0
DA:79,0
DA:81,0
DA:82,0
DA:86,0
DA:87,0
DA:88,0
DA:91,0
DA:103,0
DA:105,0
DA:108,0
DA:123,0
DA:125,0
DA:126,0
DA:133,0
DA:134,0
DA:135,0
DA:136,0
DA:138,0
DA:139,0
DA:140,0
DA:144,0
DA:145,0
DA:146,0
DA:147,0
DA:148,0
DA:149,0
DA:150,0
DA:151,0
DA:153,0
DA:155,0
DA:158,0
DA:173,0
DA:175,0
DA:176,0
DA:183,0
DA:184,0
DA:185,0
DA:186,0
DA:188,0
DA:189,0
DA:192,0
DA:193,0
DA:195,0
DA:196,0
DA:203,0
DA:204,0
DA:205,0
DA:206,0
DA:208,0
DA:209,0
DA:212,0
DA:213,0
DA:218,0
DA:219,0
DA:220,0
DA:222,0
DA:224,0
DA:231,0
DA:232,0
LF:79
LH:0
BRDA:45,0,0,0
BRDA:45,0,1,0
BRDA:81,1,0,0
BRDA:81,1,1,0
BRDA:81,2,0,0
BRDA:81,2,1,0
BRDA:81,2,2,0
BRDA:87,3,0,0
BRDA:87,3,1,0
BRDA:95,4,0,0
BRDA:95,4,1,0
BRDA:95,4,2,0
BRDA:96,5,0,0
BRDA:96,5,1,0
BRDA:97,6,0,0
BRDA:97,6,1,0
BRDA:98,7,0,0
BRDA:98,7,1,0
BRDA:99,8,0,0
BRDA:99,8,1,0
BRDA:100,9,0,0
BRDA:100,9,1,0
BRDA:139,10,0,0
BRDA:139,10,1,0
BRDA:144,11,0,0
BRDA:144,11,1,0
BRDA:145,12,0,0
BRDA:145,12,1,0
BRDA:146,13,0,0
BRDA:146,13,1,0
BRDA:147,14,0,0
BRDA:147,14,1,0
BRDA:148,15,0,0
BRDA:148,15,1,0
BRDA:149,16,0,0
BRDA:149,16,1,0
BRDA:150,17,0,0
BRDA:150,17,1,0
BRDA:151,18,0,0
BRDA:151,18,1,0
BRDA:188,19,0,0
BRDA:188,19,1,0
BRDA:208,20,0,0
BRDA:208,20,1,0
BRDA:212,21,0,0
BRDA:212,21,1,0
BRF:46
BRH:0
end_of_record
TN:
SF:controllers/WebhookController.js
FN:13,(anonymous_0)
FN:253,(anonymous_1)
FN:318,(anonymous_2)
FN:363,(anonymous_3)
FN:399,(anonymous_4)
FN:431,(anonymous_5)
FN:463,(anonymous_6)
FN:497,(anonymous_7)
FN:529,(anonymous_8)
FNF:9
FNH:0
FNDA:0,(anonymous_0)
FNDA:0,(anonymous_1)
FNDA:0,(anonymous_2)
FNDA:0,(anonymous_3)
FNDA:0,(anonymous_4)
FNDA:0,(anonymous_5)
FNDA:0,(anonymous_6)
FNDA:0,(anonymous_7)
FNDA:0,(anonymous_8)
DA:13,0
DA:14,0
DA:15,0
DA:17,0
DA:19,0
DA:20,0
DA:21,0
DA:22,0
DA:25,0
DA:26,0
DA:30,0
DA:31,0
DA:40,0
DA:41,0
DA:45,0
DA:46,0
DA:47,0
DA:56,0
DA:58,0
DA:59,0
DA:68,0
DA:71,0
DA:72,0
DA:77,0
DA:78,0
DA:79,0
DA:80,0
DA:89,0
DA:94,0
DA:95,0
DA:105,0
DA:106,0
DA:108,0
DA:109,0
DA:117,0
DA:128,0
DA:130,0
DA:144,0
DA:146,0
DA:147,0
DA:156,0
DA:167,0
DA:172,0
DA:174,0
DA:181,0
DA:184,0
DA:187,0
DA:188,0
DA:189,0
DA:190,0
DA:191,0
DA:192,0
DA:193,0
DA:194,0
DA:196,0
DA:197,0
DA:205,0
DA:212,0
DA:221,0
DA:223,0
DA:231,0
DA:232,0
DA:233,0
DA:234,0
DA:235,0
DA:236,0
DA:237,0
DA:238,0
DA:241,0
DA:253,0
DA:254,0
DA:255,0
DA:258,0
DA:266,0
DA:267,0
DA:276,0
DA:278,0
DA:281,0
DA:284,0
DA:287,0
DA:290,0
DA:293,0
DA:296,0
DA:305,0
DA:306,0
DA:318,0
DA:319,0
DA:321,0
DA:322,0
DA:326,0
DA:327,0
DA:331,0
DA:339,0
DA:340,0
DA:342,0
DA:345,0
DA:347,0
DA:353,0
DA:355,0
DA:356,0
DA:363,0
DA:364,0
DA:365,0
DA:366,0
DA:367,0
DA:368,0
DA:371,0
DA:379,0
DA:380,0
DA:382,0
DA:385,0
DA:387,0
DA:389,0
DA:391,0
DA:392,0
DA:399,0
DA:400,0
DA:401,0
DA:403,0
DA:411,0
DA:412,0
DA:414,0
DA:417,0
DA:419,0
DA:421,0
DA:423,0
DA:424,0
DA:431,0
DA:432,0
DA:433,0
DA:435,0
DA:443,0
DA:444,0
DA:446,0
DA:449,0
DA:451,0
DA:453,0
DA:455,0
DA:456,0
DA:463,0
DA:464,0
DA:465,0
DA:466,0
DA:469,0
DA:477,0
DA:478,0
DA:480,0
DA:483,0
DA:485,0
DA:487,0
DA:489,0
DA:490,0
DA:497,0
DA:498,0
DA:500,0
DA:508,0
DA:509,0
DA:511,0
DA:514,0
DA:516,0
DA:518,0
DA:520,0
DA:521,0
DA:529,0
DA:530,0
DA:532,0
DA:534,0
DA:537,0
DA:546,0
DA:549,0
DA:552,0
DA:558,0
LF:172
LH:0
BRDA:19,0,0,0
BRDA:19,0,1,0
BRDA:20,1,0,0
BRDA:20,1,1,0
BRDA:21,2,0,0
BRDA:21,2,1,0
BRDA:21,2,2,0
BRDA:22,3,0,0
BRDA:22,3,1,0
BRDA:25,4,0,0
BRDA:25,4,1,0
BRDA:25,5,0,0
BRDA:25,5,1,0
BRDA:30,6,0,0
BRDA:30,6,1,0
BRDA:30,7,0,0
BRDA:30,7,1,0
BRDA:40,8,0,0
BRDA:40,8,1,0
BRDA:46,9,0,0
BRDA:46,9,1,0
BRDA:46,10,0,0
BRDA:46,10,1,0
BRDA:46,10,2,0
BRDA:56,11,0,0
BRDA:56,11,1,0
BRDA:56,12,0,0
BRDA:56,12,1,0
BRDA:58,13,0,0
BRDA:58,13,1,0
BRDA:68,14,0,0
BRDA:68,14,1,0
BRDA:71,15,0,0
BRDA:71,15,1,0
BRDA:78,16,0,0
BRDA:78,16,1,0
BRDA:78,17,0,0
BRDA:78,17,1,0
BRDA:94,18,0,0
BRDA:94,18,1,0
BRDA:128,19,0,0
BRDA:128,19,1,0
BRDA:139,20,0,0
BRDA:139,20,1,0
BRDA:146,21,0,0
BRDA:146,21,1,0
BRDA:151,22,0,0
BRDA:151,22,1,0
BRDA:172,23,0,0
BRDA:172,23,1,0
BRDA:187,24,0,0
BRDA:187,24,1,0
BRDA:188,25,0,0
BRDA:188,25,1,0
BRDA:196,26,0,0
BRDA:196,26,1,0
BRDA:212,27,0,0
BRDA:212,27,1,0
BRDA:231,28,0,0
BRDA:231,28,1,0
BRDA:266,29,0,0
BRDA:266,29,1,0
BRDA:276,30,0,0
BRDA:276,30,1,0
BRDA:276,30,2,0
BRDA:276,30,3,0
BRDA:276,30,4,0
BRDA:276,30,5,0
BRDA:276,30,6,0
BRDA:321,31,0,0
BRDA:321,31,1,0
BRDA:326,32,0,0
BRDA:326,32,1,0
BRDA:332,33,0,0
BRDA:332,33,1,0
BRDA:334,34,0,0
BRDA:334,34,1,0
BRDA:335,35,0,0
BRDA:335,35,1,0
BRDA:339,36,0,0
BRDA:339,36,1,0
BRDA:367,37,0,0
BRDA:367,37,1,0
BRDA:374,38,0,0
BRDA:374,38,1,0
BRDA:375,39,0,0
BRDA:375,39,1,0
BRDA:379,40,0,0
BRDA:379,40,1,0
BRDA:406,41,0,0
BRDA:406,41,1,0
BRDA:407,42,0,0
BRDA:407,42,1,0
BRDA:411,43,0,0
BRDA:411,43,1,0
BRDA:438,44,0,0
BRDA:438,44,1,0
BRDA:439,45,0,0
BRDA:439,45,1,0
BRDA:443,46,0,0
BRDA:443,46,1,0
BRDA:465,47,0,0
BRDA:465,47,1,0
BRDA:470,48,0,0
BRDA:470,48,1,0
BRDA:472,49,0,0
BRDA:472,49,1,0
BRDA:473,50,0,0
BRDA:473,50,1,0
BRDA:477,51,0,0
BRDA:477,51,1,0
BRDA:501,52,0,0
BRDA:501,52,1,0
BRDA:503,53,0,0
BRDA:503,53,1,0
BRDA:508,54,0,0
BRDA:508,54,1,0
BRDA:541,55,0,0
BRDA:541,55,1,0
BRF:119
BRH:0
end_of_record
TN:
SF:middleware/AdminAuth.js
FN:9,(anonymous_0)
FNF:1
FNH:0
FNDA:0,(anonymous_0)
DA:9,0
DA:10,0
DA:11,0
DA:13,0
DA:14,0
DA:18,0
DA:21,0
DA:23,0
DA:24,0
DA:26,0
DA:30,0
DA:35,0
DA:36,0
DA:37,0
DA:41,0
DA:42,0
DA:44,0
DA:45,0
LF:18
LH:0
BRDA:13,0,0,0
BRDA:13,0,1,0
BRDA:21,1,0,0
BRDA:21,1,1,0
BRDA:23,2,0,0
BRDA:23,2,1,0
BRDA:35,3,0,0
BRDA:35,3,1,0
BRF:8
BRH:0
end_of_record
TN:
SF:middleware/Auth.js
FN:4,(anonymous_0)
FNF:1
FNH:1
FNDA:9,(anonymous_0)
DA:4,1
DA:5,9
DA:6,9
DA:7,1
DA:10,8
DA:11,8
DA:12,2
DA:13,2
DA:15,6
DA:16,6
LF:10
LH:10
BRDA:6,0,0,1
BRDA:6,0,1,8
BRF:2
BRH:2
end_of_record
TN:
SF:middleware/PermissionMiddleware.js
FN:10,(anonymous_0)
FN:11,(anonymous_1)
FN:40,(anonymous_2)
FN:69,(anonymous_3)
FN:70,(anonymous_4)
FN:109,(anonymous_5)
FNF:6
FNH:0
FNDA:0,(anonymous_0)
FNDA:0,(anonymous_1)
FNDA:0,(anonymous_2)
FNDA:0,(anonymous_3)
FNDA:0,(anonymous_4)
FNDA:0,(anonymous_5)
DA:10,0
DA:11,0
DA:12,0
DA:13,0
DA:15,0
DA:16,0
DA:20,0
DA:23,0
DA:28,0
DA:29,0
DA:30,0
DA:34,0
DA:35,0
DA:36,0
DA:40,0
DA:41,0
DA:44,0
DA:45,0
DA:50,0
DA:56,0
DA:57,0
DA:59,0
DA:60,0
DA:69,0
DA:70,0
DA:71,0
DA:72,0
DA:74,0
DA:75,0
DA:78,0
DA:79,0
DA:84,0
DA:85,0
DA:88,0
DA:89,0
DA:94,0
DA:97,0
DA:98,0
DA:100,0
DA:101,0
DA:109,0
DA:110,0
DA:111,0
DA:116,0
LF:44
LH:0
BRDA:15,0,0,0
BRDA:15,0,1,0
BRDA:28,1,0,0
BRDA:28,1,1,0
BRDA:34,2,0,0
BRDA:34,2,1,0
BRDA:44,3,0,0
BRDA:44,3,1,0
BRDA:74,4,0,0
BRDA:74,4,1,0
BRDA:84,5,0,0
BRDA:84,5,1,0
BRDA:88,6,0,0
BRDA:88,6,1,0
BRF:14
BRH:0
end_of_record
TN:
SF:middleware/StockCheck.js
FN:8,(anonymous_0)
FN:42,(anonymous_1)
FN:60,(anonymous_2)
FNF:3
FNH:0
FNDA:0,(anonymous_0)
FNDA:0,(anonymous_1)
FNDA:0,(anonymous_2)
DA:8,0
DA:9,0
DA:10,0
DA:11,0
DA:12,0
DA:15,0
DA:17,0
DA:18,0
DA:19,0
DA:22,0
DA:23,0
DA:24,0
DA:26,0
DA:27,0
DA:28,0
DA:32,0
DA:34,0
DA:35,0
DA:42,0
DA:43,0
DA:44,0
DA:45,0
DA:47,0
DA:48,0
DA:49,0
DA:60,0
DA:61,0
DA:62,0
DA:63,0
DA:65,0
DA:66,0
DA:68,0
DA:69,0
DA:71,0
DA:73,0
DA:75,0
DA:83,0
LF:37
LH:0
BRDA:11,0,0,0
BRDA:11,0,1,0
BRDA:11,1,0,0
BRDA:11,1,1,0
BRDA:17,2,0,0
BRDA:17,2,1,0
BRDA:18,3,0,0
BRDA:18,3,1,0
BRDA:23,4,0,0
BRDA:23,4,1,0
BRDA:26,5,0,0
BRDA:26,5,1,0
BRDA:27,6,0,0
BRDA:27,6,1,0
BRDA:27,7,0,0
BRDA:27,7,1,0
BRDA:43,8,0,0
BRDA:43,8,1,0
BRDA:45,9,0,0
BRDA:45,9,1,0
BRDA:47,10,0,0
BRDA:47,10,1,0
BRDA:48,11,0,0
BRDA:48,11,1,0
BRDA:48,12,0,0
BRDA:48,12,1,0
BRDA:63,13,0,0
BRDA:63,13,1,0
BRDA:68,14,0,0
BRDA:68,14,1,0
BRDA:69,15,0,0
BRDA:69,15,1,0
BRDA:71,16,0,0
BRDA:71,16,1,0
BRDA:73,17,0,0
BRDA:73,17,1,0
BRDA:73,18,0,0
BRDA:73,18,1,0
BRF:38
BRH:0
end_of_record
TN:
SF:middleware/cache.js
FN:7,(anonymous_0)
FN:8,(anonymous_1)
FN:33,(anonymous_2)
FN:55,(anonymous_3)
FN:56,(anonymous_4)
FN:60,(anonymous_5)
FN:63,(anonymous_6)
FNF:7
FNH:2
FNDA:1,(anonymous_0)
FNDA:0,(anonymous_1)
FNDA:0,(anonymous_2)
FNDA:1,(anonymous_3)
FNDA:0,(anonymous_4)
FNDA:0,(anonymous_5)
FNDA:0,(anonymous_6)
DA:7,1
DA:8,1
DA:10,0
DA:11,0
DA:15,0
DA:16,0
DA:19,0
DA:21,0
DA:23,0
DA:25,0
DA:27,0
DA:28,0
DA:32,0
DA:33,0
DA:35,0
DA:36,0
DA:40,0
DA:41,0
DA:44,0
DA:46,0
DA:55,1
DA:56,1
DA:58,0
DA:60,0
DA:62,0
DA:63,0
DA:64,0
DA:67,0
DA:70,0
LF:29
LH:4
BRDA:7,0,0,0
BRDA:10,1,0,0
BRDA:10,1,1,0
BRDA:15,2,0,0
BRDA:15,2,1,0
BRDA:25,3,0,0
BRDA:25,3,1,0
BRDA:35,4,0,0
BRDA:35,4,1,0
BRDA:35,5,0,0
BRDA:35,5,1,0
BRDA:62,6,0,0
BRDA:62,6,1,0
BRDA:62,7,0,0
BRDA:62,7,1,0
BRF:15
BRH:0
end_of_record
TN:
SF:middleware/errorHandler.js
FN:9,(anonymous_0)
FN:53,(anonymous_1)
FN:75,(anonymous_2)
FN:75,(anonymous_3)
FNF:4
FNH:0
FNDA:0,(anonymous_0)
FNDA:0,(anonymous_1)
FNDA:0,(anonymous_2)
FNDA:0,(anonymous_3)
DA:9,0
DA:10,0
DA:20,0
DA:30,0
DA:31,0
DA:39,0
DA:40,0
DA:41,0
DA:44,0
DA:53,0
DA:54,0
DA:60,0
DA:65,0
DA:75,0
DA:76,0
LF:15
LH:0
BRDA:11,0,0,0
BRDA:11,0,1,0
BRDA:11,0,2,0
BRDA:12,1,0,0
BRDA:12,1,1,0
BRDA:13,2,0,0
BRDA:13,2,1,0
BRDA:30,3,0,0
BRDA:30,3,1,0
BRDA:34,4,0,0
BRDA:34,4,1,0
BRDA:39,5,0,0
BRDA:39,5,1,0
BRDA:39,6,0,0
BRDA:39,6,1,0
BRF:15
BRH:0
end_of_record
TN:
SF:middleware/multer.js
FN:4,(anonymous_0)
FNF:1
FNH:0
FNDA:0,(anonymous_0)
DA:3,0
DA:5,0
DA:9,0
LF:3
LH:0
BRF:0
BRH:0
end_of_record
TN:
SF:middleware/validation.js
FN:13,(anonymous_0)
FN:54,(anonymous_1)
FN:56,(anonymous_2)
FN:190,(anonymous_3)
FN:201,(anonymous_4)
FN:222,(anonymous_5)
FNF:6
FNH:0
FNDA:0,(anonymous_0)
FNDA:0,(anonymous_1)
FNDA:0,(anonymous_2)
FNDA:0,(anonymous_3)
FNDA:0,(anonymous_4)
FNDA:0,(anonymous_5)
DA:13,0
DA:14,0
DA:15,0
DA:16,0
DA:17,0
DA:23,0
DA:29,0
DA:55,0
DA:56,0
DA:58,0
DA:66,0
DA:89,0
DA:110,0
DA:124,0
DA:138,0
DA:166,0
DA:175,0
DA:190,0
DA:191,0
DA:192,0
DA:201,0
DA:202,0
DA:203,0
DA:206,0
DA:207,0
DA:210,0
DA:211,0
DA:212,0
DA:213,0
DA:216,0
DA:222,0
DA:223,0
DA:224,0
DA:226,0
LF:34
LH:0
BRDA:15,0,0,0
BRDA:15,0,1,0
BRDA:55,1,0,0
BRDA:55,1,1,0
BRDA:56,2,0,0
BRDA:56,2,1,0
BRDA:191,3,0,0
BRDA:191,3,1,0
BRDA:202,4,0,0
BRDA:202,4,1,0
BRDA:202,5,0,0
BRDA:202,5,1,0
BRDA:203,6,0,0
BRDA:203,6,1,0
BRDA:206,7,0,0
BRDA:206,7,1,0
BRDA:212,8,0,0
BRDA:212,8,1,0
BRDA:223,9,0,0
BRDA:223,9,1,0
BRDA:223,10,0,0
BRDA:223,10,1,0
BRF:22
BRH:0
end_of_record
TN:
SF:middleware/webhookRateLimiter.js
FN:25,(anonymous_0)
FN:36,(anonymous_1)
FN:58,(anonymous_2)
FN:79,(anonymous_3)
FN:83,(anonymous_4)
FN:108,(anonymous_5)
FN:114,(anonymous_6)
FN:137,(anonymous_7)
FN:142,(anonymous_8)
FNF:9
FNH:0
FNDA:0,(anonymous_0)
FNDA:0,(anonymous_1)
FNDA:0,(anonymous_2)
FNDA:0,(anonymous_3)
FNDA:0,(anonymous_4)
FNDA:0,(anonymous_5)
FNDA:0,(anonymous_6)
FNDA:0,(anonymous_7)
FNDA:0,(anonymous_8)
DA:13,0
DA:26,0
DA:27,0
DA:32,0
DA:37,0
DA:41,0
DA:48,0
DA:60,0
DA:62,0
DA:63,0
DA:66,0
DA:74,0
DA:80,0
DA:84,0
DA:90,0
DA:104,0
DA:110,0
DA:111,0
DA:115,0
DA:120,0
DA:133,0
DA:138,0
DA:139,0
DA:143,0
DA:148,0
LF:25
LH:0
BRDA:26,0,0,0
BRDA:26,0,1,0
BRDA:27,1,0,0
BRDA:27,1,1,0
BRDA:27,1,2,0
BRDA:37,2,0,0
BRDA:37,2,1,0
BRDA:37,2,2,0
BRDA:60,3,0,0
BRDA:60,3,1,0
BRDA:62,4,0,0
BRDA:62,4,1,0
BRDA:62,5,0,0
BRDA:62,5,1,0
BRDA:80,6,0,0
BRDA:80,6,1,0
BRDA:110,7,0,0
BRDA:110,7,1,0
BRDA:110,7,2,0
BRDA:138,8,0,0
BRDA:138,8,1,0
BRDA:138,8,2,0
BRF:22
BRH:0
end_of_record
TN:
SF:routes/AdminRoute.js
FNF:0
FNH:0
DA:12,0
DA:15,0
DA:18,0
DA:19,0
DA:20,0
DA:21,0
DA:22,0
LF:7
LH:0
BRF:0
BRH:0
end_of_record
TN:
SF:routes/BranchRoute.js
FNF:0
FNH:0
DA:11,0
DA:14,0
DA:17,0
DA:18,0
DA:19,0
DA:20,0
DA:21,0
LF:7
LH:0
BRF:0
BRH:0
end_of_record
TN:
SF:routes/CacheManagementRoute.js
FNF:0
FNH:0
DA:13,0
DA:23,0
DA:42,0
DA:50,0
DA:77,0
DA:95,0
DA:107,0
DA:124,0
DA:136,0
LF:9
LH:0
BRF:0
BRH:0
end_of_record
TN:
SF:routes/CartRoute.js
FNF:0
FNH:0
DA:5,0
DA:6,0
DA:7,0
DA:8,0
LF:4
LH:0
BRF:0
BRH:0
end_of_record
TN:
SF:routes/CorporateRoute.js
FNF:0
FNH:0
DA:5,0
DA:7,0
DA:8,0
DA:9,0
LF:4
LH:0
BRF:0
BRH:0
end_of_record
TN:
SF:routes/CouponRoute.js
FNF:0
FNH:0
DA:5,0
DA:7,0
DA:8,0
DA:9,0
DA:10,0
DA:11,0
LF:6
LH:0
BRF:0
BRH:0
end_of_record
TN:
SF:routes/CourierIntegrationRoute.js
FNF:0
FNH:0
DA:21,0
DA:29,0
DA:30,0
DA:33,0
DA:34,0
DA:35,0
DA:36,0
DA:39,0
DA:42,0
DA:43,0
DA:46,0
DA:47,0
DA:48,0
DA:51,0
DA:52,0
DA:53,0
LF:16
LH:0
BRF:0
BRH:0
end_of_record
TN:
SF:routes/CourierManagementRoute.js
FNF:0
FNH:0
DA:15,0
DA:18,0
DA:21,0
DA:22,0
DA:23,0
DA:24,0
DA:25,0
DA:28,0
DA:29,0
DA:30,0
DA:31,0
LF:11
LH:0
BRF:0
BRH:0
end_of_record
TN:
SF:routes/CourierRoute.js
FNF:0
FNH:0
DA:5,0
DA:8,0
DA:11,0
DA:14,0
DA:17,0
DA:38,0
LF:6
LH:0
BRF:0
BRH:0
end_of_record
TN:
SF:routes/DeadLetterQueueRoute.js
FNF:0
FNH:0
DA:15,0
DA:18,0
DA:19,0
DA:20,0
DA:23,0
DA:24,0
DA:27,0
DA:28,0
DA:31,0
DA:32,0
LF:10
LH:0
BRF:0
BRH:0
end_of_record
TN:
SF:routes/DeliveryRoute.js
FNF:0
FNH:0
DA:5,0
DA:8,0
DA:9,0
DA:10,0
DA:11,0
DA:14,0
DA:15,0
DA:16,0
DA:17,0
DA:20,0
LF:10
LH:0
BRF:0
BRH:0
end_of_record
TN:
SF:routes/EnhancedMediaRoute.js
FN:17,(anonymous_0)
FN:22,(anonymous_1)
FN:36,(anonymous_2)
FN:56,(anonymous_3)
FN:68,(anonymous_4)
FNF:5
FNH:0
FNDA:0,(anonymous_0)
FNDA:0,(anonymous_1)
FNDA:0,(anonymous_2)
FNDA:0,(anonymous_3)
FNDA:0,(anonymous_4)
DA:14,0
DA:17,0
DA:18,0
DA:22,0
DA:24,0
DA:25,0
DA:26,0
DA:28,0
DA:29,0
DA:31,0
DA:36,0
DA:37,0
DA:38,0
DA:49,0
DA:55,0
DA:57,0
DA:58,0
DA:59,0
DA:68,0
DA:69,0
DA:70,0
DA:75,0
DA:82,0
DA:85,0
DA:88,0
DA:91,0
DA:94,0
DA:97,0
DA:100,0
LF:29
LH:0
BRDA:28,0,0,0
BRDA:28,0,1,0
BRDA:28,1,0,0
BRDA:28,1,1,0
BRDA:36,2,0,0
BRDA:57,3,0,0
BRDA:57,3,1,0
BRDA:69,4,0,0
BRDA:69,4,1,0
BRF:9
BRH:0
end_of_record
TN:
SF:routes/MediaRoute.js
FN:19,(anonymous_0)
FN:26,(anonymous_1)
FN:35,(anonymous_2)
FNF:3
FNH:0
FNDA:0,(anonymous_0)
FNDA:0,(anonymous_1)
FNDA:0,(anonymous_2)
DA:15,0
DA:18,0
DA:20,0
DA:21,0
DA:22,0
DA:24,0
DA:28,0
DA:29,0
DA:30,0
DA:31,0
DA:35,0
DA:37,0
DA:38,0
DA:40,0
DA:44,0
DA:54,0
DA:55,0
DA:56,0
DA:59,0
DA:60,0
DA:61,0
LF:21
LH:0
BRDA:21,0,0,0
BRDA:21,0,1,0
BRDA:37,1,0,0
BRDA:37,1,1,0
BRF:4
BRH:0
end_of_record
TN:
SF:routes/OrderRoute.js
FNF:0
FNH:0
DA:25,0
DA:28,0
DA:29,0
DA:30,0
DA:31,0
DA:32,0
DA:33,0
DA:34,0
DA:37,0
DA:38,0
DA:39,0
DA:42,0
DA:43,0
DA:44,0
DA:47,0
DA:48,0
DA:49,0
LF:17
LH:0
BRF:0
BRH:0
end_of_record
TN:
SF:routes/OutgoingWebhookRoute.js
FNF:0
FNH:0
DA:13,0
DA:23,0
DA:49,0
DA:63,0
DA:76,0
DA:94,0
DA:114,0
DA:129,0
DA:149,0
LF:9
LH:0
BRF:0
BRH:0
end_of_record
TN:
SF:routes/PayTrRoute.js
FNF:0
FNH:0
DA:5,0
DA:7,0
DA:8,0
LF:3
LH:0
BRF:0
BRH:0
end_of_record
TN:
SF:routes/ProductRoute.js
FNF:0
FNH:0
DA:8,0
DA:41,0
DA:49,0
DA:50,0
DA:51,0
DA:69,0
DA:90,0
LF:7
LH:0
BRF:0
BRH:0
end_of_record
TN:
SF:routes/ReportRoute.js
FNF:0
FNH:0
DA:13,0
DA:16,0
DA:17,0
DA:18,0
DA:19,0
DA:20,0
DA:21,0
DA:22,0
LF:8
LH:0
BRF:0
BRH:0
end_of_record
TN:
SF:routes/SettingsRoute.js
FNF:0
FNH:0
DA:16,0
DA:19,0
DA:20,0
DA:21,0
DA:22,0
DA:23,0
DA:24,0
DA:28,0
DA:29,0
DA:32,0
DA:33,0
LF:11
LH:0
BRF:0
BRH:0
end_of_record
TN:
SF:routes/SliderRoute.js
FN:19,(anonymous_0)
FN:22,(anonymous_1)
FNF:2
FNH:0
FNDA:0,(anonymous_0)
FNDA:0,(anonymous_1)
DA:15,0
DA:18,0
DA:20,0
DA:23,0
DA:27,0
DA:30,0
DA:33,0
DA:36,0
DA:37,0
DA:40,0
DA:43,0
DA:46,0
LF:12
LH:0
BRF:0
BRH:0
end_of_record
TN:
SF:routes/UserRoute.js
FNF:0
FNH:0
DA:5,0
DA:8,0
DA:9,0
DA:10,0
LF:4
LH:0
BRF:0
BRH:0
end_of_record
TN:
SF:routes/WebhookConfigRoute.js
FNF:0
FNH:0
DA:13,0
DA:16,0
DA:17,0
DA:20,0
DA:23,0
DA:26,0
DA:29,0
DA:32,0
DA:35,0
LF:9
LH:0
BRF:0
BRH:0
end_of_record
TN:
SF:routes/WebhookRoute.js
FNF:0
FNH:0
DA:6,0
DA:11,0
DA:21,0
DA:29,0
LF:4
LH:0
BRF:0
BRH:0
end_of_record
TN:
SF:services/AssignmentService.js
FN:5,(anonymous_0)
FN:6,(anonymous_1)
FN:22,findBestBranch
FN:29,(anonymous_3)
FN:47,pickNearestByCoordinates
FN:71,suggestBranch
FN:107,assignBranch
FNF:7
FNH:0
FNDA:0,(anonymous_0)
FNDA:0,(anonymous_1)
FNDA:0,findBestBranch
FNDA:0,(anonymous_3)
FNDA:0,pickNearestByCoordinates
FNDA:0,suggestBranch
FNDA:0,assignBranch
DA:5,0
DA:6,0
DA:7,0
DA:8,0
DA:9,0
DA:11,0
DA:14,0
DA:15,0
DA:24,0
DA:25,0
DA:28,0
DA:29,0
DA:30,0
DA:31,0
DA:33,0
DA:34,0
DA:35,0
DA:40,0
DA:41,0
DA:44,0
DA:48,0
DA:49,0
DA:50,0
DA:52,0
DA:53,0
DA:55,0
DA:56,0
DA:57,0
DA:58,0
DA:59,0
DA:60,0
DA:61,0
DA:62,0
DA:65,0
DA:72,0
DA:73,0
DA:74,0
DA:76,0
DA:77,0
DA:80,0
DA:85,0
DA:86,0
DA:89,0
DA:99,0
DA:100,0
DA:108,0
DA:109,0
DA:110,0
DA:112,0
DA:113,0
DA:114,0
DA:117,0
DA:118,0
DA:119,0
DA:122,0
DA:123,0
DA:127,0
DA:128,0
DA:129,0
DA:136,0
DA:138,0
DA:148,0
DA:149,0
LF:63
LH:0
BRDA:25,0,0,0
BRDA:25,0,1,0
BRDA:28,1,0,0
BRDA:28,1,1,0
BRDA:29,2,0,0
BRDA:29,2,1,0
BRDA:30,3,0,0
BRDA:30,3,1,0
BRDA:31,4,0,0
BRDA:31,4,1,0
BRDA:34,5,0,0
BRDA:34,5,1,0
BRDA:41,6,0,0
BRDA:41,6,1,0
BRDA:48,7,0,0
BRDA:48,7,1,0
BRDA:49,8,0,0
BRDA:49,8,1,0
BRDA:50,9,0,0
BRDA:50,9,1,0
BRDA:50,10,0,0
BRDA:50,10,1,0
BRDA:58,11,0,0
BRDA:58,11,1,0
BRDA:58,12,0,0
BRDA:58,12,1,0
BRDA:60,13,0,0
BRDA:60,13,1,0
BRDA:76,14,0,0
BRDA:76,14,1,0
BRDA:85,15,0,0
BRDA:85,15,1,0
BRDA:113,16,0,0
BRDA:113,16,1,0
BRDA:118,17,0,0
BRDA:118,17,1,0
BRDA:122,18,0,0
BRDA:122,18,1,0
BRDA:130,19,0,0
BRDA:130,19,1,0
BRF:40
BRH:0
end_of_record
TN:
SF:services/CircuitBreakerService.js
FN:14,(anonymous_0)
FN:56,(anonymous_1)
FN:68,(anonymous_2)
FN:97,(anonymous_3)
FN:130,(anonymous_4)
FN:188,(anonymous_5)
FN:219,(anonymous_6)
FN:230,(anonymous_7)
FN:280,(anonymous_8)
FN:291,(anonymous_9)
FN:324,(anonymous_10)
FN:337,(anonymous_11)
FN:347,(anonymous_12)
FN:358,(anonymous_13)
FN:371,(anonymous_14)
FN:386,(anonymous_15)
FN:388,(anonymous_16)
FN:394,(anonymous_17)
FN:412,(anonymous_18)
FN:423,(anonymous_19)
FN:444,(anonymous_20)
FN:455,(anonymous_21)
FN:468,(anonymous_22)
FN:486,(anonymous_23)
FN:494,(anonymous_24)
FN:525,(anonymous_25)
FN:535,(anonymous_26)
FN:544,(anonymous_27)
FN:552,(anonymous_28)
FN:562,(anonymous_29)
FN:573,(anonymous_30)
FN:581,(anonymous_31)
FN:600,(anonymous_32)
FN:602,(anonymous_33)
FNF:34
FNH:0
FNDA:0,(anonymous_0)
FNDA:0,(anonymous_1)
FNDA:0,(anonymous_2)
FNDA:0,(anonymous_3)
FNDA:0,(anonymous_4)
FNDA:0,(anonymous_5)
FNDA:0,(anonymous_6)
FNDA:0,(anonymous_7)
FNDA:0,(anonymous_8)
FNDA:0,(anonymous_9)
FNDA:0,(anonymous_10)
FNDA:0,(anonymous_11)
FNDA:0,(anonymous_12)
FNDA:0,(anonymous_13)
FNDA:0,(anonymous_14)
FNDA:0,(anonymous_15)
FNDA:0,(anonymous_16)
FNDA:0,(anonymous_17)
FNDA:0,(anonymous_18)
FNDA:0,(anonymous_19)
FNDA:0,(anonymous_20)
FNDA:0,(anonymous_21)
FNDA:0,(anonymous_22)
FNDA:0,(anonymous_23)
FNDA:0,(anonymous_24)
FNDA:0,(anonymous_25)
FNDA:0,(anonymous_26)
FNDA:0,(anonymous_27)
FNDA:0,(anonymous_28)
FNDA:0,(anonymous_29)
FNDA:0,(anonymous_30)
FNDA:0,(anonymous_31)
FNDA:0,(anonymous_32)
FNDA:0,(anonymous_33)
DA:15,0
DA:16,0
DA:19,0
DA:20,0
DA:21,0
DA:22,0
DA:23,0
DA:24,0
DA:27,0
DA:37,0
DA:40,0
DA:52,0
DA:55,0
DA:56,0
DA:57,0
DA:69,0
DA:70,0
DA:72,0
DA:73,0
DA:74,0
DA:75,0
DA:76,0
DA:77,0
DA:78,0
DA:79,0
DA:81,0
DA:87,0
DA:98,0
DA:100,0
DA:101,0
DA:113,0
DA:115,0
DA:120,0
DA:131,0
DA:133,0
DA:136,0
DA:137,0
DA:140,0
DA:142,0
DA:144,0
DA:145,0
DA:148,0
DA:149,0
DA:150,0
DA:151,0
DA:152,0
DA:154,0
DA:161,0
DA:166,0
DA:167,0
DA:168,0
DA:169,0
DA:172,0
DA:174,0
DA:178,0
DA:181,0
DA:189,0
DA:190,0
DA:192,0
DA:194,0
DA:196,0
DA:197,0
DA:203,0
DA:205,0
DA:206,0
DA:210,0
DA:219,0
DA:220,0
DA:231,0
DA:232,0
DA:233,0
DA:236,0
DA:237,0
DA:240,0
DA:242,0
DA:254,0
DA:256,0
DA:257,0
DA:262,0
DA:264,0
DA:266,0
DA:267,0
DA:275,0
DA:280,0
DA:281,0
DA:292,0
DA:293,0
DA:294,0
DA:297,0
DA:298,0
DA:301,0
DA:307,0
DA:308,0
DA:309,0
DA:310,0
DA:311,0
DA:312,0
DA:316,0
DA:324,0
DA:325,0
DA:338,0
DA:340,0
DA:341,0
DA:348,0
DA:350,0
DA:351,0
DA:352,0
DA:360,0
DA:365,0
DA:372,0
DA:374,0
DA:377,0
DA:378,0
DA:380,0
DA:387,0
DA:388,0
DA:395,0
DA:396,0
DA:397,0
DA:398,0
DA:399,0
DA:400,0
DA:401,0
DA:403,0
DA:409,0
DA:412,0
DA:413,0
DA:424,0
DA:445,0
DA:446,0
DA:448,0
DA:449,0
DA:457,0
DA:469,0
DA:474,0
DA:487,0
DA:488,0
DA:495,0
DA:497,0
DA:499,0
DA:501,0
DA:502,0
DA:503,0
DA:508,0
DA:510,0
DA:511,0
DA:515,0
DA:518,0
DA:526,0
DA:527,0
DA:529,0
DA:536,0
DA:537,0
DA:538,0
DA:545,0
DA:546,0
DA:553,0
DA:554,0
DA:555,0
DA:563,0
DA:564,0
DA:565,0
DA:567,0
DA:574,0
DA:575,0
DA:582,0
DA:583,0
DA:584,0
DA:586,0
DA:590,0
DA:602,0
DA:603,0
DA:604,0
DA:607,0
DA:608,0
DA:615,0
DA:616,0
DA:627,0
LF:178
LH:0
BRDA:14,0,0,0
BRDA:28,1,0,0
BRDA:28,1,1,0
BRDA:29,2,0,0
BRDA:29,2,1,0
BRDA:30,3,0,0
BRDA:30,3,1,0
BRDA:31,4,0,0
BRDA:31,4,1,0
BRDA:32,5,0,0
BRDA:32,5,1,0
BRDA:55,6,0,0
BRDA:55,6,1,0
BRDA:72,7,0,0
BRDA:72,7,1,0
BRDA:73,8,0,0
BRDA:73,8,1,0
BRDA:74,9,0,0
BRDA:74,9,1,0
BRDA:75,10,0,0
BRDA:75,10,1,0
BRDA:76,11,0,0
BRDA:76,11,1,0
BRDA:77,12,0,0
BRDA:77,12,1,0
BRDA:78,13,0,0
BRDA:78,13,1,0
BRDA:79,14,0,0
BRDA:79,14,1,0
BRDA:98,15,0,0
BRDA:98,15,1,0
BRDA:130,16,0,0
BRDA:131,17,0,0
BRDA:131,17,1,0
BRDA:142,18,0,0
BRDA:142,18,1,0
BRDA:144,19,0,0
BRDA:144,19,1,0
BRDA:192,20,0,0
BRDA:192,20,1,0
BRDA:194,21,0,0
BRDA:194,21,1,0
BRDA:203,22,0,0
BRDA:203,22,1,0
BRDA:205,23,0,0
BRDA:205,23,1,0
BRDA:254,24,0,0
BRDA:254,24,1,0
BRDA:262,25,0,0
BRDA:262,25,1,0
BRDA:264,26,0,0
BRDA:264,26,1,0
BRDA:264,27,0,0
BRDA:264,27,1,0
BRDA:307,28,0,0
BRDA:307,28,1,0
BRDA:309,29,0,0
BRDA:309,29,1,0
BRDA:311,30,0,0
BRDA:311,30,1,0
BRDA:338,31,0,0
BRDA:338,31,1,0
BRDA:348,32,0,0
BRDA:348,32,1,0
BRDA:360,33,0,0
BRDA:360,33,1,0
BRDA:360,34,0,0
BRDA:360,34,1,0
BRDA:374,35,0,0
BRDA:374,35,1,0
BRDA:445,36,0,0
BRDA:445,36,1,0
BRDA:446,37,0,0
BRDA:446,37,1,0
BRDA:455,38,0,0
BRDA:495,39,0,0
BRDA:495,39,1,0
BRDA:502,40,0,0
BRDA:502,40,1,0
BRDA:526,41,0,0
BRDA:526,41,1,0
BRDA:535,42,0,0
BRDA:544,43,0,0
BRDA:554,44,0,0
BRDA:554,44,1,0
BRDA:575,45,0,0
BRDA:575,45,1,0
BRDA:583,46,0,0
BRDA:583,46,1,0
BRDA:607,47,0,0
BRDA:607,47,1,0
BRDA:607,48,0,0
BRDA:607,48,1,0
BRDA:615,49,0,0
BRDA:615,49,1,0
BRF:95
BRH:0
end_of_record
TN:
SF:services/CourierIntegrationService.js
FN:15,(anonymous_0)
FN:24,(anonymous_1)
FN:60,(anonymous_2)
FN:68,(anonymous_3)
FN:79,(anonymous_4)
FN:111,(anonymous_5)
FN:161,(anonymous_6)
FN:290,(anonymous_7)
FN:378,(anonymous_8)
FN:400,(anonymous_9)
FN:444,(anonymous_10)
FN:511,(anonymous_11)
FN:530,(anonymous_12)
FN:561,(anonymous_13)
FN:607,(anonymous_14)
FNF:15
FNH:0
FNDA:0,(anonymous_0)
FNDA:0,(anonymous_1)
FNDA:0,(anonymous_2)
FNDA:0,(anonymous_3)
FNDA:0,(anonymous_4)
FNDA:0,(anonymous_5)
FNDA:0,(anonymous_6)
FNDA:0,(anonymous_7)
FNDA:0,(anonymous_8)
FNDA:0,(anonymous_9)
FNDA:0,(anonymous_10)
FNDA:0,(anonymous_11)
FNDA:0,(anonymous_12)
FNDA:0,(anonymous_13)
FNDA:0,(anonymous_14)
DA:16,0
DA:17,0
DA:18,0
DA:25,0
DA:27,0
DA:29,0
DA:32,0
DA:35,0
DA:38,0
DA:39,0
DA:40,0
DA:44,0
DA:45,0
DA:49,0
DA:53,0
DA:61,0
DA:62,0
DA:69,0
DA:70,0
DA:71,0
DA:73,0
DA:81,0
DA:82,0
DA:86,0
DA:91,0
DA:96,0
DA:101,0
DA:102,0
DA:105,0
DA:112,0
DA:114,0
DA:116,0
DA:117,0
DA:118,0
DA:122,0
DA:123,0
DA:127,0
DA:130,0
DA:132,0
DA:137,0
DA:145,0
DA:146,0
DA:147,0
DA:148,0
DA:149,0
DA:151,0
DA:159,0
DA:161,0
DA:165,0
DA:167,0
DA:169,0
DA:178,0
DA:185,0
DA:192,0
DA:202,0
DA:205,0
DA:212,0
DA:214,0
DA:222,0
DA:230,0
DA:238,0
DA:245,0
DA:255,0
DA:257,0
DA:266,0
DA:273,0
DA:274,0
DA:283,0
DA:291,0
DA:293,0
DA:298,0
DA:299,0
DA:304,0
DA:311,0
DA:314,0
DA:320,0
DA:322,0
DA:328,0
DA:329,0
DA:330,0
DA:331,0
DA:332,0
DA:333,0
DA:336,0
DA:339,0
DA:347,0
DA:355,0
DA:362,0
DA:365,0
DA:371,0
DA:379,0
DA:380,0
DA:381,0
DA:382,0
DA:385,0
DA:386,0
DA:387,0
DA:390,0
DA:391,0
DA:392,0
DA:395,0
DA:398,0
DA:400,0
DA:404,0
DA:406,0
DA:413,0
DA:420,0
DA:427,0
DA:430,0
DA:433,0
DA:437,0
DA:445,0
DA:446,0
DA:447,0
DA:448,0
DA:451,0
DA:452,0
DA:454,0
DA:456,0
DA:470,0
DA:471,0
DA:473,0
DA:474,0
DA:486,0
DA:500,0
DA:504,0
DA:512,0
DA:513,0
DA:514,0
DA:516,0
DA:520,0
DA:531,0
DA:532,0
DA:533,0
DA:535,0
DA:543,0
DA:544,0
DA:546,0
DA:549,0
DA:551,0
DA:562,0
DA:563,0
DA:571,0
DA:572,0
DA:573,0
DA:576,0
DA:580,0
DA:585,0
DA:595,0
DA:597,0
DA:600,0
DA:608,0
DA:609,0
DA:612,0
DA:613,0
DA:614,0
DA:616,0
DA:617,0
DA:618,0
DA:622,0
DA:630,0
DA:632,0
DA:638,0
DA:646,0
DA:650,0
DA:657,0
DA:661,0
LF:167
LH:0
BRDA:25,0,0,0
BRDA:25,0,1,0
BRDA:39,1,0,0
BRDA:39,1,1,0
BRDA:70,2,0,0
BRDA:70,2,1,0
BRDA:81,3,0,0
BRDA:81,3,1,0
BRDA:86,4,0,0
BRDA:86,4,1,0
BRDA:91,5,0,0
BRDA:91,5,1,0
BRDA:101,6,0,0
BRDA:101,6,1,0
BRDA:111,7,0,0
BRDA:117,8,0,0
BRDA:117,8,1,0
BRDA:122,9,0,0
BRDA:122,9,1,0
BRDA:130,10,0,0
BRDA:130,10,1,0
BRDA:130,11,0,0
BRDA:130,11,1,0
BRDA:145,12,0,0
BRDA:145,12,1,0
BRDA:167,13,0,0
BRDA:167,13,1,0
BRDA:174,14,0,0
BRDA:174,14,1,0
BRDA:212,15,0,0
BRDA:212,15,1,0
BRDA:273,16,0,0
BRDA:273,16,1,0
BRDA:273,17,0,0
BRDA:273,17,1,0
BRDA:276,18,0,0
BRDA:276,18,1,0
BRDA:290,19,0,0
BRDA:298,20,0,0
BRDA:298,20,1,0
BRDA:320,21,0,0
BRDA:320,21,1,0
BRDA:328,22,0,0
BRDA:328,22,1,0
BRDA:332,23,0,0
BRDA:332,23,1,0
BRDA:332,24,0,0
BRDA:332,24,1,0
BRDA:342,25,0,0
BRDA:342,25,1,0
BRDA:381,26,0,0
BRDA:381,26,1,0
BRDA:386,27,0,0
BRDA:386,27,1,0
BRDA:391,28,0,0
BRDA:391,28,1,0
BRDA:404,29,0,0
BRDA:404,29,1,0
BRDA:416,30,0,0
BRDA:416,30,1,0
BRDA:447,31,0,0
BRDA:447,31,1,0
BRDA:454,32,0,0
BRDA:454,32,1,0
BRDA:454,33,0,0
BRDA:454,33,1,0
BRDA:461,34,0,0
BRDA:461,34,1,0
BRDA:462,35,0,0
BRDA:462,35,1,0
BRDA:473,36,0,0
BRDA:473,36,1,0
BRDA:491,37,0,0
BRDA:491,37,1,0
BRDA:492,38,0,0
BRDA:492,38,1,0
BRDA:530,39,0,0
BRDA:530,40,0,0
BRDA:530,41,0,0
BRDA:533,42,0,0
BRDA:533,42,1,0
BRDA:543,43,0,0
BRDA:543,43,1,0
BRDA:586,44,0,0
BRDA:586,44,1,0
BRDA:587,45,0,0
BRDA:587,45,1,0
BRDA:591,46,0,0
BRDA:591,46,1,0
BRDA:612,47,0,0
BRDA:612,47,1,0
BRDA:613,48,0,0
BRDA:613,48,1,0
BRDA:617,49,0,0
BRDA:617,49,1,0
BRDA:632,50,0,0
BRDA:632,50,1,0
BRDA:632,50,2,0
BRDA:632,50,3,0
BRDA:632,50,4,0
BRDA:632,50,5,0
BRDA:640,51,0,0
BRDA:640,51,1,0
BRDA:642,52,0,0
BRDA:642,52,1,0
BRF:105
BRH:0
end_of_record
TN:
SF:services/EmailService.js
FN:8,(anonymous_0)
FN:16,(anonymous_1)
FN:38,(anonymous_2)
FN:65,(anonymous_3)
FN:87,(anonymous_4)
FN:105,(anonymous_5)
FN:122,(anonymous_6)
FN:139,(anonymous_7)
FN:155,(anonymous_8)
FN:158,(anonymous_9)
FN:226,(anonymous_10)
FN:266,(anonymous_11)
FN:304,(anonymous_12)
FNF:13
FNH:0
FNDA:0,(anonymous_0)
FNDA:0,(anonymous_1)
FNDA:0,(anonymous_2)
FNDA:0,(anonymous_3)
FNDA:0,(anonymous_4)
FNDA:0,(anonymous_5)
FNDA:0,(anonymous_6)
FNDA:0,(anonymous_7)
FNDA:0,(anonymous_8)
FNDA:0,(anonymous_9)
FNDA:0,(anonymous_10)
FNDA:0,(anonymous_11)
FNDA:0,(anonymous_12)
DA:9,0
DA:10,0
DA:17,0
DA:18,0
DA:19,0
DA:22,0
DA:32,0
DA:39,0
DA:41,0
DA:42,0
DA:43,0
DA:44,0
DA:47,0
DA:57,0
DA:66,0
DA:67,0
DA:68,0
DA:71,0
DA:72,0
DA:73,0
DA:74,0
DA:76,0
DA:77,0
DA:88,0
DA:95,0
DA:106,0
DA:113,0
DA:123,0
DA:130,0
DA:140,0
DA:147,0
DA:156,0
DA:158,0
DA:171,0
DA:227,0
DA:267,0
DA:305,0
DA:339,0
LF:38
LH:0
BRDA:17,0,0,0
BRDA:17,0,1,0
BRDA:24,1,0,0
BRDA:24,1,1,0
BRDA:41,2,0,0
BRDA:41,2,1,0
BRDA:48,3,0,0
BRDA:48,3,1,0
BRDA:49,4,0,0
BRDA:49,4,1,0
BRDA:49,4,2,0
BRDA:52,5,0,0
BRDA:52,5,1,0
BRDA:53,6,0,0
BRDA:53,6,1,0
BRDA:57,7,0,0
BRDA:57,7,1,0
BRDA:66,8,0,0
BRDA:66,8,1,0
BRDA:194,9,0,0
BRDA:194,9,1,0
BRDA:247,10,0,0
BRDA:247,10,1,0
BRDA:287,11,0,0
BRDA:287,11,1,0
BRDA:288,12,0,0
BRDA:288,12,1,0
BRDA:325,13,0,0
BRDA:325,13,1,0
BRF:29
BRH:0
end_of_record
TN:
SF:services/EsnafExpressService.js
FN:13,(anonymous_0)
FN:24,(anonymous_1)
FN:78,(anonymous_2)
FN:126,(anonymous_3)
FN:172,(anonymous_4)
FNF:5
FNH:0
FNDA:0,(anonymous_0)
FNDA:0,(anonymous_1)
FNDA:0,(anonymous_2)
FNDA:0,(anonymous_3)
FNDA:0,(anonymous_4)
DA:14,0
DA:15,0
DA:16,0
DA:25,0
DA:47,0
DA:54,0
DA:61,0
DA:65,0
DA:79,0
DA:80,0
DA:81,0
DA:82,0
DA:85,0
DA:86,0
DA:97,0
DA:104,0
DA:110,0
DA:114,0
DA:127,0
DA:128,0
DA:129,0
DA:130,0
DA:133,0
DA:134,0
DA:140,0
DA:146,0
DA:154,0
DA:158,0
DA:173,0
DA:177,0
DA:184,0
DA:186,0
DA:189,0
LF:33
LH:0
BRDA:14,0,0,0
BRDA:14,0,1,0
BRDA:81,1,0,0
BRDA:81,1,1,0
BRDA:85,2,0,0
BRDA:85,2,1,0
BRDA:129,3,0,0
BRDA:129,3,1,0
BRDA:133,4,0,0
BRDA:133,4,1,0
BRDA:148,5,0,0
BRDA:148,5,1,0
BRF:12
BRH:0
end_of_record
TN:
SF:services/MuditaKuryeService.js
FN:15,(anonymous_0)
FN:25,(anonymous_1)
FN:74,(anonymous_2)
FN:82,(anonymous_3)
FN:92,(anonymous_4)
FN:100,(anonymous_5)
FN:128,(anonymous_6)
FN:191,(anonymous_7)
FN:221,(anonymous_8)
FN:248,(anonymous_9)
FN:262,(anonymous_10)
FN:347,(anonymous_11)
FN:425,(anonymous_12)
FN:464,(anonymous_13)
FN:485,(anonymous_14)
FN:511,(anonymous_15)
FN:549,(anonymous_16)
FNF:17
FNH:0
FNDA:0,(anonymous_0)
FNDA:0,(anonymous_1)
FNDA:0,(anonymous_2)
FNDA:0,(anonymous_3)
FNDA:0,(anonymous_4)
FNDA:0,(anonymous_5)
FNDA:0,(anonymous_6)
FNDA:0,(anonymous_7)
FNDA:0,(anonymous_8)
FNDA:0,(anonymous_9)
FNDA:0,(anonymous_10)
FNDA:0,(anonymous_11)
FNDA:0,(anonymous_12)
FNDA:0,(anonymous_13)
FNDA:0,(anonymous_14)
FNDA:0,(anonymous_15)
FNDA:0,(anonymous_16)
DA:16,0
DA:17,0
DA:18,0
DA:19,0
DA:26,0
DA:28,0
DA:33,0
DA:35,0
DA:36,0
DA:38,0
DA:39,0
DA:40,0
DA:54,0
DA:60,0
DA:62,0
DA:73,0
DA:75,0
DA:80,0
DA:83,0
DA:86,0
DA:91,0
DA:93,0
DA:98,0
DA:101,0
DA:108,0
DA:109,0
DA:113,0
DA:114,0
DA:116,0
DA:120,0
DA:129,0
DA:131,0
DA:132,0
DA:133,0
DA:137,0
DA:138,0
DA:141,0
DA:142,0
DA:146,0
DA:147,0
DA:151,0
DA:152,0
DA:153,0
DA:156,0
DA:158,0
DA:159,0
DA:162,0
DA:166,0
DA:170,0
DA:171,0
DA:172,0
DA:173,0
DA:174,0
DA:175,0
DA:178,0
DA:180,0
DA:184,0
DA:192,0
DA:221,0
DA:234,0
DA:235,0
DA:238,0
DA:239,0
DA:242,0
DA:249,0
DA:256,0
DA:263,0
DA:264,0
DA:266,0
DA:268,0
DA:269,0
DA:273,0
DA:282,0
DA:285,0
DA:288,0
DA:300,0
DA:303,0
DA:311,0
DA:321,0
DA:324,0
DA:326,0
DA:334,0
DA:348,0
DA:357,0
DA:358,0
DA:359,0
DA:360,0
DA:364,0
DA:365,0
DA:366,0
DA:368,0
DA:369,0
DA:371,0
DA:374,0
DA:375,0
DA:376,0
DA:381,0
DA:382,0
DA:383,0
DA:387,0
DA:388,0
DA:389,0
DA:393,0
DA:394,0
DA:395,0
DA:399,0
DA:400,0
DA:401,0
DA:402,0
DA:409,0
DA:410,0
DA:411,0
DA:414,0
DA:415,0
DA:419,0
DA:426,0
DA:428,0
DA:437,0
DA:439,0
DA:446,0
DA:451,0
DA:465,0
DA:471,0
DA:486,0
DA:487,0
DA:489,0
DA:491,0
DA:496,0
DA:497,0
DA:501,0
DA:512,0
DA:514,0
DA:515,0
DA:525,0
DA:528,0
DA:530,0
DA:537,0
DA:538,0
DA:550,0
DA:552,0
DA:556,0
DA:557,0
DA:558,0
DA:562,0
DA:569,0
DA:572,0
LF:146
LH:0
BRDA:33,0,0,0
BRDA:33,0,1,0
BRDA:38,1,0,0
BRDA:38,1,1,0
BRDA:38,2,0,0
BRDA:38,2,1,0
BRDA:45,3,0,0
BRDA:45,3,1,0
BRDA:48,4,0,0
BRDA:48,4,1,0
BRDA:49,5,0,0
BRDA:49,5,1,0
BRDA:60,6,0,0
BRDA:60,6,1,0
BRDA:60,6,2,0
BRDA:128,7,0,0
BRDA:131,8,0,0
BRDA:131,8,1,0
BRDA:137,9,0,0
BRDA:137,9,1,0
BRDA:137,10,0,0
BRDA:137,10,1,0
BRDA:137,10,2,0
BRDA:137,10,3,0
BRDA:141,11,0,0
BRDA:141,11,1,0
BRDA:146,12,0,0
BRDA:146,12,1,0
BRDA:147,13,0,0
BRDA:147,13,1,0
BRDA:151,14,0,0
BRDA:151,14,1,0
BRDA:151,15,0,0
BRDA:151,15,1,0
BRDA:151,15,2,0
BRDA:158,16,0,0
BRDA:158,16,1,0
BRDA:163,17,0,0
BRDA:163,17,1,0
BRDA:170,18,0,0
BRDA:170,18,1,0
BRDA:171,19,0,0
BRDA:171,19,1,0
BRDA:194,20,0,0
BRDA:194,20,1,0
BRDA:194,20,2,0
BRDA:195,21,0,0
BRDA:195,21,1,0
BRDA:196,22,0,0
BRDA:196,22,1,0
BRDA:197,23,0,0
BRDA:197,23,1,0
BRDA:198,24,0,0
BRDA:198,24,1,0
BRDA:199,25,0,0
BRDA:199,25,1,0
BRDA:200,26,0,0
BRDA:200,26,1,0
BRDA:207,27,0,0
BRDA:207,27,1,0
BRDA:207,28,0,0
BRDA:207,28,1,0
BRDA:208,29,0,0
BRDA:208,29,1,0
BRDA:209,30,0,0
BRDA:209,30,1,0
BRDA:216,31,0,0
BRDA:216,31,1,0
BRDA:218,32,0,0
BRDA:218,32,1,0
BRDA:221,33,0,0
BRDA:221,33,1,0
BRDA:222,34,0,0
BRDA:222,34,1,0
BRDA:223,35,0,0
BRDA:223,35,1,0
BRDA:224,36,0,0
BRDA:224,36,1,0
BRDA:225,37,0,0
BRDA:225,37,1,0
BRDA:226,38,0,0
BRDA:226,38,1,0
BRDA:226,39,0,0
BRDA:226,39,1,0
BRDA:228,40,0,0
BRDA:228,40,1,0
BRDA:229,41,0,0
BRDA:229,41,1,0
BRDA:234,42,0,0
BRDA:234,42,1,0
BRDA:238,43,0,0
BRDA:238,43,1,0
BRDA:256,44,0,0
BRDA:256,44,1,0
BRDA:268,45,0,0
BRDA:268,45,1,0
BRDA:305,46,0,0
BRDA:305,46,1,0
BRDA:313,47,0,0
BRDA:313,47,1,0
BRDA:314,48,0,0
BRDA:314,48,1,0
BRDA:357,49,0,0
BRDA:357,49,1,0
BRDA:357,50,0,0
BRDA:357,50,1,0
BRDA:357,50,2,0
BRDA:364,51,0,0
BRDA:364,51,1,0
BRDA:368,52,0,0
BRDA:368,52,1,0
BRDA:368,52,2,0
BRDA:369,53,0,0
BRDA:369,53,1,0
BRDA:371,54,0,0
BRDA:371,54,1,0
BRDA:371,54,2,0
BRDA:371,54,3,0
BRDA:371,54,4,0
BRDA:371,54,5,0
BRDA:371,54,6,0
BRDA:371,54,7,0
BRDA:371,54,8,0
BRDA:371,54,9,0
BRDA:371,54,10,0
BRDA:401,55,0,0
BRDA:401,55,1,0
BRDA:414,56,0,0
BRDA:414,56,1,0
BRDA:425,57,0,0
BRDA:428,58,0,0
BRDA:428,58,1,0
BRDA:437,59,0,0
BRDA:437,59,1,0
BRDA:514,60,0,0
BRDA:514,60,1,0
BRDA:519,61,0,0
BRDA:519,61,1,0
BRDA:532,62,0,0
BRDA:532,62,1,0
BRDA:534,63,0,0
BRDA:534,63,1,0
BRDA:552,64,0,0
BRDA:552,64,1,0
BRDA:552,64,2,0
BRDA:556,65,0,0
BRDA:556,65,1,0
BRF:147
BRH:0
end_of_record
TN:
SF:services/OutgoingWebhookService.js
FN:20,(anonymous_0)
FN:29,(anonymous_1)
FN:34,(anonymous_2)
FN:38,(anonymous_3)
FN:43,(anonymous_4)
FN:52,(anonymous_5)
FN:70,(anonymous_6)
FN:100,(anonymous_7)
FN:162,(anonymous_8)
FN:176,(anonymous_9)
FN:194,(anonymous_10)
FN:303,(anonymous_11)
FN:384,(anonymous_12)
FN:448,(anonymous_13)
FN:475,(anonymous_14)
FN:492,(anonymous_15)
FN:494,(anonymous_16)
FN:509,(anonymous_17)
FN:527,(anonymous_18)
FN:537,(anonymous_19)
FN:540,(anonymous_20)
FN:553,(anonymous_21)
FN:573,(anonymous_22)
FN:586,(anonymous_23)
FN:619,(anonymous_24)
FNF:25
FNH:0
FNDA:0,(anonymous_0)
FNDA:0,(anonymous_1)
FNDA:0,(anonymous_2)
FNDA:0,(anonymous_3)
FNDA:0,(anonymous_4)
FNDA:0,(anonymous_5)
FNDA:0,(anonymous_6)
FNDA:0,(anonymous_7)
FNDA:0,(anonymous_8)
FNDA:0,(anonymous_9)
FNDA:0,(anonymous_10)
FNDA:0,(anonymous_11)
FNDA:0,(anonymous_12)
FNDA:0,(anonymous_13)
FNDA:0,(anonymous_14)
FNDA:0,(anonymous_15)
FNDA:0,(anonymous_16)
FNDA:0,(anonymous_17)
FNDA:0,(anonymous_18)
FNDA:0,(anonymous_19)
FNDA:0,(anonymous_20)
FNDA:0,(anonymous_21)
FNDA:0,(anonymous_22)
FNDA:0,(anonymous_23)
FNDA:0,(anonymous_24)
DA:21,0
DA:22,0
DA:23,0
DA:26,0
DA:29,0
DA:33,0
DA:35,0
DA:36,0
DA:38,0
DA:42,0
DA:44,0
DA:45,0
DA:50,0
DA:53,0
DA:54,0
DA:55,0
DA:62,0
DA:71,0
DA:73,0
DA:75,0
DA:78,0
DA:80,0
DA:81,0
DA:85,0
DA:89,0
DA:101,0
DA:109,0
DA:112,0
DA:113,0
DA:118,0
DA:120,0
DA:127,0
DA:133,0
DA:134,0
DA:139,0
DA:143,0
DA:144,0
DA:145,0
DA:158,0
DA:161,0
DA:162,0
DA:163,0
DA:171,0
DA:176,0
DA:179,0
DA:182,0
DA:187,0
DA:195,0
DA:202,0
DA:205,0
DA:217,0
DA:218,0
DA:225,0
DA:236,0
DA:237,0
DA:241,0
DA:244,0
DA:269,0
DA:271,0
DA:278,0
DA:282,0
DA:283,0
DA:287,0
DA:292,0
DA:296,0
DA:304,0
DA:305,0
DA:308,0
DA:309,0
DA:310,0
DA:314,0
DA:315,0
DA:316,0
DA:320,0
DA:321,0
DA:322,0
DA:326,0
DA:327,0
DA:331,0
DA:332,0
DA:336,0
DA:339,0
DA:342,0
DA:349,0
DA:358,0
DA:361,0
DA:367,0
DA:374,0
DA:377,0
DA:385,0
DA:386,0
DA:387,0
DA:390,0
DA:397,0
DA:399,0
DA:401,0
DA:404,0
DA:406,0
DA:416,0
DA:422,0
DA:431,0
DA:434,0
DA:437,0
DA:441,0
DA:450,0
DA:454,0
DA:458,0
DA:459,0
DA:463,0
DA:464,0
DA:465,0
DA:469,0
DA:477,0
DA:480,0
DA:483,0
DA:484,0
DA:486,0
DA:494,0
DA:495,0
DA:497,0
DA:499,0
DA:500,0
DA:505,0
DA:506,0
DA:507,0
DA:508,0
DA:509,0
DA:514,0
DA:521,0
DA:529,0
DA:530,0
DA:531,0
DA:532,0
DA:533,0
DA:535,0
DA:537,0
DA:538,0
DA:540,0
DA:541,0
DA:545,0
DA:554,0
DA:555,0
DA:557,0
DA:561,0
DA:563,0
DA:566,0
DA:575,0
DA:587,0
DA:588,0
DA:589,0
DA:593,0
DA:595,0
DA:606,0
DA:609,0
DA:612,0
DA:620,0
DA:622,0
DA:623,0
DA:624,0
DA:627,0
LF:160
LH:0
BRDA:29,0,0,0
BRDA:29,0,1,0
BRDA:53,1,0,0
BRDA:53,1,1,0
BRDA:71,2,0,0
BRDA:71,2,1,0
BRDA:100,3,0,0
BRDA:106,4,0,0
BRDA:107,5,0,0
BRDA:108,6,0,0
BRDA:112,7,0,0
BRDA:112,7,1,0
BRDA:112,8,0,0
BRDA:112,8,1,0
BRDA:118,9,0,0
BRDA:118,9,1,0
BRDA:133,10,0,0
BRDA:133,10,1,0
BRDA:161,11,0,0
BRDA:161,11,1,0
BRDA:199,12,0,0
BRDA:201,13,0,0
BRDA:211,14,0,0
BRDA:211,14,1,0
BRDA:212,15,0,0
BRDA:212,15,1,0
BRDA:236,16,0,0
BRDA:236,16,1,0
BRDA:241,17,0,0
BRDA:241,17,1,0
BRDA:252,18,0,0
BRDA:252,18,1,0
BRDA:257,19,0,0
BRDA:257,19,1,0
BRDA:282,20,0,0
BRDA:282,20,1,0
BRDA:282,21,0,0
BRDA:282,21,1,0
BRDA:308,22,0,0
BRDA:308,22,1,0
BRDA:314,23,0,0
BRDA:314,23,1,0
BRDA:320,24,0,0
BRDA:320,24,1,0
BRDA:326,25,0,0
BRDA:326,25,1,0
BRDA:326,26,0,0
BRDA:326,26,1,0
BRDA:387,27,0,0
BRDA:387,27,1,0
BRDA:392,28,0,0
BRDA:392,28,1,0
BRDA:392,28,2,0
BRDA:399,29,0,0
BRDA:399,29,1,0
BRDA:399,30,0,0
BRDA:399,30,1,0
BRDA:416,31,0,0
BRDA:416,31,1,0
BRDA:427,32,0,0
BRDA:427,32,1,0
BRDA:450,33,0,0
BRDA:450,33,1,0
BRDA:450,34,0,0
BRDA:450,34,1,0
BRDA:450,34,2,0
BRDA:450,34,3,0
BRDA:458,35,0,0
BRDA:458,35,1,0
BRDA:458,36,0,0
BRDA:458,36,1,0
BRDA:464,37,0,0
BRDA:464,37,1,0
BRDA:464,38,0,0
BRDA:464,38,1,0
BRDA:475,39,0,0
BRDA:475,40,0,0
BRDA:499,41,0,0
BRDA:499,41,1,0
BRDA:532,42,0,0
BRDA:532,42,1,0
BRDA:586,43,0,0
BRDA:586,44,0,0
BRDA:588,45,0,0
BRDA:588,45,1,0
BRDA:622,46,0,0
BRDA:622,46,1,0
BRF:87
BRH:0
end_of_record
TN:
SF:services/PayTrService.js
FN:5,(anonymous_0)
FN:102,(anonymous_1)
FNF:2
FNH:0
FNDA:0,(anonymous_0)
FNDA:0,(anonymous_1)
DA:5,0
DA:6,0
DA:7,0
DA:8,0
DA:9,0
DA:10,0
DA:20,0
DA:22,0
DA:23,0
DA:24,0
DA:25,0
DA:26,0
DA:27,0
DA:28,0
DA:29,0
DA:30,0
DA:33,0
DA:34,0
DA:37,0
DA:40,0
DA:64,0
DA:72,0
DA:75,0
DA:76,0
DA:78,0
DA:88,0
DA:89,0
DA:90,0
DA:92,0
DA:95,0
DA:98,0
DA:102,0
DA:103,0
DA:105,0
DA:106,0
DA:107,0
DA:109,0
DA:110,0
DA:117,0
DA:118,0
DA:120,0
LF:41
LH:0
BRDA:10,0,0,0
BRDA:10,0,1,0
BRDA:117,1,0,0
BRDA:117,1,1,0
BRF:4
BRH:0
end_of_record
TN:
SF:services/RateLimiter.js
FN:12,(anonymous_0)
FN:29,(anonymous_1)
FN:45,(anonymous_2)
FN:61,(anonymous_3)
FN:76,(anonymous_4)
FN:91,(anonymous_5)
FN:106,(anonymous_6)
FNF:7
FNH:0
FNDA:0,(anonymous_0)
FNDA:0,(anonymous_1)
FNDA:0,(anonymous_2)
FNDA:0,(anonymous_3)
FNDA:0,(anonymous_4)
FNDA:0,(anonymous_5)
FNDA:0,(anonymous_6)
DA:13,0
DA:30,0
DA:46,0
DA:62,0
DA:77,0
DA:92,0
DA:107,0
LF:7
LH:0
BRDA:12,0,0,0
BRDA:12,1,0,0
BRF:2
BRH:0
end_of_record
TN:
SF:services/RetryService.js
FN:19,(anonymous_0)
FN:42,(anonymous_1)
FN:73,(anonymous_2)
FN:87,(anonymous_3)
FN:120,(anonymous_4)
FN:139,(anonymous_5)
FN:166,(anonymous_6)
FN:187,(anonymous_7)
FN:206,(anonymous_8)
FN:227,(anonymous_9)
FN:264,(anonymous_10)
FN:292,(anonymous_11)
FN:376,(anonymous_12)
FN:536,(anonymous_13)
FN:602,(anonymous_14)
FN:626,(anonymous_15)
FN:643,(anonymous_16)
FN:656,(anonymous_17)
FN:657,(anonymous_18)
FN:664,(anonymous_19)
FN:689,(anonymous_20)
FN:691,(anonymous_21)
FN:708,(anonymous_22)
FN:784,(anonymous_23)
FNF:24
FNH:0
FNDA:0,(anonymous_0)
FNDA:0,(anonymous_1)
FNDA:0,(anonymous_2)
FNDA:0,(anonymous_3)
FNDA:0,(anonymous_4)
FNDA:0,(anonymous_5)
FNDA:0,(anonymous_6)
FNDA:0,(anonymous_7)
FNDA:0,(anonymous_8)
FNDA:0,(anonymous_9)
FNDA:0,(anonymous_10)
FNDA:0,(anonymous_11)
FNDA:0,(anonymous_12)
FNDA:0,(anonymous_13)
FNDA:0,(anonymous_14)
FNDA:0,(anonymous_15)
FNDA:0,(anonymous_16)
FNDA:0,(anonymous_17)
FNDA:0,(anonymous_18)
FNDA:0,(anonymous_19)
FNDA:0,(anonymous_20)
FNDA:0,(anonymous_21)
FNDA:0,(anonymous_22)
FNDA:0,(anonymous_23)
DA:20,0
DA:23,0
DA:24,0
DA:25,0
DA:28,0
DA:29,0
DA:30,0
DA:32,0
DA:33,0
DA:35,0
DA:43,0
DA:45,0
DA:47,0
DA:48,0
DA:52,0
DA:55,0
DA:57,0
DA:58,0
DA:62,0
DA:66,0
DA:74,0
DA:75,0
DA:76,0
DA:78,0
DA:88,0
DA:89,0
DA:90,0
DA:93,0
DA:95,0
DA:98,0
DA:103,0
DA:108,0
DA:113,0
DA:121,0
DA:122,0
DA:125,0
DA:126,0
DA:128,0
DA:132,0
DA:140,0
DA:141,0
DA:142,0
DA:145,0
DA:147,0
DA:150,0
DA:152,0
DA:154,0
DA:159,0
DA:167,0
DA:168,0
DA:169,0
DA:172,0
DA:173,0
DA:174,0
DA:176,0
DA:180,0
DA:188,0
DA:189,0
DA:192,0
DA:193,0
DA:195,0
DA:199,0
DA:207,0
DA:208,0
DA:209,0
DA:212,0
DA:213,0
DA:214,0
DA:216,0
DA:220,0
DA:228,0
DA:229,0
DA:230,0
DA:231,0
DA:232,0
DA:233,0
DA:236,0
DA:239,0
DA:240,0
DA:242,0
DA:249,0
DA:251,0
DA:254,0
DA:265,0
DA:266,0
DA:267,0
DA:270,0
DA:273,0
DA:276,0
DA:277,0
DA:279,0
DA:286,0
DA:293,0
DA:295,0
DA:298,0
DA:299,0
DA:307,0
DA:317,0
DA:320,0
DA:321,0
DA:323,0
DA:337,0
DA:340,0
DA:346,0
DA:355,0
DA:363,0
DA:369,0
DA:377,0
DA:378,0
DA:379,0
DA:380,0
DA:384,0
DA:385,0
DA:386,0
DA:387,0
DA:390,0
DA:392,0
DA:393,0
DA:395,0
DA:397,0
DA:406,0
DA:410,0
DA:412,0
DA:413,0
DA:415,0
DA:417,0
DA:420,0
DA:421,0
DA:427,0
DA:429,0
DA:432,0
DA:433,0
DA:438,0
DA:440,0
DA:443,0
DA:447,0
DA:449,0
DA:450,0
DA:452,0
DA:459,0
DA:467,0
DA:471,0
DA:472,0
DA:475,0
DA:477,0
DA:486,0
DA:491,0
DA:503,0
DA:504,0
DA:506,0
DA:513,0
DA:514,0
DA:522,0
DA:537,0
DA:539,0
DA:565,0
DA:568,0
DA:574,0
DA:576,0
DA:584,0
DA:591,0
DA:595,0
DA:603,0
DA:604,0
DA:606,0
DA:614,0
DA:628,0
DA:629,0
DA:630,0
DA:633,0
DA:634,0
DA:637,0
DA:646,0
DA:657,0
DA:658,0
DA:660,0
DA:662,0
DA:664,0
DA:665,0
DA:672,0
DA:673,0
DA:678,0
DA:691,0
DA:692,0
DA:693,0
DA:694,0
DA:698,0
DA:709,0
DA:717,0
DA:719,0
DA:720,0
DA:722,0
DA:723,0
DA:734,0
DA:735,0
DA:743,0
DA:744,0
DA:745,0
DA:748,0
DA:749,0
DA:750,0
DA:751,0
DA:752,0
DA:765,0
DA:766,0
DA:767,0
DA:772,0
DA:778,0
DA:785,0
DA:786,0
DA:787,0
DA:788,0
DA:792,0
DA:795,0
DA:803,0
DA:805,0
DA:809,0
LF:217
LH:0
BRDA:32,0,0,0
BRDA:32,0,1,0
BRDA:43,1,0,0
BRDA:43,1,1,0
BRDA:47,2,0,0
BRDA:47,2,1,0
BRDA:88,3,0,0
BRDA:88,3,1,0
BRDA:121,4,0,0
BRDA:121,4,1,0
BRDA:140,5,0,0
BRDA:140,5,1,0
BRDA:167,6,0,0
BRDA:167,6,1,0
BRDA:188,7,0,0
BRDA:188,7,1,0
BRDA:207,8,0,0
BRDA:207,8,1,0
BRDA:227,9,0,0
BRDA:228,10,0,0
BRDA:228,10,1,0
BRDA:232,11,0,0
BRDA:232,11,1,0
BRDA:232,12,0,0
BRDA:232,12,1,0
BRDA:232,12,2,0
BRDA:264,13,0,0
BRDA:265,14,0,0
BRDA:265,14,1,0
BRDA:266,15,0,0
BRDA:266,15,1,0
BRDA:267,16,0,0
BRDA:267,16,1,0
BRDA:292,17,0,0
BRDA:298,18,0,0
BRDA:298,18,1,0
BRDA:378,19,0,0
BRDA:378,19,1,0
BRDA:385,20,0,0
BRDA:385,20,1,0
BRDA:410,21,0,0
BRDA:410,21,1,0
BRDA:410,21,2,0
BRDA:410,21,3,0
BRDA:412,22,0,0
BRDA:412,22,1,0
BRDA:420,23,0,0
BRDA:420,23,1,0
BRDA:432,24,0,0
BRDA:432,24,1,0
BRDA:447,25,0,0
BRDA:447,25,1,0
BRDA:456,26,0,0
BRDA:456,26,1,0
BRDA:475,27,0,0
BRDA:475,27,1,0
BRDA:513,28,0,0
BRDA:513,28,1,0
BRDA:545,29,0,0
BRDA:545,29,1,0
BRDA:546,30,0,0
BRDA:546,30,1,0
BRDA:551,31,0,0
BRDA:551,31,1,0
BRDA:556,32,0,0
BRDA:556,32,1,0
BRDA:557,33,0,0
BRDA:557,33,1,0
BRDA:607,34,0,0
BRDA:607,34,1,0
BRDA:608,35,0,0
BRDA:608,35,1,0
BRDA:609,36,0,0
BRDA:609,36,1,0
BRDA:628,37,0,0
BRDA:628,37,1,0
BRDA:629,38,0,0
BRDA:629,38,1,0
BRDA:629,39,0,0
BRDA:629,39,1,0
BRDA:630,40,0,0
BRDA:630,40,1,0
BRDA:633,41,0,0
BRDA:633,41,1,0
BRDA:634,42,0,0
BRDA:634,42,1,0
BRDA:672,43,0,0
BRDA:672,43,1,0
BRDA:717,44,0,0
BRDA:717,44,1,0
BRDA:751,45,0,0
BRDA:751,45,1,0
BRDA:787,46,0,0
BRDA:787,46,1,0
BRF:94
BRH:0
end_of_record
TN:
SF:services/SmsService.js
FN:9,(anonymous_0)
FN:20,(anonymous_1)
FN:40,(anonymous_2)
FN:74,(anonymous_3)
FN:103,(anonymous_4)
FN:132,(anonymous_5)
FN:155,(anonymous_6)
FN:167,(anonymous_7)
FN:178,(anonymous_8)
FN:190,(anonymous_9)
FNF:10
FNH:0
FNDA:0,(anonymous_0)
FNDA:0,(anonymous_1)
FNDA:0,(anonymous_2)
FNDA:0,(anonymous_3)
FNDA:0,(anonymous_4)
FNDA:0,(anonymous_5)
FNDA:0,(anonymous_6)
FNDA:0,(anonymous_7)
FNDA:0,(anonymous_8)
FNDA:0,(anonymous_9)
DA:10,0
DA:11,0
DA:12,0
DA:13,0
DA:14,0
DA:21,0
DA:22,0
DA:23,0
DA:26,0
DA:27,0
DA:28,0
DA:31,0
DA:41,0
DA:42,0
DA:43,0
DA:52,0
DA:55,0
DA:56,0
DA:57,0
DA:59,0
DA:60,0
DA:63,0
DA:64,0
DA:75,0
DA:76,0
DA:84,0
DA:85,0
DA:86,0
DA:88,0
DA:89,0
DA:92,0
DA:93,0
DA:104,0
DA:105,0
DA:106,0
DA:109,0
DA:110,0
DA:114,0
DA:116,0
DA:118,0
DA:120,0
DA:122,0
DA:123,0
DA:134,0
DA:137,0
DA:138,0
DA:139,0
DA:140,0
DA:141,0
DA:142,0
DA:146,0
DA:156,0
DA:157,0
DA:168,0
DA:169,0
DA:179,0
DA:180,0
DA:181,0
DA:191,0
DA:192,0
DA:196,0
DA:197,0
LF:62
LH:0
BRDA:10,0,0,0
BRDA:10,0,1,0
BRDA:13,1,0,0
BRDA:13,1,1,0
BRDA:21,2,0,0
BRDA:21,2,1,0
BRDA:26,3,0,0
BRDA:26,3,1,0
BRDA:26,4,0,0
BRDA:26,4,1,0
BRDA:45,5,0,0
BRDA:45,5,1,0
BRDA:55,6,0,0
BRDA:55,6,1,0
BRDA:78,7,0,0
BRDA:78,7,1,0
BRDA:84,8,0,0
BRDA:84,8,1,0
BRDA:104,9,0,0
BRDA:104,9,1,0
BRDA:109,10,0,0
BRDA:109,10,1,0
BRDA:109,11,0,0
BRDA:109,11,1,0
BRDA:116,12,0,0
BRDA:116,12,1,0
BRDA:116,12,2,0
BRDA:137,13,0,0
BRDA:137,13,1,0
BRDA:139,14,0,0
BRDA:139,14,1,0
BRDA:141,15,0,0
BRDA:141,15,1,0
BRDA:156,16,0,0
BRDA:156,16,1,0
BRDA:179,17,0,0
BRDA:179,17,1,0
BRF:37
BRH:0
end_of_record
TN:
SF:utils/encryption.js
FN:12,(anonymous_0)
FN:28,(anonymous_1)
FN:54,(anonymous_2)
FN:69,(anonymous_3)
FN:130,(anonymous_4)
FN:184,(anonymous_5)
FN:192,(anonymous_6)
FN:218,(anonymous_7)
FN:226,(anonymous_8)
FN:236,(anonymous_9)
FNF:10
FNH:0
FNDA:0,(anonymous_0)
FNDA:0,(anonymous_1)
FNDA:0,(anonymous_2)
FNDA:0,(anonymous_3)
FNDA:0,(anonymous_4)
FNDA:0,(anonymous_5)
FNDA:0,(anonymous_6)
FNDA:0,(anonymous_7)
FNDA:0,(anonymous_8)
FNDA:0,(anonymous_9)
DA:13,0
DA:14,0
DA:15,0
DA:16,0
DA:17,0
DA:18,0
DA:19,0
DA:22,0
DA:29,0
DA:31,0
DA:32,0
DA:33,0
DA:34,0
DA:37,0
DA:38,0
DA:39,0
DA:40,0
DA:44,0
DA:45,0
DA:48,0
DA:55,0
DA:70,0
DA:71,0
DA:75,0
DA:76,0
DA:79,0
DA:80,0
DA:83,0
DA:84,0
DA:87,0
DA:90,0
DA:93,0
DA:94,0
DA:97,0
DA:100,0
DA:108,0
DA:114,0
DA:117,0
DA:121,0
DA:131,0
DA:132,0
DA:136,0
DA:137,0
DA:138,0
DA:141,0
DA:142,0
DA:145,0
DA:146,0
DA:147,0
DA:150,0
DA:153,0
DA:154,0
DA:155,0
DA:158,0
DA:161,0
DA:162,0
DA:165,0
DA:166,0
DA:168,0
DA:170,0
DA:173,0
DA:177,0
DA:185,0
DA:193,0
DA:195,0
DA:196,0
DA:198,0
DA:201,0
DA:204,0
DA:207,0
DA:210,0
DA:219,0
DA:227,0
DA:237,0
DA:239,0
DA:240,0
DA:245,0
DA:251,0
LF:78
LH:0
BRDA:31,0,0,0
BRDA:31,0,1,0
BRDA:37,1,0,0
BRDA:37,1,1,0
BRDA:44,2,0,0
BRDA:44,2,1,0
BRDA:70,3,0,0
BRDA:70,3,1,0
BRDA:75,4,0,0
BRDA:75,4,1,0
BRDA:75,5,0,0
BRDA:75,5,1,0
BRDA:131,6,0,0
BRDA:131,6,1,0
BRDA:136,7,0,0
BRDA:136,7,1,0
BRDA:146,8,0,0
BRDA:146,8,1,0
BRDA:185,9,0,0
BRDA:185,9,1,0
BRDA:218,10,0,0
BRDA:226,11,0,0
BRDA:236,12,0,0
BRF:23
BRH:0
end_of_record
TN:
SF:utils/logger.js
FN:19,(anonymous_0)
FN:62,(anonymous_1)
FN:69,(anonymous_2)
FN:73,(anonymous_3)
FN:77,(anonymous_4)
FNF:5
FNH:4
FNDA:0,(anonymous_0)
FNDA:1,(anonymous_1)
FNDA:1,(anonymous_2)
FNDA:1,(anonymous_3)
FNDA:1,(anonymous_4)
DA:10,3
DA:17,3
DA:20,0
DA:21,0
DA:22,0
DA:24,0
DA:28,3
DA:50,3
DA:51,3
DA:62,3
DA:63,1
DA:69,3
DA:70,1
DA:73,3
DA:74,1
DA:77,3
DA:78,1
LF:17
LH:13
BRDA:21,0,0,0
BRDA:21,0,1,0
BRDA:29,1,0,3
BRDA:29,1,1,3
BRDA:50,2,0,3
BRDA:50,2,1,0
BRDA:62,3,0,0
BRDA:69,4,0,0
BRDA:73,5,0,0
BRF:9
BRH:3
end_of_record
TN:
SF:utils/sentry.js
FN:9,(anonymous_0)
FN:28,(anonymous_1)
FN:41,(anonymous_2)
FN:52,(anonymous_3)
FN:65,(anonymous_4)
FNF:5
FNH:0
FNDA:0,(anonymous_0)
FNDA:0,(anonymous_1)
FNDA:0,(anonymous_2)
FNDA:0,(anonymous_3)
FNDA:0,(anonymous_4)
DA:9,0
DA:10,0
DA:11,0
DA:12,0
DA:15,0
DA:22,0
DA:28,0
DA:29,0
DA:30,0
DA:41,0
DA:42,0
DA:43,0
DA:52,0
DA:53,0
DA:54,0
DA:65,0
DA:66,0
DA:67,0
LF:18
LH:0
BRDA:10,0,0,0
BRDA:10,0,1,0
BRDA:17,1,0,0
BRDA:17,1,1,0
BRDA:18,2,0,0
BRDA:18,2,1,0
BRDA:19,3,0,0
BRDA:19,3,1,0
BRDA:28,4,0,0
BRDA:29,5,0,0
BRDA:29,5,1,0
BRDA:41,6,0,0
BRDA:42,7,0,0
BRDA:42,7,1,0
BRDA:53,8,0,0
BRDA:53,8,1,0
BRDA:55,9,0,0
BRDA:55,9,1,0
BRDA:57,10,0,0
BRDA:57,10,1,0
BRDA:65,11,0,0
BRDA:65,12,0,0
BRDA:66,13,0,0
BRDA:66,13,1,0
BRF:24
BRH:0
end_of_record
TN:
SF:utils/webhookSecurity.js
FN:20,(anonymous_0)
FN:63,(anonymous_1)
FN:122,(anonymous_2)
FN:150,(anonymous_3)
FN:182,(anonymous_4)
FN:197,(anonymous_5)
FN:222,(anonymous_6)
FN:233,(anonymous_7)
FN:247,(anonymous_8)
FN:264,(anonymous_9)
FN:266,(anonymous_10)
FNF:11
FNH:0
FNDA:0,(anonymous_0)
FNDA:0,(anonymous_1)
FNDA:0,(anonymous_2)
FNDA:0,(anonymous_3)
FNDA:0,(anonymous_4)
FNDA:0,(anonymous_5)
FNDA:0,(anonymous_6)
FNDA:0,(anonymous_7)
FNDA:0,(anonymous_8)
FNDA:0,(anonymous_9)
FNDA:0,(anonymous_10)
DA:21,0
DA:22,0
DA:23,0
DA:24,0
DA:28,0
DA:31,0
DA:34,0
DA:40,0
DA:45,0
DA:49,0
DA:67,0
DA:70,0
DA:73,0
DA:74,0
DA:81,0
DA:82,0
DA:85,0
DA:86,0
DA:97,0
DA:98,0
DA:108,0
DA:123,0
DA:124,0
DA:125,0
DA:130,0
DA:132,0
DA:135,0
DA:152,0
DA:153,0
DA:154,0
DA:158,0
DA:159,0
DA:160,0
DA:168,0
DA:183,0
DA:198,0
DA:199,0
DA:200,0
DA:203,0
DA:204,0
DA:207,0
DA:212,0
DA:223,0
DA:234,0
DA:248,0
DA:265,0
DA:266,0
DA:268,0
DA:269,0
DA:276,0
LF:50
LH:0
BRDA:22,0,0,0
BRDA:22,0,1,0
BRDA:22,1,0,0
BRDA:22,1,1,0
BRDA:22,1,2,0
BRDA:22,1,3,0
BRDA:63,2,0,0
BRDA:65,3,0,0
BRDA:66,4,0,0
BRDA:73,5,0,0
BRDA:73,5,1,0
BRDA:73,6,0,0
BRDA:73,6,1,0
BRDA:85,7,0,0
BRDA:85,7,1,0
BRDA:97,8,0,0
BRDA:97,8,1,0
BRDA:150,9,0,0
BRDA:153,10,0,0
BRDA:153,10,1,0
BRDA:159,11,0,0
BRDA:159,11,1,0
BRDA:199,12,0,0
BRDA:199,12,1,0
BRDA:199,13,0,0
BRDA:199,13,1,0
BRDA:203,14,0,0
BRDA:203,14,1,0
BRDA:222,15,0,0
BRDA:249,16,0,0
BRDA:249,16,1,0
BRDA:249,16,2,0
BRDA:250,17,0,0
BRDA:250,17,1,0
BRDA:250,17,2,0
BRDA:251,18,0,0
BRDA:251,18,1,0
BRDA:251,18,2,0
BRDA:252,19,0,0
BRDA:252,19,1,0
BRDA:252,19,2,0
BRDA:253,20,0,0
BRDA:253,20,1,0
BRDA:268,21,0,0
BRDA:268,21,1,0
BRF:45
BRH:0
end_of_record
